<?xml version="1.0" encoding="utf-8"?>
<TestRun id="5a8cbb26-5689-48cd-9b84-116ebc0a0476" name="nikit@SURFACE-LT 2026-07-19 14:37:01" runUser="SURFACE-LT\nikit" xmlns="http://microsoft.com/schemas/VisualStudio/TeamTest/2010">
  <Times creation="2026-07-19T14:37:01.5918160+05:00" queuing="2026-07-19T14:37:01.5918161+05:00" start="2026-07-19T14:36:56.9130515+05:00" finish="2026-07-19T14:37:03.0291481+05:00" />
  <TestSettings name="default" id="ecd96f28-fc91-4705-a44f-c2f6269855bb">
    <Deployment runDeploymentRoot="nikit_SURFACE-LT_2026-07-19_14_37_01" />
  </TestSettings>
  <Results>
    <UnitTestResult executionId="c173fe81-a603-4772-8425-0090a8c3fb47" testId="5d7abcc1-e58e-24b4-0ecf-26353240ffea" testName="Deep.Client.Shared.Tests.Persistence.TransportOutboxRepositoryContractTests.ScopePurgeAndAccountPurgeRemoveOutboxWithoutCrossScopeLeak(sqlite: False)" computerName="SURFACE-LT" duration="00:00:00.0055598" startTime="2026-07-19T14:37:01.5800325+05:00" endTime="2026-07-19T14:37:01.5852076+05:00" testType="13cdc9d9-ddb5-4fa4-a97d-d965ccfc6d4b" outcome="Passed" testListId="8c84fa94-04c1-424b-9868-57a2d4851a1d" relativeResultsDirectory="c173fe81-a603-4772-8425-0090a8c3fb47" />
    <UnitTestResult executionId="d4fa419e-b49f-4d71-b089-d29ba15327b8" testId="42cfd801-fb0d-ee29-1f28-20f6126fd42a" testName="Deep.Client.Shared.Tests.Persistence.TransportOutboxRepositoryContractTests.SqliteRejectsOversizedAttemptEvidenceBeforeReadingIt" computerName="SURFACE-LT" duration="00:00:00.0338013" startTime="2026-07-19T14:37:01.8184731+05:00" endTime="2026-07-19T14:37:01.8503241+05:00" testType="13cdc9d9-ddb5-4fa4-a97d-d965ccfc6d4b" outcome="Passed" testListId="8c84fa94-04c1-424b-9868-57a2d4851a1d" relativeResultsDirectory="d4fa419e-b49f-4d71-b089-d29ba15327b8" />
    <UnitTestResult executionId="3f4275b1-f97a-4d68-a388-67b2bfa949e3" testId="5ff985e3-a152-f769-ec46-c84eff577028" testName="Deep.Client.Shared.Tests.Persistence.TransportOutboxRepositoryContractTests.RestartAtEveryTransitionPreservesMonotonicState(sqlite: False)" computerName="SURFACE-LT" duration="00:00:00.1057979" startTime="2026-07-19T14:37:01.2325749+05:00" endTime="2026-07-19T14:37:01.3284057+05:00" testType="13cdc9d9-ddb5-4fa4-a97d-d965ccfc6d4b" outcome="Passed" testListId="8c84fa94-04c1-424b-9868-57a2d4851a1d" relativeResultsDirectory="3f4275b1-f97a-4d68-a388-67b2bfa949e3" />
    <UnitTestResult executionId="729458ab-29bb-492d-8370-21bf6ddb440c" testId="add3309e-d84c-cf4d-6767-d8af253ca779" testName="Deep.Client.Shared.Tests.Persistence.TransportOutboxContractRedTests.OpaqueIdentifiersAndTransitionReasonsFailClosed" computerName="SURFACE-LT" duration="00:00:00.0063070" startTime="2026-07-19T14:37:01.2318260+05:00" endTime="2026-07-19T14:37:01.2330586+05:00" testType="13cdc9d9-ddb5-4fa4-a97d-d965ccfc6d4b" outcome="Passed" testListId="8c84fa94-04c1-424b-9868-57a2d4851a1d" relativeResultsDirectory="729458ab-29bb-492d-8370-21bf6ddb440c" />
    <UnitTestResult executionId="50707627-9ebf-4bc2-b7b5-1a943c0ca1e6" testId="42247b04-54b6-3790-6faa-8e777d50dd2d" testName="Deep.Client.Shared.Tests.Persistence.TransportOutboxRepositoryContractTests.AttemptCountIsStrictlyBounded(sqlite: True)" computerName="SURFACE-LT" duration="00:00:00.1111303" startTime="2026-07-19T14:37:01.6658924+05:00" endTime="2026-07-19T14:37:01.7763034+05:00" testType="13cdc9d9-ddb5-4fa4-a97d-d965ccfc6d4b" outcome="Passed" testListId="8c84fa94-04c1-424b-9868-57a2d4851a1d" relativeResultsDirectory="50707627-9ebf-4bc2-b7b5-1a943c0ca1e6" />
    <UnitTestResult executionId="8650ab7e-39c7-49e9-96ea-94527c1924c4" testId="ce71b5ea-bc9f-918b-455f-37f2f759a082" testName="Deep.Client.Shared.Tests.Persistence.TransportOutboxRepositoryContractTests.SqliteMigratesPopulatedV7WithoutTouchingExistingRowsAndRejectsNewerSchema" computerName="SURFACE-LT" duration="00:00:00.0373300" startTime="2026-07-19T14:37:01.8901396+05:00" endTime="2026-07-19T14:37:01.9267523+05:00" testType="13cdc9d9-ddb5-4fa4-a97d-d965ccfc6d4b" outcome="Passed" testListId="8c84fa94-04c1-424b-9868-57a2d4851a1d" relativeResultsDirectory="8650ab7e-39c7-49e9-96ea-94527c1924c4" />
    <UnitTestResult executionId="0b31b435-5925-4a00-b55f-c194715a3659" testId="95c970bc-f569-379b-0f51-58e815639570" testName="Deep.Client.Shared.Tests.Persistence.TransportOutboxRepositoryContractTests.SimultaneousAttemptSuccessAdvancesOneLogicalDurableState(sqlite: False)" computerName="SURFACE-LT" duration="00:00:00.0165348" startTime="2026-07-19T14:37:01.4884978+05:00" endTime="2026-07-19T14:37:01.5054499+05:00" testType="13cdc9d9-ddb5-4fa4-a97d-d965ccfc6d4b" outcome="Passed" testListId="8c84fa94-04c1-424b-9868-57a2d4851a1d" relativeResultsDirectory="0b31b435-5925-4a00-b55f-c194715a3659" />
    <UnitTestResult executionId="27cddd0d-5535-4e8e-8b99-2148a1fdabbd" testId="63b46b2c-7d1f-9cd7-5150-c7ba625e5f12" testName="Deep.Client.Shared.Tests.Persistence.TransportOutboxRepositoryContractTests.SimultaneousAttemptSuccessAdvancesOneLogicalDurableState(sqlite: True)" computerName="SURFACE-LT" duration="00:00:00.0422406" startTime="2026-07-19T14:37:01.5062721+05:00" endTime="2026-07-19T14:37:01.5491109+05:00" testType="13cdc9d9-ddb5-4fa4-a97d-d965ccfc6d4b" outcome="Passed" testListId="8c84fa94-04c1-424b-9868-57a2d4851a1d" relativeResultsDirectory="27cddd0d-5535-4e8e-8b99-2148a1fdabbd" />
    <UnitTestResult executionId="21d644e0-f5c0-43f4-a9fa-58d5a269107f" testId="ce3823bc-54f4-6169-dfba-f988c9ec0338" testName="Deep.Client.Shared.Tests.Persistence.TransportOutboxRepositoryContractTests.DivergentReuseAndRegressionFailClosed(sqlite: False)" computerName="SURFACE-LT" duration="00:00:00.0026122" startTime="2026-07-19T14:37:01.5774011+05:00" endTime="2026-07-19T14:37:01.5795398+05:00" testType="13cdc9d9-ddb5-4fa4-a97d-d965ccfc6d4b" outcome="Passed" testListId="8c84fa94-04c1-424b-9868-57a2d4851a1d" relativeResultsDirectory="21d644e0-f5c0-43f4-a9fa-58d5a269107f" />
    <UnitTestResult executionId="cebc0170-3dba-4fb0-8f50-6983f8d745f0" testId="89635f20-d7dd-06a3-bfa6-383fac11ac6d" testName="Deep.Client.Shared.Tests.Persistence.TransportOutboxRepositoryContractTests.ReturnedBuffersAreDefensiveCopies(sqlite: False)" computerName="SURFACE-LT" duration="00:00:00.0029137" startTime="2026-07-19T14:37:01.6270652+05:00" endTime="2026-07-19T14:37:01.6302011+05:00" testType="13cdc9d9-ddb5-4fa4-a97d-d965ccfc6d4b" outcome="Passed" testListId="8c84fa94-04c1-424b-9868-57a2d4851a1d" relativeResultsDirectory="cebc0170-3dba-4fb0-8f50-6983f8d745f0" />
    <UnitTestResult executionId="efc5fd3e-92d5-4695-86d1-e019dbdf2574" testId="8af8e3b9-b5ed-4903-9efa-7fb006f259ee" testName="Deep.Client.Shared.Tests.Persistence.TransportOutboxRepositoryContractTests.CancellationBeforeAndFailureAfterDurablePointAreExplicit" computerName="SURFACE-LT" duration="00:00:00.0394430" startTime="2026-07-19T14:37:01.7772158+05:00" endTime="2026-07-19T14:37:01.8160743+05:00" testType="13cdc9d9-ddb5-4fa4-a97d-d965ccfc6d4b" outcome="Passed" testListId="8c84fa94-04c1-424b-9868-57a2d4851a1d" relativeResultsDirectory="efc5fd3e-92d5-4695-86d1-e019dbdf2574" />
    <UnitTestResult executionId="b080123f-023c-4e81-a294-a88e940fd9aa" testId="963d861e-ba56-3214-a6d7-d85485d8fe4a" testName="Deep.Client.Shared.Tests.Persistence.TransportOutboxRepositoryContractTests.ScopePurgeAndAccountPurgeRemoveOutboxWithoutCrossScopeLeak(sqlite: True)" computerName="SURFACE-LT" duration="00:00:00.0408136" startTime="2026-07-19T14:37:01.5857036+05:00" endTime="2026-07-19T14:37:01.6264544+05:00" testType="13cdc9d9-ddb5-4fa4-a97d-d965ccfc6d4b" outcome="Passed" testListId="8c84fa94-04c1-424b-9868-57a2d4851a1d" relativeResultsDirectory="b080123f-023c-4e81-a294-a88e940fd9aa" />
    <UnitTestResult executionId="72ca2324-7f59-408f-bfbc-4c94deb14713" testId="9a81bffb-2a35-adc3-52a6-579a5b490cd7" testName="Deep.Client.Shared.Tests.Persistence.TransportOutboxRepositoryContractTests.ExpiryAndRetryListingAreBoundedAndTerminal(sqlite: True)" computerName="SURFACE-LT" duration="00:00:00.0470485" startTime="2026-07-19T14:37:01.4311470+05:00" endTime="2026-07-19T14:37:01.4784107+05:00" testType="13cdc9d9-ddb5-4fa4-a97d-d965ccfc6d4b" outcome="Passed" testListId="8c84fa94-04c1-424b-9868-57a2d4851a1d" relativeResultsDirectory="72ca2324-7f59-408f-bfbc-4c94deb14713" />
    <UnitTestResult executionId="f0af8df1-12d2-4612-b7f9-df039fcdc933" testId="8a7668c8-9b5a-6a97-6623-4e5bd5bdd10d" testName="Deep.Client.Shared.Tests.Persistence.TransportOutboxRepositoryContractTests.DivergentReuseAndRegressionFailClosed(sqlite: True)" computerName="SURFACE-LT" duration="00:00:00.0273833" startTime="2026-07-19T14:37:01.5634215+05:00" endTime="2026-07-19T14:37:01.5768609+05:00" testType="13cdc9d9-ddb5-4fa4-a97d-d965ccfc6d4b" outcome="Passed" testListId="8c84fa94-04c1-424b-9868-57a2d4851a1d" relativeResultsDirectory="f0af8df1-12d2-4612-b7f9-df039fcdc933" />
    <UnitTestResult executionId="78ca08f7-c2f9-4f3d-89fa-a0425a25a066" testId="63372acf-65dd-5924-8814-a5871e5a16f9" testName="Deep.Client.Shared.Tests.Persistence.TransportOutboxRepositoryContractTests.SqliteRejectsOversizedPersistedBlobBeforeIdempotencyDecision" computerName="SURFACE-LT" duration="00:00:00.0378127" startTime="2026-07-19T14:37:01.8509452+05:00" endTime="2026-07-19T14:37:01.8895370+05:00" testType="13cdc9d9-ddb5-4fa4-a97d-d965ccfc6d4b" outcome="Passed" testListId="8c84fa94-04c1-424b-9868-57a2d4851a1d" relativeResultsDirectory="78ca08f7-c2f9-4f3d-89fa-a0425a25a066" />
    <UnitTestResult executionId="d92d2726-1a0c-45d2-b4fb-10b5f2df09ab" testId="5af73821-a6d3-6040-53e3-23df2110c55b" testName="Deep.Client.Shared.Tests.Persistence.TransportOutboxRepositoryContractTests.ExpiryAndRetryListingAreBoundedAndTerminal(sqlite: False)" computerName="SURFACE-LT" duration="00:00:00.0095107" startTime="2026-07-19T14:37:01.4790303+05:00" endTime="2026-07-19T14:37:01.4879970+05:00" testType="13cdc9d9-ddb5-4fa4-a97d-d965ccfc6d4b" outcome="Passed" testListId="8c84fa94-04c1-424b-9868-57a2d4851a1d" relativeResultsDirectory="d92d2726-1a0c-45d2-b4fb-10b5f2df09ab" />
    <UnitTestResult executionId="06aaadff-fa7e-4549-96af-c0f6441631a7" testId="15d6c088-fc1c-c957-23af-afad116c4c7f" testName="Deep.Client.Shared.Tests.Persistence.TransportOutboxContractRedTests.PreparedItemRequiresExplicitRecipientAckBeforeDelivered" computerName="SURFACE-LT" duration="00:00:00.0154687" startTime="2026-07-19T14:37:01.2420157+05:00" endTime="2026-07-19T14:37:01.2459312+05:00" testType="13cdc9d9-ddb5-4fa4-a97d-d965ccfc6d4b" outcome="Passed" testListId="8c84fa94-04c1-424b-9868-57a2d4851a1d" relativeResultsDirectory="06aaadff-fa7e-4549-96af-c0f6441631a7" />
    <UnitTestResult executionId="5522ac0d-9e15-42e1-bf56-30efb0798f13" testId="64a0a88b-176d-af41-2d07-bebe92d4e291" testName="Deep.Client.Shared.Tests.Persistence.TransportOutboxRepositoryContractTests.AttemptCountIsStrictlyBounded(sqlite: False)" computerName="SURFACE-LT" duration="00:00:00.0188229" startTime="2026-07-19T14:37:01.6466505+05:00" endTime="2026-07-19T14:37:01.6652495+05:00" testType="13cdc9d9-ddb5-4fa4-a97d-d965ccfc6d4b" outcome="Passed" testListId="8c84fa94-04c1-424b-9868-57a2d4851a1d" relativeResultsDirectory="5522ac0d-9e15-42e1-bf56-30efb0798f13" />
    <UnitTestResult executionId="2868eea8-ba9a-483b-b765-ef052ce30740" testId="47644d7e-79d5-22e2-6e49-99a79164d68b" testName="Deep.Client.Shared.Tests.Persistence.TransportOutboxRepositoryContractTests.RestartAtEveryTransitionPreservesMonotonicState(sqlite: True)" computerName="SURFACE-LT" duration="00:00:00.0979284" startTime="2026-07-19T14:37:01.3290523+05:00" endTime="2026-07-19T14:37:01.4300792+05:00" testType="13cdc9d9-ddb5-4fa4-a97d-d965ccfc6d4b" outcome="Passed" testListId="8c84fa94-04c1-424b-9868-57a2d4851a1d" relativeResultsDirectory="2868eea8-ba9a-483b-b765-ef052ce30740" />
    <UnitTestResult executionId="4cdc5798-1637-42cb-b5be-6f3facafe43f" testId="be134a15-8566-204f-638e-64440e9c294e" testName="Deep.Client.Shared.Tests.Persistence.TransportOutboxRepositoryContractTests.ReturnedBuffersAreDefensiveCopies(sqlite: True)" computerName="SURFACE-LT" duration="00:00:00.0162272" startTime="2026-07-19T14:37:01.6306166+05:00" endTime="2026-07-19T14:37:01.6460130+05:00" testType="13cdc9d9-ddb5-4fa4-a97d-d965ccfc6d4b" outcome="Passed" testListId="8c84fa94-04c1-424b-9868-57a2d4851a1d" relativeResultsDirectory="4cdc5798-1637-42cb-b5be-6f3facafe43f" />
    <UnitTestResult executionId="395ebaf3-3730-464e-84c6-d456093a9fa2" testId="1de6ba69-f48d-de7f-3124-d2dbc3a0f6fd" testName="Deep.Client.Shared.Tests.Persistence.TransportOutboxContractRedTests.OpaqueIdentifiersDoNotRenderTheirValue" computerName="SURFACE-LT" duration="00:00:00.0004842" startTime="2026-07-19T14:37:01.2474032+05:00" endTime="2026-07-19T14:37:01.2474575+05:00" testType="13cdc9d9-ddb5-4fa4-a97d-d965ccfc6d4b" outcome="Passed" testListId="8c84fa94-04c1-424b-9868-57a2d4851a1d" relativeResultsDirectory="395ebaf3-3730-464e-84c6-d456093a9fa2" />
  </Results>
  <TestDefinitions>
    <UnitTest name="Deep.Client.Shared.Tests.Persistence.TransportOutboxRepositoryContractTests.ReturnedBuffersAreDefensiveCopies(sqlite: True)" storage="c:\w\deep-survival\wave03\deep-client-shared-p11a\tests\deep.client.shared.tests\bin\debug\net10.0\deep.client.shared.tests.dll" id="be134a15-8566-204f-638e-64440e9c294e">
      <Execution id="4cdc5798-1637-42cb-b5be-6f3facafe43f" />
      <TestMethod codeBase="C:\W\deep-survival\wave03\deep-client-shared-p11a\tests\Deep.Client.Shared.Tests\bin\Debug\net10.0\Deep.Client.Shared.Tests.dll" adapterTypeName="executor://xunit/VsTestRunner3/netcore/" className="Deep.Client.Shared.Tests.Persistence.TransportOutboxRepositoryContractTests" name="ReturnedBuffersAreDefensiveCopies" />
    </UnitTest>
    <UnitTest name="Deep.Client.Shared.Tests.Persistence.TransportOutboxRepositoryContractTests.CancellationBeforeAndFailureAfterDurablePointAreExplicit" storage="c:\w\deep-survival\wave03\deep-client-shared-p11a\tests\deep.client.shared.tests\bin\debug\net10.0\deep.client.shared.tests.dll" id="8af8e3b9-b5ed-4903-9efa-7fb006f259ee">
      <Execution id="efc5fd3e-92d5-4695-86d1-e019dbdf2574" />
      <TestMethod codeBase="C:\W\deep-survival\wave03\deep-client-shared-p11a\tests\Deep.Client.Shared.Tests\bin\Debug\net10.0\Deep.Client.Shared.Tests.dll" adapterTypeName="executor://xunit/VsTestRunner3/netcore/" className="Deep.Client.Shared.Tests.Persistence.TransportOutboxRepositoryContractTests" name="CancellationBeforeAndFailureAfterDurablePointAreExplicit" />
    </UnitTest>
    <UnitTest name="Deep.Client.Shared.Tests.Persistence.TransportOutboxContractRedTests.OpaqueIdentifiersDoNotRenderTheirValue" storage="c:\w\deep-survival\wave03\deep-client-shared-p11a\tests\deep.client.shared.tests\bin\debug\net10.0\deep.client.shared.tests.dll" id="1de6ba69-f48d-de7f-3124-d2dbc3a0f6fd">
      <Execution id="395ebaf3-3730-464e-84c6-d456093a9fa2" />
      <TestMethod codeBase="C:\W\deep-survival\wave03\deep-client-shared-p11a\tests\Deep.Client.Shared.Tests\bin\Debug\net10.0\Deep.Client.Shared.Tests.dll" adapterTypeName="executor://xunit/VsTestRunner3/netcore/" className="Deep.Client.Shared.Tests.Persistence.TransportOutboxContractRedTests" name="OpaqueIdentifiersDoNotRenderTheirValue" />
    </UnitTest>
    <UnitTest name="Deep.Client.Shared.Tests.Persistence.TransportOutboxRepositoryContractTests.SimultaneousAttemptSuccessAdvancesOneLogicalDurableState(sqlite: False)" storage="c:\w\deep-survival\wave03\deep-client-shared-p11a\tests\deep.client.shared.tests\bin\debug\net10.0\deep.client.shared.tests.dll" id="95c970bc-f569-379b-0f51-58e815639570">
      <Execution id="0b31b435-5925-4a00-b55f-c194715a3659" />
      <TestMethod codeBase="C:\W\deep-survival\wave03\deep-client-shared-p11a\tests\Deep.Client.Shared.Tests\bin\Debug\net10.0\Deep.Client.Shared.Tests.dll" adapterTypeName="executor://xunit/VsTestRunner3/netcore/" className="Deep.Client.Shared.Tests.Persistence.TransportOutboxRepositoryContractTests" name="SimultaneousAttemptSuccessAdvancesOneLogicalDurableState" />
    </UnitTest>
    <UnitTest name="Deep.Client.Shared.Tests.Persistence.TransportOutboxRepositoryContractTests.ScopePurgeAndAccountPurgeRemoveOutboxWithoutCrossScopeLeak(sqlite: False)" storage="c:\w\deep-survival\wave03\deep-client-shared-p11a\tests\deep.client.shared.tests\bin\debug\net10.0\deep.client.shared.tests.dll" id="5d7abcc1-e58e-24b4-0ecf-26353240ffea">
      <Execution id="c173fe81-a603-4772-8425-0090a8c3fb47" />
      <TestMethod codeBase="C:\W\deep-survival\wave03\deep-client-shared-p11a\tests\Deep.Client.Shared.Tests\bin\Debug\net10.0\Deep.Client.Shared.Tests.dll" adapterTypeName="executor://xunit/VsTestRunner3/netcore/" className="Deep.Client.Shared.Tests.Persistence.TransportOutboxRepositoryContractTests" name="ScopePurgeAndAccountPurgeRemoveOutboxWithoutCrossScopeLeak" />
    </UnitTest>
    <UnitTest name="Deep.Client.Shared.Tests.Persistence.TransportOutboxRepositoryContractTests.AttemptCountIsStrictlyBounded(sqlite: False)" storage="c:\w\deep-survival\wave03\deep-client-shared-p11a\tests\deep.client.shared.tests\bin\debug\net10.0\deep.client.shared.tests.dll" id="64a0a88b-176d-af41-2d07-bebe92d4e291">
      <Execution id="5522ac0d-9e15-42e1-bf56-30efb0798f13" />
      <TestMethod codeBase="C:\W\deep-survival\wave03\deep-client-shared-p11a\tests\Deep.Client.Shared.Tests\bin\Debug\net10.0\Deep.Client.Shared.Tests.dll" adapterTypeName="executor://xunit/VsTestRunner3/netcore/" className="Deep.Client.Shared.Tests.Persistence.TransportOutboxRepositoryContractTests" name="AttemptCountIsStrictlyBounded" />
    </UnitTest>
    <UnitTest name="Deep.Client.Shared.Tests.Persistence.TransportOutboxRepositoryContractTests.SqliteMigratesPopulatedV7WithoutTouchingExistingRowsAndRejectsNewerSchema" storage="c:\w\deep-survival\wave03\deep-client-shared-p11a\tests\deep.client.shared.tests\bin\debug\net10.0\deep.client.shared.tests.dll" id="ce71b5ea-bc9f-918b-455f-37f2f759a082">
      <Execution id="8650ab7e-39c7-49e9-96ea-94527c1924c4" />
      <TestMethod codeBase="C:\W\deep-survival\wave03\deep-client-shared-p11a\tests\Deep.Client.Shared.Tests\bin\Debug\net10.0\Deep.Client.Shared.Tests.dll" adapterTypeName="executor://xunit/VsTestRunner3/netcore/" className="Deep.Client.Shared.Tests.Persistence.TransportOutboxRepositoryContractTests" name="SqliteMigratesPopulatedV7WithoutTouchingExistingRowsAndRejectsNewerSchema" />
    </UnitTest>
    <UnitTest name="Deep.Client.Shared.Tests.Persistence.TransportOutboxContractRedTests.PreparedItemRequiresExplicitRecipientAckBeforeDelivered" storage="c:\w\deep-survival\wave03\deep-client-shared-p11a\tests\deep.client.shared.tests\bin\debug\net10.0\deep.client.shared.tests.dll" id="15d6c088-fc1c-c957-23af-afad116c4c7f">
      <Execution id="06aaadff-fa7e-4549-96af-c0f6441631a7" />
      <TestMethod codeBase="C:\W\deep-survival\wave03\deep-client-shared-p11a\tests\Deep.Client.Shared.Tests\bin\Debug\net10.0\Deep.Client.Shared.Tests.dll" adapterTypeName="executor://xunit/VsTestRunner3/netcore/" className="Deep.Client.Shared.Tests.Persistence.TransportOutboxContractRedTests" name="PreparedItemRequiresExplicitRecipientAckBeforeDelivered" />
    </UnitTest>
    <UnitTest name="Deep.Client.Shared.Tests.Persistence.TransportOutboxRepositoryContractTests.ReturnedBuffersAreDefensiveCopies(sqlite: False)" storage="c:\w\deep-survival\wave03\deep-client-shared-p11a\tests\deep.client.shared.tests\bin\debug\net10.0\deep.client.shared.tests.dll" id="89635f20-d7dd-06a3-bfa6-383fac11ac6d">
      <Execution id="cebc0170-3dba-4fb0-8f50-6983f8d745f0" />
      <TestMethod codeBase="C:\W\deep-survival\wave03\deep-client-shared-p11a\tests\Deep.Client.Shared.Tests\bin\Debug\net10.0\Deep.Client.Shared.Tests.dll" adapterTypeName="executor://xunit/VsTestRunner3/netcore/" className="Deep.Client.Shared.Tests.Persistence.TransportOutboxRepositoryContractTests" name="ReturnedBuffersAreDefensiveCopies" />
    </UnitTest>
    <UnitTest name="Deep.Client.Shared.Tests.Persistence.TransportOutboxRepositoryContractTests.RestartAtEveryTransitionPreservesMonotonicState(sqlite: False)" storage="c:\w\deep-survival\wave03\deep-client-shared-p11a\tests\deep.client.shared.tests\bin\debug\net10.0\deep.client.shared.tests.dll" id="5ff985e3-a152-f769-ec46-c84eff577028">
      <Execution id="3f4275b1-f97a-4d68-a388-67b2bfa949e3" />
      <TestMethod codeBase="C:\W\deep-survival\wave03\deep-client-shared-p11a\tests\Deep.Client.Shared.Tests\bin\Debug\net10.0\Deep.Client.Shared.Tests.dll" adapterTypeName="executor://xunit/VsTestRunner3/netcore/" className="Deep.Client.Shared.Tests.Persistence.TransportOutboxRepositoryContractTests" name="RestartAtEveryTransitionPreservesMonotonicState" />
    </UnitTest>
    <UnitTest name="Deep.Client.Shared.Tests.Persistence.TransportOutboxRepositoryContractTests.ExpiryAndRetryListingAreBoundedAndTerminal(sqlite: True)" storage="c:\w\deep-survival\wave03\deep-client-shared-p11a\tests\deep.client.shared.tests\bin\debug\net10.0\deep.client.shared.tests.dll" id="9a81bffb-2a35-adc3-52a6-579a5b490cd7">
      <Execution id="72ca2324-7f59-408f-bfbc-4c94deb14713" />
      <TestMethod codeBase="C:\W\deep-survival\wave03\deep-client-shared-p11a\tests\Deep.Client.Shared.Tests\bin\Debug\net10.0\Deep.Client.Shared.Tests.dll" adapterTypeName="executor://xunit/VsTestRunner3/netcore/" className="Deep.Client.Shared.Tests.Persistence.TransportOutboxRepositoryContractTests" name="ExpiryAndRetryListingAreBoundedAndTerminal" />
    </UnitTest>
    <UnitTest name="Deep.Client.Shared.Tests.Persistence.TransportOutboxRepositoryContractTests.SqliteRejectsOversizedAttemptEvidenceBeforeReadingIt" storage="c:\w\deep-survival\wave03\deep-client-shared-p11a\tests\deep.client.shared.tests\bin\debug\net10.0\deep.client.shared.tests.dll" id="42cfd801-fb0d-ee29-1f28-20f6126fd42a">
      <Execution id="d4fa419e-b49f-4d71-b089-d29ba15327b8" />
      <TestMethod codeBase="C:\W\deep-survival\wave03\deep-client-shared-p11a\tests\Deep.Client.Shared.Tests\bin\Debug\net10.0\Deep.Client.Shared.Tests.dll" adapterTypeName="executor://xunit/VsTestRunner3/netcore/" className="Deep.Client.Shared.Tests.Persistence.TransportOutboxRepositoryContractTests" name="SqliteRejectsOversizedAttemptEvidenceBeforeReadingIt" />
    </UnitTest>
    <UnitTest name="Deep.Client.Shared.Tests.Persistence.TransportOutboxRepositoryContractTests.SimultaneousAttemptSuccessAdvancesOneLogicalDurableState(sqlite: True)" storage="c:\w\deep-survival\wave03\deep-client-shared-p11a\tests\deep.client.shared.tests\bin\debug\net10.0\deep.client.shared.tests.dll" id="63b46b2c-7d1f-9cd7-5150-c7ba625e5f12">
      <Execution id="27cddd0d-5535-4e8e-8b99-2148a1fdabbd" />
      <TestMethod codeBase="C:\W\deep-survival\wave03\deep-client-shared-p11a\tests\Deep.Client.Shared.Tests\bin\Debug\net10.0\Deep.Client.Shared.Tests.dll" adapterTypeName="executor://xunit/VsTestRunner3/netcore/" className="Deep.Client.Shared.Tests.Persistence.TransportOutboxRepositoryContractTests" name="SimultaneousAttemptSuccessAdvancesOneLogicalDurableState" />
    </UnitTest>
    <UnitTest name="Deep.Client.Shared.Tests.Persistence.TransportOutboxRepositoryContractTests.ScopePurgeAndAccountPurgeRemoveOutboxWithoutCrossScopeLeak(sqlite: True)" storage="c:\w\deep-survival\wave03\deep-client-shared-p11a\tests\deep.client.shared.tests\bin\debug\net10.0\deep.client.shared.tests.dll" id="963d861e-ba56-3214-a6d7-d85485d8fe4a">
      <Execution id="b080123f-023c-4e81-a294-a88e940fd9aa" />
      <TestMethod codeBase="C:\W\deep-survival\wave03\deep-client-shared-p11a\tests\Deep.Client.Shared.Tests\bin\Debug\net10.0\Deep.Client.Shared.Tests.dll" adapterTypeName="executor://xunit/VsTestRunner3/netcore/" className="Deep.Client.Shared.Tests.Persistence.TransportOutboxRepositoryContractTests" name="ScopePurgeAndAccountPurgeRemoveOutboxWithoutCrossScopeLeak" />
    </UnitTest>
    <UnitTest name="Deep.Client.Shared.Tests.Persistence.TransportOutboxRepositoryContractTests.ExpiryAndRetryListingAreBoundedAndTerminal(sqlite: False)" storage="c:\w\deep-survival\wave03\deep-client-shared-p11a\tests\deep.client.shared.tests\bin\debug\net10.0\deep.client.shared.tests.dll" id="5af73821-a6d3-6040-53e3-23df2110c55b">
      <Execution id="d92d2726-1a0c-45d2-b4fb-10b5f2df09ab" />
      <TestMethod codeBase="C:\W\deep-survival\wave03\deep-client-shared-p11a\tests\Deep.Client.Shared.Tests\bin\Debug\net10.0\Deep.Client.Shared.Tests.dll" adapterTypeName="executor://xunit/VsTestRunner3/netcore/" className="Deep.Client.Shared.Tests.Persistence.TransportOutboxRepositoryContractTests" name="ExpiryAndRetryListingAreBoundedAndTerminal" />
    </UnitTest>
    <UnitTest name="Deep.Client.Shared.Tests.Persistence.TransportOutboxContractRedTests.OpaqueIdentifiersAndTransitionReasonsFailClosed" storage="c:\w\deep-survival\wave03\deep-client-shared-p11a\tests\deep.client.shared.tests\bin\debug\net10.0\deep.client.shared.tests.dll" id="add3309e-d84c-cf4d-6767-d8af253ca779">
      <Execution id="729458ab-29bb-492d-8370-21bf6ddb440c" />
      <TestMethod codeBase="C:\W\deep-survival\wave03\deep-client-shared-p11a\tests\Deep.Client.Shared.Tests\bin\Debug\net10.0\Deep.Client.Shared.Tests.dll" adapterTypeName="executor://xunit/VsTestRunner3/netcore/" className="Deep.Client.Shared.Tests.Persistence.TransportOutboxContractRedTests" name="OpaqueIdentifiersAndTransitionReasonsFailClosed" />
    </UnitTest>
    <UnitTest name="Deep.Client.Shared.Tests.Persistence.TransportOutboxRepositoryContractTests.SqliteRejectsOversizedPersistedBlobBeforeIdempotencyDecision" storage="c:\w\deep-survival\wave03\deep-client-shared-p11a\tests\deep.client.shared.tests\bin\debug\net10.0\deep.client.shared.tests.dll" id="63372acf-65dd-5924-8814-a5871e5a16f9">
      <Execution id="78ca08f7-c2f9-4f3d-89fa-a0425a25a066" />
      <TestMethod codeBase="C:\W\deep-survival\wave03\deep-client-shared-p11a\tests\Deep.Client.Shared.Tests\bin\Debug\net10.0\Deep.Client.Shared.Tests.dll" adapterTypeName="executor://xunit/VsTestRunner3/netcore/" className="Deep.Client.Shared.Tests.Persistence.TransportOutboxRepositoryContractTests" name="SqliteRejectsOversizedPersistedBlobBeforeIdempotencyDecision" />
    </UnitTest>
    <UnitTest name="Deep.Client.Shared.Tests.Persistence.TransportOutboxRepositoryContractTests.DivergentReuseAndRegressionFailClosed(sqlite: False)" storage="c:\w\deep-survival\wave03\deep-client-shared-p11a\tests\deep.client.shared.tests\bin\debug\net10.0\deep.client.shared.tests.dll" id="ce3823bc-54f4-6169-dfba-f988c9ec0338">
      <Execution id="21d644e0-f5c0-43f4-a9fa-58d5a269107f" />
      <TestMethod codeBase="C:\W\deep-survival\wave03\deep-client-shared-p11a\tests\Deep.Client.Shared.Tests\bin\Debug\net10.0\Deep.Client.Shared.Tests.dll" adapterTypeName="executor://xunit/VsTestRunner3/netcore/" className="Deep.Client.Shared.Tests.Persistence.TransportOutboxRepositoryContractTests" name="DivergentReuseAndRegressionFailClosed" />
    </UnitTest>
    <UnitTest name="Deep.Client.Shared.Tests.Persistence.TransportOutboxRepositoryContractTests.RestartAtEveryTransitionPreservesMonotonicState(sqlite: True)" storage="c:\w\deep-survival\wave03\deep-client-shared-p11a\tests\deep.client.shared.tests\bin\debug\net10.0\deep.client.shared.tests.dll" id="47644d7e-79d5-22e2-6e49-99a79164d68b">
      <Execution id="2868eea8-ba9a-483b-b765-ef052ce30740" />
      <TestMethod codeBase="C:\W\deep-survival\wave03\deep-client-shared-p11a\tests\Deep.Client.Shared.Tests\bin\Debug\net10.0\Deep.Client.Shared.Tests.dll" adapterTypeName="executor://xunit/VsTestRunner3/netcore/" className="Deep.Client.Shared.Tests.Persistence.TransportOutboxRepositoryContractTests" name="RestartAtEveryTransitionPreservesMonotonicState" />
    </UnitTest>
    <UnitTest name="Deep.Client.Shared.Tests.Persistence.TransportOutboxRepositoryContractTests.DivergentReuseAndRegressionFailClosed(sqlite: True)" storage="c:\w\deep-survival\wave03\deep-client-shared-p11a\tests\deep.client.shared.tests\bin\debug\net10.0\deep.client.shared.tests.dll" id="8a7668c8-9b5a-6a97-6623-4e5bd5bdd10d">
      <Execution id="f0af8df1-12d2-4612-b7f9-df039fcdc933" />
      <TestMethod codeBase="C:\W\deep-survival\wave03\deep-client-shared-p11a\tests\Deep.Client.Shared.Tests\bin\Debug\net10.0\Deep.Client.Shared.Tests.dll" adapterTypeName="executor://xunit/VsTestRunner3/netcore/" className="Deep.Client.Shared.Tests.Persistence.TransportOutboxRepositoryContractTests" name="DivergentReuseAndRegressionFailClosed" />
    </UnitTest>
    <UnitTest name="Deep.Client.Shared.Tests.Persistence.TransportOutboxRepositoryContractTests.AttemptCountIsStrictlyBounded(sqlite: True)" storage="c:\w\deep-survival\wave03\deep-client-shared-p11a\tests\deep.client.shared.tests\bin\debug\net10.0\deep.client.shared.tests.dll" id="42247b04-54b6-3790-6faa-8e777d50dd2d">
      <Execution id="50707627-9ebf-4bc2-b7b5-1a943c0ca1e6" />
      <TestMethod codeBase="C:\W\deep-survival\wave03\deep-client-shared-p11a\tests\Deep.Client.Shared.Tests\bin\Debug\net10.0\Deep.Client.Shared.Tests.dll" adapterTypeName="executor://xunit/VsTestRunner3/netcore/" className="Deep.Client.Shared.Tests.Persistence.TransportOutboxRepositoryContractTests" name="AttemptCountIsStrictlyBounded" />
    </UnitTest>
  </TestDefinitions>
  <TestEntries>
    <TestEntry testId="5d7abcc1-e58e-24b4-0ecf-26353240ffea" executionId="c173fe81-a603-4772-8425-0090a8c3fb47" testListId="8c84fa94-04c1-424b-9868-57a2d4851a1d" />
    <TestEntry testId="42cfd801-fb0d-ee29-1f28-20f6126fd42a" executionId="d4fa419e-b49f-4d71-b089-d29ba15327b8" testListId="8c84fa94-04c1-424b-9868-57a2d4851a1d" />
    <TestEntry testId="5ff985e3-a152-f769-ec46-c84eff577028" executionId="3f4275b1-f97a-4d68-a388-67b2bfa949e3" testListId="8c84fa94-04c1-424b-9868-57a2d4851a1d" />
    <TestEntry testId="add3309e-d84c-cf4d-6767-d8af253ca779" executionId="729458ab-29bb-492d-8370-21bf6ddb440c" testListId="8c84fa94-04c1-424b-9868-57a2d4851a1d" />
    <TestEntry testId="42247b04-54b6-3790-6faa-8e777d50dd2d" executionId="50707627-9ebf-4bc2-b7b5-1a943c0ca1e6" testListId="8c84fa94-04c1-424b-9868-57a2d4851a1d" />
    <TestEntry testId="ce71b5ea-bc9f-918b-455f-37f2f759a082" executionId="8650ab7e-39c7-49e9-96ea-94527c1924c4" testListId="8c84fa94-04c1-424b-9868-57a2d4851a1d" />
    <TestEntry testId="95c970bc-f569-379b-0f51-58e815639570" executionId="0b31b435-5925-4a00-b55f-c194715a3659" testListId="8c84fa94-04c1-424b-9868-57a2d4851a1d" />
    <TestEntry testId="63b46b2c-7d1f-9cd7-5150-c7ba625e5f12" executionId="27cddd0d-5535-4e8e-8b99-2148a1fdabbd" testListId="8c84fa94-04c1-424b-9868-57a2d4851a1d" />
    <TestEntry testId="ce3823bc-54f4-6169-dfba-f988c9ec0338" executionId="21d644e0-f5c0-43f4-a9fa-58d5a269107f" testListId="8c84fa94-04c1-424b-9868-57a2d4851a1d" />
    <TestEntry testId="89635f20-d7dd-06a3-bfa6-383fac11ac6d" executionId="cebc0170-3dba-4fb0-8f50-6983f8d745f0" testListId="8c84fa94-04c1-424b-9868-57a2d4851a1d" />
    <TestEntry testId="8af8e3b9-b5ed-4903-9efa-7fb006f259ee" executionId="efc5fd3e-92d5-4695-86d1-e019dbdf2574" testListId="8c84fa94-04c1-424b-9868-57a2d4851a1d" />
    <TestEntry testId="963d861e-ba56-3214-a6d7-d85485d8fe4a" executionId="b080123f-023c-4e81-a294-a88e940fd9aa" testListId="8c84fa94-04c1-424b-9868-57a2d4851a1d" />
    <TestEntry testId="9a81bffb-2a35-adc3-52a6-579a5b490cd7" executionId="72ca2324-7f59-408f-bfbc-4c94deb14713" testListId="8c84fa94-04c1-424b-9868-57a2d4851a1d" />
    <TestEntry testId="8a7668c8-9b5a-6a97-6623-4e5bd5bdd10d" executionId="f0af8df1-12d2-4612-b7f9-df039fcdc933" testListId="8c84fa94-04c1-424b-9868-57a2d4851a1d" />
    <TestEntry testId="63372acf-65dd-5924-8814-a5871e5a16f9" executionId="78ca08f7-c2f9-4f3d-89fa-a0425a25a066" testListId="8c84fa94-04c1-424b-9868-57a2d4851a1d" />
    <TestEntry testId="5af73821-a6d3-6040-53e3-23df2110c55b" executionId="d92d2726-1a0c-45d2-b4fb-10b5f2df09ab" testListId="8c84fa94-04c1-424b-9868-57a2d4851a1d" />
    <TestEntry testId="15d6c088-fc1c-c957-23af-afad116c4c7f" executionId="06aaadff-fa7e-4549-96af-c0f6441631a7" testListId="8c84fa94-04c1-424b-9868-57a2d4851a1d" />
    <TestEntry testId="64a0a88b-176d-af41-2d07-bebe92d4e291" executionId="5522ac0d-9e15-42e1-bf56-30efb0798f13" testListId="8c84fa94-04c1-424b-9868-57a2d4851a1d" />
    <TestEntry testId="47644d7e-79d5-22e2-6e49-99a79164d68b" executionId="2868eea8-ba9a-483b-b765-ef052ce30740" testListId="8c84fa94-04c1-424b-9868-57a2d4851a1d" />
    <TestEntry testId="be134a15-8566-204f-638e-64440e9c294e" executionId="4cdc5798-1637-42cb-b5be-6f3facafe43f" testListId="8c84fa94-04c1-424b-9868-57a2d4851a1d" />
    <TestEntry testId="1de6ba69-f48d-de7f-3124-d2dbc3a0f6fd" executionId="395ebaf3-3730-464e-84c6-d456093a9fa2" testListId="8c84fa94-04c1-424b-9868-57a2d4851a1d" />
  </TestEntries>
  <TestLists>
    <TestList name="Results Not in a List" id="8c84fa94-04c1-424b-9868-57a2d4851a1d" />
    <TestList name="All Loaded Results" id="19431567-8539-422a-85d7-44ee4e166bda" />
  </TestLists>
  <ResultSummary outcome="Completed">
    <Counters total="21" executed="21" passed="21" failed="0" error="0" timeout="0" aborted="0" inconclusive="0" passedButRunAborted="0" notRunnable="0" notExecuted="0" disconnected="0" warning="0" completed="0" inProgress="0" pending="0" />
    <Output>
      <StdOut>[xUnit.net 00:00:00.00] xUnit.net VSTest Adapter v3.1.4+50e68bbb8b (64-bit .NET 10.0.9)&#xD;
[xUnit.net 00:00:00.50]   Discovering: Deep.Client.Shared.Tests&#xD;
[xUnit.net 00:00:00.56]   Discovered:  Deep.Client.Shared.Tests&#xD;
[xUnit.net 00:00:00.59]   Starting:    Deep.Client.Shared.Tests&#xD;
[xUnit.net 00:00:01.31]   Finished:    Deep.Client.Shared.Tests&#xD;
</StdOut>
    </Output>
    <CollectorDataEntries>
      <Collector agentName="SURFACE-LT" uri="datacollector://microsoft/CoverletCodeCoverage/1.0" collectorDisplayName="XPlat code coverage">
        <UriAttachments>
          <UriAttachment>
            <A href="SURFACE-LT\coverage.cobertura.xml"></A>
          </UriAttachment>
        </UriAttachments>
      </Collector>
    </CollectorDataEntries>
  </ResultSummary>
</TestRun>