<?xml version="1.0" encoding="utf-8"?>
<TestRun id="1eb2f07d-7e28-4b66-9946-8a591f813d69" name="nikit@SURFACE-LT 2026-07-19 14:35:09" runUser="SURFACE-LT\nikit" xmlns="http://microsoft.com/schemas/VisualStudio/TeamTest/2010">
  <Times creation="2026-07-19T14:35:09.6861363+05:00" queuing="2026-07-19T14:35:09.6861366+05:00" start="2026-07-19T14:35:09.1325610+05:00" finish="2026-07-19T14:35:33.3408548+05:00" />
  <TestSettings name="default" id="0dc932cc-dfd6-4971-b801-51301eac91c4">
    <Deployment runDeploymentRoot="nikit_SURFACE-LT_2026-07-19_14_35_09" />
  </TestSettings>
  <Results>
    <UnitTestResult executionId="f0ec5192-b8db-4f18-84e7-75b695cbc0e9" testId="53c79b27-8809-dbf0-0d0c-dea22617fbe4" testName="Deep.Client.Shared.Tests.Services.MembershipTrustServiceTests.PublicOperations_BoundUnexpectedRepositoryFailures(operation: &quot;bridge&quot;)" computerName="SURFACE-LT" duration="00:00:00.0010284" startTime="2026-07-19T14:35:09.8558577+05:00" endTime="2026-07-19T14:35:09.8562720+05:00" testType="13cdc9d9-ddb5-4fa4-a97d-d965ccfc6d4b" outcome="Passed" testListId="8c84fa94-04c1-424b-9868-57a2d4851a1d" relativeResultsDirectory="f0ec5192-b8db-4f18-84e7-75b695cbc0e9" />
    <UnitTestResult executionId="57737733-7687-49b9-aa14-97610021e9f8" testId="ea9b9f1a-35ca-6d57-2cd0-99718db0cf16" testName="Deep.Client.Shared.Tests.Persistence.LocalStateMigrationTests.Migration_UsesValidBackupWhenPrimaryArtifactIsCorrupt" computerName="SURFACE-LT" duration="00:00:00.0189180" startTime="2026-07-19T14:35:10.1589950+05:00" endTime="2026-07-19T14:35:10.1781659+05:00" testType="13cdc9d9-ddb5-4fa4-a97d-d965ccfc6d4b" outcome="Passed" testListId="8c84fa94-04c1-424b-9868-57a2d4851a1d" relativeResultsDirectory="57737733-7687-49b9-aa14-97610021e9f8" />
    <UnitTestResult executionId="71bfe3af-9dcc-4748-ac9f-0364a781fc19" testId="38be2222-1fbf-8b53-edc1-f25f6e2ede9c" testName="Deep.Client.Shared.Tests.Services.E2eeContentCodecTests.Reaction_RoundTripsForDirectAndGroupConversations(conversationKind: OneToOne, remove: True)" computerName="SURFACE-LT" duration="00:00:00.0000160" startTime="2026-07-19T14:35:09.7004449+05:00" endTime="2026-07-19T14:35:09.7004824+05:00" testType="13cdc9d9-ddb5-4fa4-a97d-d965ccfc6d4b" outcome="Passed" testListId="8c84fa94-04c1-424b-9868-57a2d4851a1d" relativeResultsDirectory="71bfe3af-9dcc-4748-ac9f-0364a781fc19" />
    <UnitTestResult executionId="14af8bbc-a4a9-41a7-b03d-1404a35d15c4" testId="c1f8f974-44b2-8bc9-0ca3-e96e39893d36" testName="Deep.Client.Shared.Tests.Services.MetadataPrivacyCharacterizationTests.BetaMetadataGate_FailsForEachUnresolvedFinding(findingId: &quot;META-OPAQUE-DEPOSIT-CAPABILITY&quot;, status: &quot;unresolved&quot;, evidence: &quot;No opaque deposit capability exists in the current&quot;···)" computerName="SURFACE-LT" duration="00:00:00.0000017" startTime="2026-07-19T14:35:09.7271668+05:00" endTime="2026-07-19T14:35:09.7272040+05:00" testType="13cdc9d9-ddb5-4fa4-a97d-d965ccfc6d4b" outcome="Passed" testListId="8c84fa94-04c1-424b-9868-57a2d4851a1d" relativeResultsDirectory="14af8bbc-a4a9-41a7-b03d-1404a35d15c4" />
    <UnitTestResult executionId="cd2f13e7-4c53-4316-983c-aa1784a4cafc" testId="396f6b61-8d53-e7f5-b6d2-7ba828c49423" testName="Deep.Client.Shared.Tests.Services.MembershipTrustServiceTests.PublicOperations_BoundUnexpectedVerifierFailures(operation: &quot;self-hosted&quot;)" computerName="SURFACE-LT" duration="00:00:00.0053259" startTime="2026-07-19T14:35:09.7747357+05:00" endTime="2026-07-19T14:35:09.7799810+05:00" testType="13cdc9d9-ddb5-4fa4-a97d-d965ccfc6d4b" outcome="Passed" testListId="8c84fa94-04c1-424b-9868-57a2d4851a1d" relativeResultsDirectory="cd2f13e7-4c53-4316-983c-aa1784a4cafc" />
    <UnitTestResult executionId="0f5d478a-8a45-4425-a452-4903c59e651c" testId="5af73821-a6d3-6040-53e3-23df2110c55b" testName="Deep.Client.Shared.Tests.Persistence.TransportOutboxRepositoryContractTests.ExpiryAndRetryListingAreBoundedAndTerminal(sqlite: False)" computerName="SURFACE-LT" duration="00:00:00.0164167" startTime="2026-07-19T14:35:10.1542665+05:00" endTime="2026-07-19T14:35:10.1704935+05:00" testType="13cdc9d9-ddb5-4fa4-a97d-d965ccfc6d4b" outcome="Passed" testListId="8c84fa94-04c1-424b-9868-57a2d4851a1d" relativeResultsDirectory="0f5d478a-8a45-4425-a452-4903c59e651c" />
    <UnitTestResult executionId="2de64fa3-2806-4e36-b62a-fa5bd7f7983e" testId="73a2efba-8af4-e00e-1568-87bc7f5945db" testName="Deep.Client.Shared.Tests.Services.PushNotificationCryptoTests.PayloadWindowRejectsExpiredFutureAndUnboundedLifetimes" computerName="SURFACE-LT" duration="00:00:00.0001972" startTime="2026-07-19T14:35:09.6808181+05:00" endTime="2026-07-19T14:35:09.6809588+05:00" testType="13cdc9d9-ddb5-4fa4-a97d-d965ccfc6d4b" outcome="Passed" testListId="8c84fa94-04c1-424b-9868-57a2d4851a1d" relativeResultsDirectory="2de64fa3-2806-4e36-b62a-fa5bd7f7983e" />
    <UnitTestResult executionId="c90ea781-8275-4386-994f-84aafa154afc" testId="6475e918-6682-3efc-db24-18ada5a488ad" testName="Deep.Client.Shared.Tests.Services.E2eeClientTransportTests.GroupReceive_RejectsRawSenderThatDoesNotMatchAuthenticatedSemanticSender" computerName="SURFACE-LT" duration="00:00:00.0454810" startTime="2026-07-19T14:35:09.7400553+05:00" endTime="2026-07-19T14:35:09.7860341+05:00" testType="13cdc9d9-ddb5-4fa4-a97d-d965ccfc6d4b" outcome="Passed" testListId="8c84fa94-04c1-424b-9868-57a2d4851a1d" relativeResultsDirectory="c90ea781-8275-4386-994f-84aafa154afc" />
    <UnitTestResult executionId="ed06f077-14c2-47a6-9d32-ed55aa3136a0" testId="6d0e634d-284a-09fc-b280-824e18283cae" testName="Deep.Client.Shared.Tests.Services.XNodeRpcClientTrustTests.RefreshRouteAsync_RejectsAuthenticStaleResponse" computerName="SURFACE-LT" duration="00:00:00.0013645" startTime="2026-07-19T14:35:10.0529193+05:00" endTime="2026-07-19T14:35:10.0542229+05:00" testType="13cdc9d9-ddb5-4fa4-a97d-d965ccfc6d4b" outcome="Passed" testListId="8c84fa94-04c1-424b-9868-57a2d4851a1d" relativeResultsDirectory="ed06f077-14c2-47a6-9d32-ed55aa3136a0" />
    <UnitTestResult executionId="508605dd-27b9-46ad-9398-03adc7791489" testId="7d87719c-0092-67e2-9558-a88a64db885c" testName="Deep.Client.Shared.Tests.Services.MembershipTrustServiceTests.PublicOperations_BoundUnrequestedDependencyCancellation(operation: &quot;delegation&quot;, dependency: &quot;repository&quot;)" computerName="SURFACE-LT" duration="00:00:00.0005040" startTime="2026-07-19T14:35:09.8261829+05:00" endTime="2026-07-19T14:35:09.8263054+05:00" testType="13cdc9d9-ddb5-4fa4-a97d-d965ccfc6d4b" outcome="Passed" testListId="8c84fa94-04c1-424b-9868-57a2d4851a1d" relativeResultsDirectory="508605dd-27b9-46ad-9398-03adc7791489" />
    <UnitTestResult executionId="a47ec3e9-ac95-43e6-bcde-b6c3c19a2295" testId="a57ac132-8041-3086-37ca-ddda6383859f" testName="Deep.Client.Shared.Tests.Persistence.IncomingMessageNotificationRepositoryTests.AccountPurgeClearsPendingIncomingMessageNotifications" computerName="SURFACE-LT" duration="00:00:00.1225188" startTime="2026-07-19T14:35:10.1785043+05:00" endTime="2026-07-19T14:35:10.3013725+05:00" testType="13cdc9d9-ddb5-4fa4-a97d-d965ccfc6d4b" outcome="Passed" testListId="8c84fa94-04c1-424b-9868-57a2d4851a1d" relativeResultsDirectory="a47ec3e9-ac95-43e6-bcde-b6c3c19a2295" />
    <UnitTestResult executionId="4fbc7856-e012-45fe-803a-d627d0d3c63c" testId="4a0bc8d0-a691-b737-3bc9-4f99061274a5" testName="Deep.Client.Shared.Tests.Services.MetadataPrivacyCharacterizationTests.Dpe1Header_ContainsClearSenderAndRecipientIdentifiers" computerName="SURFACE-LT" duration="00:00:00.0063333" startTime="2026-07-19T14:35:09.7290332+05:00" endTime="2026-07-19T14:35:09.7352914+05:00" testType="13cdc9d9-ddb5-4fa4-a97d-d965ccfc6d4b" outcome="Passed" testListId="8c84fa94-04c1-424b-9868-57a2d4851a1d" relativeResultsDirectory="4fbc7856-e012-45fe-803a-d627d0d3c63c" />
    <UnitTestResult executionId="fec1383a-8509-4697-9a7c-8dbd0888951a" testId="8d5f8f62-a634-a600-720e-ae4f241a1de1" testName="Deep.Client.Shared.Tests.Persistence.MessageSyncRepositoryTests.SqliteStore_CreatesAllMessageSyncIndexes" computerName="SURFACE-LT" duration="00:00:00.0263388" startTime="2026-07-19T14:35:09.8970006+05:00" endTime="2026-07-19T14:35:09.9233874+05:00" testType="13cdc9d9-ddb5-4fa4-a97d-d965ccfc6d4b" outcome="Passed" testListId="8c84fa94-04c1-424b-9868-57a2d4851a1d" relativeResultsDirectory="fec1383a-8509-4697-9a7c-8dbd0888951a" />
    <UnitTestResult executionId="eb721935-22d9-4b02-a3c1-2cd4dc47b498" testId="33abb231-559a-c01c-9a81-2486d6a64e33" testName="Deep.Client.Shared.Tests.Services.XNodeRpcClientTrustTests.RefreshRouteAsync_RejectsTamperedResponseBinding(field: &quot;result&quot;)" computerName="SURFACE-LT" duration="00:00:00.0008648" startTime="2026-07-19T14:35:10.0461953+05:00" endTime="2026-07-19T14:35:10.0470958+05:00" testType="13cdc9d9-ddb5-4fa4-a97d-d965ccfc6d4b" outcome="Passed" testListId="8c84fa94-04c1-424b-9868-57a2d4851a1d" relativeResultsDirectory="eb721935-22d9-4b02-a3c1-2cd4dc47b498" />
    <UnitTestResult executionId="1fa7de6e-5a00-43bf-8e53-35fa66bd68fb" testId="4f3260a6-96bb-e702-75dc-84a4d9f99fb6" testName="Deep.Client.Shared.Tests.Services.PushSubscriptionTransportTests.PushRegistrationCoordinator_RoundTripsRemoteSubscriptionThroughLivePush_WhenConfigured" computerName="SURFACE-LT" duration="00:00:00.0008122" startTime="2026-07-19T14:35:09.6732450+05:00" endTime="2026-07-19T14:35:09.6769285+05:00" testType="13cdc9d9-ddb5-4fa4-a97d-d965ccfc6d4b" outcome="Passed" testListId="8c84fa94-04c1-424b-9868-57a2d4851a1d" relativeResultsDirectory="1fa7de6e-5a00-43bf-8e53-35fa66bd68fb" />
    <UnitTestResult executionId="a3c3a9aa-2e12-4980-8459-1c68bde5e6b3" testId="526c45ce-c5b2-8abe-71ca-19001815b438" testName="Deep.Client.Shared.Tests.Services.AttachmentFileTransportTests.HttpAttachmentFileTransport_RejectsUnsafeInboundRemoteUri(remoteUri: &quot;https://file.local:22/file/file-abc&quot;)" computerName="SURFACE-LT" duration="00:00:00.0000205" startTime="2026-07-19T14:35:09.9447058+05:00" endTime="2026-07-19T14:35:09.9447400+05:00" testType="13cdc9d9-ddb5-4fa4-a97d-d965ccfc6d4b" outcome="Passed" testListId="8c84fa94-04c1-424b-9868-57a2d4851a1d" relativeResultsDirectory="a3c3a9aa-2e12-4980-8459-1c68bde5e6b3" />
    <UnitTestResult executionId="ab8d5c06-7025-4c33-83d0-d0815c17f3c9" testId="8f643fa5-e99a-b929-16f5-be27f6e4eedb" testName="Deep.Client.Shared.Tests.Services.MembershipTrustServiceTests.ApplyContent_NewCommitRejectsAuthorityRotationAfterVerificationBeforeCas" computerName="SURFACE-LT" duration="00:00:00.0082311" startTime="2026-07-19T14:35:14.0006154+05:00" endTime="2026-07-19T14:35:14.0088187+05:00" testType="13cdc9d9-ddb5-4fa4-a97d-d965ccfc6d4b" outcome="Passed" testListId="8c84fa94-04c1-424b-9868-57a2d4851a1d" relativeResultsDirectory="ab8d5c06-7025-4c33-83d0-d0815c17f3c9" />
    <UnitTestResult executionId="c35f2c65-6a3e-44d0-b32a-c18b1b1e7f9b" testId="7e9b0b63-635e-0844-66ce-71b2d43bc234" testName="Deep.Client.Shared.Tests.Persistence.MembershipTrustSqliteRecoveryTests.CorruptPhysicalState_BlocksWithoutPriorFallback(corruption: &quot;revision&quot;)" computerName="SURFACE-LT" duration="00:00:00.0623589" startTime="2026-07-19T14:35:10.0659421+05:00" endTime="2026-07-19T14:35:10.1282783+05:00" testType="13cdc9d9-ddb5-4fa4-a97d-d965ccfc6d4b" outcome="Passed" testListId="8c84fa94-04c1-424b-9868-57a2d4851a1d" relativeResultsDirectory="c35f2c65-6a3e-44d0-b32a-c18b1b1e7f9b" />
    <UnitTestResult executionId="6db3327e-d24c-4f8f-9365-9b7e964c4579" testId="0e368739-1037-c1bd-3b88-c65192b08d1c" testName="Deep.Client.Shared.Tests.Persistence.MembershipTrustSqliteRecoveryTests.InMemoryCorruptionInAnotherProfile_DoesNotBlockCurrentProfile" computerName="SURFACE-LT" duration="00:00:00.0149505" startTime="2026-07-19T14:35:11.4749852+05:00" endTime="2026-07-19T14:35:11.4891386+05:00" testType="13cdc9d9-ddb5-4fa4-a97d-d965ccfc6d4b" outcome="Passed" testListId="8c84fa94-04c1-424b-9868-57a2d4851a1d" relativeResultsDirectory="6db3327e-d24c-4f8f-9365-9b7e964c4579" />
    <UnitTestResult executionId="f77f281d-eab7-4747-97e6-448b71861c4c" testId="84ae867c-4d96-5b53-9f70-024f98c0f00a" testName="Deep.Client.Shared.Tests.Persistence.MembershipTrustRepositoryContractTests.DomainAndInstallationProfileTracks_AreIndependent(sqlite: False)" computerName="SURFACE-LT" duration="00:00:00.0004856" startTime="2026-07-19T14:35:13.5062904+05:00" endTime="2026-07-19T14:35:13.5066828+05:00" testType="13cdc9d9-ddb5-4fa4-a97d-d965ccfc6d4b" outcome="Passed" testListId="8c84fa94-04c1-424b-9868-57a2d4851a1d" relativeResultsDirectory="f77f281d-eab7-4747-97e6-448b71861c4c" />
    <UnitTestResult executionId="4c5c1edc-c824-4e3a-b915-68f6cc529c77" testId="dadd422b-6ee5-26fd-83d7-25b5838add38" testName="Deep.Client.Shared.Tests.Services.MembershipTrustPrivacyTests.PublicStatusText_IsFixedAndContainsNoRuntimeMaterial" computerName="SURFACE-LT" duration="00:00:00.0017065" startTime="2026-07-19T14:35:10.1673156+05:00" endTime="2026-07-19T14:35:10.1689482+05:00" testType="13cdc9d9-ddb5-4fa4-a97d-d965ccfc6d4b" outcome="Passed" testListId="8c84fa94-04c1-424b-9868-57a2d4851a1d" relativeResultsDirectory="4c5c1edc-c824-4e3a-b915-68f6cc529c77" />
    <UnitTestResult executionId="d585b8e3-d9fc-4f59-aedc-7d3309dd3f9c" testId="088f6d11-2109-19c5-62d9-3085bbfe020c" testName="Deep.Client.Shared.Tests.Persistence.PersistenceTests.StoresOpenConversationListAsSingleConsistentSnapshot" computerName="SURFACE-LT" duration="00:00:00.0511645" startTime="2026-07-19T14:35:23.6538856+05:00" endTime="2026-07-19T14:35:23.7054457+05:00" testType="13cdc9d9-ddb5-4fa4-a97d-d965ccfc6d4b" outcome="Passed" testListId="8c84fa94-04c1-424b-9868-57a2d4851a1d" relativeResultsDirectory="d585b8e3-d9fc-4f59-aedc-7d3309dd3f9c" />
    <UnitTestResult executionId="ebdefbd6-bd0d-47b2-ac69-029395664a0e" testId="8c1f2084-9969-bfca-b67e-99223b2920b9" testName="Deep.Client.Shared.Tests.Services.XNodeRpcClientTrustTests.RefreshRouteAsync_RejectsTamperedResponseBinding(field: &quot;requestPayloadSha256&quot;)" computerName="SURFACE-LT" duration="00:00:00.0023391" startTime="2026-07-19T14:35:10.0384390+05:00" endTime="2026-07-19T14:35:10.0401452+05:00" testType="13cdc9d9-ddb5-4fa4-a97d-d965ccfc6d4b" outcome="Passed" testListId="8c84fa94-04c1-424b-9868-57a2d4851a1d" relativeResultsDirectory="ebdefbd6-bd0d-47b2-ac69-029395664a0e" />
    <UnitTestResult executionId="61b8f9da-a1fd-4d5e-a228-f3cc7a87bb00" testId="63372acf-65dd-5924-8814-a5871e5a16f9" testName="Deep.Client.Shared.Tests.Persistence.TransportOutboxRepositoryContractTests.SqliteRejectsOversizedPersistedBlobBeforeIdempotencyDecision" computerName="SURFACE-LT" duration="00:00:00.0700611" startTime="2026-07-19T14:35:11.1866867+05:00" endTime="2026-07-19T14:35:11.2560674+05:00" testType="13cdc9d9-ddb5-4fa4-a97d-d965ccfc6d4b" outcome="Passed" testListId="8c84fa94-04c1-424b-9868-57a2d4851a1d" relativeResultsDirectory="61b8f9da-a1fd-4d5e-a228-f3cc7a87bb00" />
    <UnitTestResult executionId="a0afa4df-1995-408c-9018-500c643a0eae" testId="86866cdf-b42c-da67-7074-7040c70fea16" testName="Deep.Client.Shared.Tests.Persistence.LocalStateMigrationTests.PurgeLegacyArtifacts_RemovesPrimaryBackupAndInterruptedTemporaryFiles" computerName="SURFACE-LT" duration="00:00:00.0245554" startTime="2026-07-19T14:35:09.7281317+05:00" endTime="2026-07-19T14:35:09.7616820+05:00" testType="13cdc9d9-ddb5-4fa4-a97d-d965ccfc6d4b" outcome="Passed" testListId="8c84fa94-04c1-424b-9868-57a2d4851a1d" relativeResultsDirectory="a0afa4df-1995-408c-9018-500c643a0eae" />
    <UnitTestResult executionId="71ff7f37-d2b1-440e-8173-fdb75d9f779b" testId="ce3d7ed6-53a0-7dcf-3da7-cd1199cccd03" testName="Deep.Client.Shared.Tests.Services.ConversationServiceTests.GetOrCreateOneToOne_DisplayNameHintDoesNotOverwriteExplicitRename" computerName="SURFACE-LT" duration="00:00:00.0005536" startTime="2026-07-19T14:35:10.5346786+05:00" endTime="2026-07-19T14:35:10.5347154+05:00" testType="13cdc9d9-ddb5-4fa4-a97d-d965ccfc6d4b" outcome="Passed" testListId="8c84fa94-04c1-424b-9868-57a2d4851a1d" relativeResultsDirectory="71ff7f37-d2b1-440e-8173-fdb75d9f779b" />
    <UnitTestResult executionId="f36ddfd2-fb7c-4948-821f-30353817f026" testId="42cfd801-fb0d-ee29-1f28-20f6126fd42a" testName="Deep.Client.Shared.Tests.Persistence.TransportOutboxRepositoryContractTests.SqliteRejectsOversizedAttemptEvidenceBeforeReadingIt" computerName="SURFACE-LT" duration="00:00:00.0937943" startTime="2026-07-19T14:35:11.0917636+05:00" endTime="2026-07-19T14:35:11.1857090+05:00" testType="13cdc9d9-ddb5-4fa4-a97d-d965ccfc6d4b" outcome="Passed" testListId="8c84fa94-04c1-424b-9868-57a2d4851a1d" relativeResultsDirectory="f36ddfd2-fb7c-4948-821f-30353817f026" />
    <UnitTestResult executionId="42189f0e-e652-4706-9279-0670abe50571" testId="a74d478b-dfce-79fb-9b3e-1ed43a3d3618" testName="Deep.Client.Shared.Tests.Services.MessageFlowTests.GroupRoleUpdates_PromoteAndDemote_Work_WithAdminSafeguard" computerName="SURFACE-LT" duration="00:00:00.0024567" startTime="2026-07-19T14:35:09.9392583+05:00" endTime="2026-07-19T14:35:09.9416820+05:00" testType="13cdc9d9-ddb5-4fa4-a97d-d965ccfc6d4b" outcome="Passed" testListId="8c84fa94-04c1-424b-9868-57a2d4851a1d" relativeResultsDirectory="42189f0e-e652-4706-9279-0670abe50571" />
    <UnitTestResult executionId="89b84680-b470-4aae-9cf8-4286801c85ab" testId="9f580cf5-7381-c532-96ea-0ba5cac31bf8" testName="Deep.Client.Shared.Tests.Services.XNodeRpcClientTrustTests.RefreshRouteAsync_RejectsUnusableSignedContact(failure: &quot;unreachable&quot;)" computerName="SURFACE-LT" duration="00:00:00.0278334" startTime="2026-07-19T14:35:09.9845048+05:00" endTime="2026-07-19T14:35:10.0124432+05:00" testType="13cdc9d9-ddb5-4fa4-a97d-d965ccfc6d4b" outcome="Passed" testListId="8c84fa94-04c1-424b-9868-57a2d4851a1d" relativeResultsDirectory="89b84680-b470-4aae-9cf8-4286801c85ab" />
    <UnitTestResult executionId="4744cc81-71bc-4e0a-a548-3921a35347a9" testId="af97b442-7724-de31-4055-478881f49132" testName="Deep.Client.Shared.Tests.Services.XNodeRpcClientTrustTests.RefreshRouteAsync_RejectsTamperedResponseBinding(field: &quot;id&quot;)" computerName="SURFACE-LT" duration="00:00:00.0010908" startTime="2026-07-19T14:35:10.0448620+05:00" endTime="2026-07-19T14:35:10.0460570+05:00" testType="13cdc9d9-ddb5-4fa4-a97d-d965ccfc6d4b" outcome="Passed" testListId="8c84fa94-04c1-424b-9868-57a2d4851a1d" relativeResultsDirectory="4744cc81-71bc-4e0a-a548-3921a35347a9" />
    <UnitTestResult executionId="259b0f70-b92d-46a9-8efa-11c9bd4c2aa0" testId="c653b125-53cd-cfb7-37f6-d179ceda9eb1" testName="Deep.Client.Shared.Tests.Services.MessageFlowTests.ReceiveAsync_DropsAlreadyExpiredInboundMessages" computerName="SURFACE-LT" duration="00:00:00.0033340" startTime="2026-07-19T14:35:09.9159163+05:00" endTime="2026-07-19T14:35:09.9191605+05:00" testType="13cdc9d9-ddb5-4fa4-a97d-d965ccfc6d4b" outcome="Passed" testListId="8c84fa94-04c1-424b-9868-57a2d4851a1d" relativeResultsDirectory="259b0f70-b92d-46a9-8efa-11c9bd4c2aa0" />
    <UnitTestResult executionId="4a86c76d-f81e-43fc-b99b-ecb49b3d4ad3" testId="de5b849c-7a89-d732-a85e-ddf2f7e201ac" testName="Deep.Client.Shared.Tests.Services.MembershipTrustServiceTests.PublicOperations_BoundUnrequestedDependencyCancellation(operation: &quot;self-hosted&quot;, dependency: &quot;repository&quot;)" computerName="SURFACE-LT" duration="00:00:00.0004705" startTime="2026-07-19T14:35:09.8266056+05:00" endTime="2026-07-19T14:35:09.8270235+05:00" testType="13cdc9d9-ddb5-4fa4-a97d-d965ccfc6d4b" outcome="Passed" testListId="8c84fa94-04c1-424b-9868-57a2d4851a1d" relativeResultsDirectory="4a86c76d-f81e-43fc-b99b-ecb49b3d4ad3" />
    <UnitTestResult executionId="3fe8c4ae-1c36-43d9-92ef-8bc9b092c901" testId="3502650f-f1e0-c7de-3e92-4b28d949a1ed" testName="Deep.Client.Shared.Tests.Services.OutboxDispatchTests.SignOutWaitsForDispatchQuiescenceAndPurgesQueuedMessages" computerName="SURFACE-LT" duration="00:00:00.0216234" startTime="2026-07-19T14:35:09.7400376+05:00" endTime="2026-07-19T14:35:09.7622180+05:00" testType="13cdc9d9-ddb5-4fa4-a97d-d965ccfc6d4b" outcome="Passed" testListId="8c84fa94-04c1-424b-9868-57a2d4851a1d" relativeResultsDirectory="3fe8c4ae-1c36-43d9-92ef-8bc9b092c901" />
    <UnitTestResult executionId="70b50a23-7c27-49a4-9936-81982ee44099" testId="4c3c9e78-4c46-03c3-2d58-ec61c6c1747a" testName="Deep.Client.Shared.Tests.Persistence.MembershipTrustRepositoryContractTests.HistoricalReplayAndDivergence_HaveParity(sqlite: True)" computerName="SURFACE-LT" duration="00:00:00.0611364" startTime="2026-07-19T14:35:13.3517071+05:00" endTime="2026-07-19T14:35:13.4127243+05:00" testType="13cdc9d9-ddb5-4fa4-a97d-d965ccfc6d4b" outcome="Passed" testListId="8c84fa94-04c1-424b-9868-57a2d4851a1d" relativeResultsDirectory="70b50a23-7c27-49a4-9936-81982ee44099" />
    <UnitTestResult executionId="ca98e59f-8c5b-44b7-b25a-2fd3e689bc30" testId="7c21cf78-ba84-0d0d-ea28-1c9cd738629b" testName="Deep.Client.Shared.Tests.Services.MetadataPrivacyCharacterizationTests.BetaMetadataGate_FailsForEachUnresolvedFinding(findingId: &quot;META-PUSH-RAW-ACCOUNT&quot;, status: &quot;unresolved&quot;, evidence: &quot;MetadataPrivacyCharacterizationTests.PushSubscript&quot;···)" computerName="SURFACE-LT" duration="00:00:00.0001615" startTime="2026-07-19T14:35:09.7262516+05:00" endTime="2026-07-19T14:35:09.7263312+05:00" testType="13cdc9d9-ddb5-4fa4-a97d-d965ccfc6d4b" outcome="Passed" testListId="8c84fa94-04c1-424b-9868-57a2d4851a1d" relativeResultsDirectory="ca98e59f-8c5b-44b7-b25a-2fd3e689bc30" />
    <UnitTestResult executionId="95fbbf68-ee07-460d-b696-e0963b08462c" testId="cdffdb3a-757f-50a3-5489-bc84a4d9c956" testName="Deep.Client.Shared.Tests.Services.E2eeEnvelopeCodecTests.Decrypt_RejectsUnknownVersionKindAndFlags" computerName="SURFACE-LT" duration="00:00:00.0044803" startTime="2026-07-19T14:35:09.7690577+05:00" endTime="2026-07-19T14:35:09.7734661+05:00" testType="13cdc9d9-ddb5-4fa4-a97d-d965ccfc6d4b" outcome="Passed" testListId="8c84fa94-04c1-424b-9868-57a2d4851a1d" relativeResultsDirectory="95fbbf68-ee07-460d-b696-e0963b08462c" />
    <UnitTestResult executionId="c1fb25db-d76e-4316-a215-ba2e3441fd93" testId="8a208f59-201f-717c-7764-c13a3d99dbe8" testName="Deep.Client.Shared.Tests.Services.DurableInboxRecoveryTests.E2eeInbox_RestartRecoversEveryRetrieveStageDecodeBoundary(crashPoint: BeforeStage)" computerName="SURFACE-LT" duration="00:00:00.2387568" startTime="2026-07-19T14:35:10.3700774+05:00" endTime="2026-07-19T14:35:10.6089953+05:00" testType="13cdc9d9-ddb5-4fa4-a97d-d965ccfc6d4b" outcome="Passed" testListId="8c84fa94-04c1-424b-9868-57a2d4851a1d" relativeResultsDirectory="c1fb25db-d76e-4316-a215-ba2e3441fd93" />
    <UnitTestResult executionId="838c5115-9e6b-4030-8b50-a67391130420" testId="49ac9afa-eabe-cafb-dd9b-2b5675b16717" testName="Deep.Client.Shared.Tests.Services.XNodeRpcClientTrustTests.RefreshRouteAsync_RejectsRouteWithWrongHopCount(hopCount: 4)" computerName="SURFACE-LT" duration="00:00:00.0029952" startTime="2026-07-19T14:35:10.0155220+05:00" endTime="2026-07-19T14:35:10.0175758+05:00" testType="13cdc9d9-ddb5-4fa4-a97d-d965ccfc6d4b" outcome="Passed" testListId="8c84fa94-04c1-424b-9868-57a2d4851a1d" relativeResultsDirectory="838c5115-9e6b-4030-8b50-a67391130420" />
    <UnitTestResult executionId="08a29656-0926-4801-978a-0de173a1afa8" testId="30345e82-66fe-9337-72cf-ea223a2017ca" testName="Deep.Client.Shared.Tests.Services.SessionAccountServiceTests.UpdateDisplayName_PersistsActiveAccountAndSelfContact" computerName="SURFACE-LT" duration="00:00:00.0029411" startTime="2026-07-19T14:35:09.8640775+05:00" endTime="2026-07-19T14:35:09.8671150+05:00" testType="13cdc9d9-ddb5-4fa4-a97d-d965ccfc6d4b" outcome="Passed" testListId="8c84fa94-04c1-424b-9868-57a2d4851a1d" relativeResultsDirectory="08a29656-0926-4801-978a-0de173a1afa8" />
    <UnitTestResult executionId="5d8d8bae-b3e2-4eaf-b967-c7de368dd581" testId="be109106-0b39-0147-79f1-459f869214b1" testName="Deep.Client.Shared.Tests.Services.PushSignatureV2GoldenTests.PushDtos_AcceptAbsentOrExactVersionTwoAndAlwaysSerializeVersionTwo(includeVersion: True)" computerName="SURFACE-LT" duration="00:00:00.0006018" startTime="2026-07-19T14:35:09.6946679+05:00" endTime="2026-07-19T14:35:09.6956460+05:00" testType="13cdc9d9-ddb5-4fa4-a97d-d965ccfc6d4b" outcome="Passed" testListId="8c84fa94-04c1-424b-9868-57a2d4851a1d" relativeResultsDirectory="5d8d8bae-b3e2-4eaf-b967-c7de368dd581" />
    <UnitTestResult executionId="a9d6a8fd-37f4-4d02-a8c5-c951125c4af7" testId="0aeff954-9633-ed9c-8804-2e9a55fbba29" testName="Deep.Client.Shared.Tests.Domain.DomainRulesTests.GroupV2DisappearingMessagesForceDeleteAfterSend" computerName="SURFACE-LT" duration="00:00:00.0000782" startTime="2026-07-19T14:35:09.6980426+05:00" endTime="2026-07-19T14:35:09.6980824+05:00" testType="13cdc9d9-ddb5-4fa4-a97d-d965ccfc6d4b" outcome="Passed" testListId="8c84fa94-04c1-424b-9868-57a2d4851a1d" relativeResultsDirectory="a9d6a8fd-37f4-4d02-a8c5-c951125c4af7" />
    <UnitTestResult executionId="baf5e618-d5e0-4347-9b59-9d5a09f4f942" testId="1fd6fa10-990e-9272-9ca3-893e8f59b436" testName="Deep.Client.Shared.Tests.Persistence.MembershipTrustSqliteRecoveryTests.MalformedOrOutOfRangeRecordTimestamps_ReturnCorrupt(corruption: &quot;observed-at-out-of-range&quot;)" computerName="SURFACE-LT" duration="00:00:00.0524380" startTime="2026-07-19T14:35:11.3391249+05:00" endTime="2026-07-19T14:35:11.3915263+05:00" testType="13cdc9d9-ddb5-4fa4-a97d-d965ccfc6d4b" outcome="Passed" testListId="8c84fa94-04c1-424b-9868-57a2d4851a1d" relativeResultsDirectory="baf5e618-d5e0-4347-9b59-9d5a09f4f942" />
    <UnitTestResult executionId="94523b77-b461-49a3-9931-987cacd8d56c" testId="1954b1ec-c162-16b1-8075-d2b867c1e6d0" testName="Deep.Client.Shared.Tests.Persistence.MembershipTrustSqliteRecoveryTests.CorruptPhysicalState_BlocksWithoutPriorFallback(corruption: &quot;payload&quot;)" computerName="SURFACE-LT" duration="00:00:00.0781395" startTime="2026-07-19T14:35:10.8520985+05:00" endTime="2026-07-19T14:35:10.9295925+05:00" testType="13cdc9d9-ddb5-4fa4-a97d-d965ccfc6d4b" outcome="Passed" testListId="8c84fa94-04c1-424b-9868-57a2d4851a1d" relativeResultsDirectory="94523b77-b461-49a3-9931-987cacd8d56c" />
    <UnitTestResult executionId="b1ce838d-bf88-4510-a936-346efb2749ec" testId="49fc3d1a-cb66-4d20-9320-805452df0fa5" testName="Deep.Client.Shared.Tests.Services.MembershipTrustServiceTests.PublicOperations_BoundUnrequestedDependencyCancellation(operation: &quot;initialize&quot;, dependency: &quot;repository&quot;)" computerName="SURFACE-LT" duration="00:00:00.0005811" startTime="2026-07-19T14:35:09.8159522+05:00" endTime="2026-07-19T14:35:09.8220962+05:00" testType="13cdc9d9-ddb5-4fa4-a97d-d965ccfc6d4b" outcome="Passed" testListId="8c84fa94-04c1-424b-9868-57a2d4851a1d" relativeResultsDirectory="b1ce838d-bf88-4510-a936-346efb2749ec" />
    <UnitTestResult executionId="6d7333e7-5161-432f-ac31-a21e23be1729" testId="e3b912de-2bb7-a916-0cf0-5b4d2cc2bf5d" testName="Deep.Client.Shared.Tests.Services.E2eeEnvelopeCodecTests.Decrypt_RejectsValidSignatureWhenSenderKeyDoesNotBindToSenderSessionId" computerName="SURFACE-LT" duration="00:00:00.0063326" startTime="2026-07-19T14:35:09.7878453+05:00" endTime="2026-07-19T14:35:09.7936125+05:00" testType="13cdc9d9-ddb5-4fa4-a97d-d965ccfc6d4b" outcome="Passed" testListId="8c84fa94-04c1-424b-9868-57a2d4851a1d" relativeResultsDirectory="6d7333e7-5161-432f-ac31-a21e23be1729" />
    <UnitTestResult executionId="f852cd9f-44bf-4287-9dd1-215e53631dca" testId="15d6c088-fc1c-c957-23af-afad116c4c7f" testName="Deep.Client.Shared.Tests.Persistence.TransportOutboxContractRedTests.PreparedItemRequiresExplicitRecipientAckBeforeDelivered" computerName="SURFACE-LT" duration="00:00:00.0011218" startTime="2026-07-19T14:35:10.1584280+05:00" endTime="2026-07-19T14:35:10.1590951+05:00" testType="13cdc9d9-ddb5-4fa4-a97d-d965ccfc6d4b" outcome="Passed" testListId="8c84fa94-04c1-424b-9868-57a2d4851a1d" relativeResultsDirectory="f852cd9f-44bf-4287-9dd1-215e53631dca" />
    <UnitTestResult executionId="14dd5574-bfbb-4b26-bd8e-aee520809924" testId="dfc7622b-4829-9f30-0586-c2cd14c6add8" testName="Deep.Client.Shared.Tests.Services.MessageFlowTests.GroupAdminOperations_RequireAdminPrivileges_AndUpdateMembers" computerName="SURFACE-LT" duration="00:00:00.0045034" startTime="2026-07-19T14:35:09.8889326+05:00" endTime="2026-07-19T14:35:09.8931181+05:00" testType="13cdc9d9-ddb5-4fa4-a97d-d965ccfc6d4b" outcome="Passed" testListId="8c84fa94-04c1-424b-9868-57a2d4851a1d" relativeResultsDirectory="14dd5574-bfbb-4b26-bd8e-aee520809924" />
    <UnitTestResult executionId="752c2d59-611d-430a-81a3-c6e22ba83f11" testId="c51fd841-4f62-dc19-a84c-9cce088ec0d9" testName="Deep.Client.Shared.Tests.Services.MembershipTrustServiceTests.SelfHostedGenesis_RequiresExactIndependentPinsAndSignatures" computerName="SURFACE-LT" duration="00:00:00.0016551" startTime="2026-07-19T14:35:14.0645697+05:00" endTime="2026-07-19T14:35:14.0659913+05:00" testType="13cdc9d9-ddb5-4fa4-a97d-d965ccfc6d4b" outcome="Passed" testListId="8c84fa94-04c1-424b-9868-57a2d4851a1d" relativeResultsDirectory="752c2d59-611d-430a-81a3-c6e22ba83f11" />
    <UnitTestResult executionId="93f4377f-4f1e-48ef-b8b7-74139b59c59b" testId="c9087f51-2cc7-0674-8581-45b6b1e7710f" testName="Deep.Client.Shared.Tests.Services.MessageFlowTests.ReceiveGroupAsync_RejectsOutsiderMessageWithoutPersistingConversationOrMessage" computerName="SURFACE-LT" duration="00:00:00.0026752" startTime="2026-07-19T14:35:09.9374510+05:00" endTime="2026-07-19T14:35:09.9391676+05:00" testType="13cdc9d9-ddb5-4fa4-a97d-d965ccfc6d4b" outcome="Passed" testListId="8c84fa94-04c1-424b-9868-57a2d4851a1d" relativeResultsDirectory="93f4377f-4f1e-48ef-b8b7-74139b59c59b" />
    <UnitTestResult executionId="ab5e4bd1-d6eb-4a53-8ce9-29008bc34da5" testId="7ca73378-68da-2ce9-513e-b246e16e431d" testName="Deep.Client.Shared.Tests.Services.AttachmentFileTransportTests.HttpAttachmentFileTransport_RejectsUnsafeInboundRemoteUri(remoteUri: &quot;https://other.local/file/file-abc&quot;)" computerName="SURFACE-LT" duration="00:00:00.0034256" startTime="2026-07-19T14:35:09.9412113+05:00" endTime="2026-07-19T14:35:09.9444093+05:00" testType="13cdc9d9-ddb5-4fa4-a97d-d965ccfc6d4b" outcome="Passed" testListId="8c84fa94-04c1-424b-9868-57a2d4851a1d" relativeResultsDirectory="ab5e4bd1-d6eb-4a53-8ce9-29008bc34da5" />
    <UnitTestResult executionId="8dbfd0d3-1a99-48e3-bdfb-4a3870553873" testId="b1b1c2f8-2d7c-1e93-0acc-a5a48f6cdfae" testName="Deep.Client.Shared.Tests.Services.ConversationServiceTests.UpdateContactDisplayName_PersistsThroughSqliteStore" computerName="SURFACE-LT" duration="00:00:00.3127074" startTime="2026-07-19T14:35:10.2204616+05:00" endTime="2026-07-19T14:35:10.5333774+05:00" testType="13cdc9d9-ddb5-4fa4-a97d-d965ccfc6d4b" outcome="Passed" testListId="8c84fa94-04c1-424b-9868-57a2d4851a1d" relativeResultsDirectory="8dbfd0d3-1a99-48e3-bdfb-4a3870553873" />
    <UnitTestResult executionId="fc6e9dfb-bcfe-4e5e-bda1-dcb9cd4180ba" testId="a1665b19-c6f4-7ecd-76f7-30f8f10aca27" testName="Deep.Client.Shared.Tests.Services.E2eeEnvelopeCodecTests.Decrypt_RejectsInvalidLengthFieldsTruncationTrailingBytesAndOversize" computerName="SURFACE-LT" duration="00:00:00.0088100" startTime="2026-07-19T14:35:09.7615628+05:00" endTime="2026-07-19T14:35:09.7657467+05:00" testType="13cdc9d9-ddb5-4fa4-a97d-d965ccfc6d4b" outcome="Passed" testListId="8c84fa94-04c1-424b-9868-57a2d4851a1d" relativeResultsDirectory="fc6e9dfb-bcfe-4e5e-bda1-dcb9cd4180ba" />
    <UnitTestResult executionId="24674c85-afad-43c2-bb90-b468805b18a0" testId="2097f5db-c4e2-100b-23a2-240efd9036d1" testName="Deep.Client.Shared.Tests.Services.E2eeClientTransportTests.Receive_SkipsPlaintextMalformedOuterAndTamperedEntriesButContinuesBatch" computerName="SURFACE-LT" duration="00:00:00.0105976" startTime="2026-07-19T14:35:10.3006282+05:00" endTime="2026-07-19T14:35:10.3114285+05:00" testType="13cdc9d9-ddb5-4fa4-a97d-d965ccfc6d4b" outcome="Passed" testListId="8c84fa94-04c1-424b-9868-57a2d4851a1d" relativeResultsDirectory="24674c85-afad-43c2-bb90-b468805b18a0" />
    <UnitTestResult executionId="7a4681ee-4110-4243-ab0c-913763b1cf43" testId="42247b04-54b6-3790-6faa-8e777d50dd2d" testName="Deep.Client.Shared.Tests.Persistence.TransportOutboxRepositoryContractTests.AttemptCountIsStrictlyBounded(sqlite: True)" computerName="SURFACE-LT" duration="00:00:00.2651008" startTime="2026-07-19T14:35:10.7364293+05:00" endTime="2026-07-19T14:35:11.0012699+05:00" testType="13cdc9d9-ddb5-4fa4-a97d-d965ccfc6d4b" outcome="Passed" testListId="8c84fa94-04c1-424b-9868-57a2d4851a1d" relativeResultsDirectory="7a4681ee-4110-4243-ab0c-913763b1cf43" />
    <UnitTestResult executionId="3fc78556-390c-4853-b544-517acf2748e2" testId="a10483d0-9285-944f-6824-deb63c3b7d6e" testName="Deep.Client.Shared.Tests.Services.SessionAccountServiceTests.LoginWithoutDisplayName_UsesRecoveredProfileName_WhenLookupSucceeds" computerName="SURFACE-LT" duration="00:00:00.0018884" startTime="2026-07-19T14:35:09.8436039+05:00" endTime="2026-07-19T14:35:09.8454401+05:00" testType="13cdc9d9-ddb5-4fa4-a97d-d965ccfc6d4b" outcome="Passed" testListId="8c84fa94-04c1-424b-9868-57a2d4851a1d" relativeResultsDirectory="3fc78556-390c-4853-b544-517acf2748e2" />
    <UnitTestResult executionId="2096e5b1-cb64-4816-9a5b-22635c2ec759" testId="351af6d0-37e2-00a3-ed70-6ea228ecfd0a" testName="Deep.Client.Shared.Tests.Services.MembershipTrustServiceTests.PublicOperations_StillPropagateCancellation(operation: &quot;bridge&quot;)" computerName="SURFACE-LT" duration="00:00:00.0004533" startTime="2026-07-19T14:35:09.8443265+05:00" endTime="2026-07-19T14:35:09.8443673+05:00" testType="13cdc9d9-ddb5-4fa4-a97d-d965ccfc6d4b" outcome="Passed" testListId="8c84fa94-04c1-424b-9868-57a2d4851a1d" relativeResultsDirectory="2096e5b1-cb64-4816-9a5b-22635c2ec759" />
    <UnitTestResult executionId="3f730c71-ccdb-4ca6-a939-15d6be392cab" testId="f712e4a7-acad-d5f3-b6af-2fdfb69c8cf5" testName="Deep.Client.Shared.Tests.Services.PushSubscriptionTransportTests.PushRegistrationCoordinator_DoesNotAdvertiseUnconfiguredServerProviders(provider: &quot;apns&quot;)" computerName="SURFACE-LT" duration="00:00:00.0001676" startTime="2026-07-19T14:35:09.8232618+05:00" endTime="2026-07-19T14:35:09.8232918+05:00" testType="13cdc9d9-ddb5-4fa4-a97d-d965ccfc6d4b" outcome="Passed" testListId="8c84fa94-04c1-424b-9868-57a2d4851a1d" relativeResultsDirectory="3f730c71-ccdb-4ca6-a939-15d6be392cab" />
    <UnitTestResult executionId="51c8c2e3-c2dd-48e8-9aed-846410cc4317" testId="9c26ffd0-05e2-2aae-2fcf-8d9412987635" testName="Deep.Client.Shared.Tests.Services.PushSubscriptionTransportTests.PushRegistrationCoordinator_InvalidatesAndResubscribesAfterTokenRotation" computerName="SURFACE-LT" duration="00:00:00.0051754" startTime="2026-07-19T14:35:09.8233693+05:00" endTime="2026-07-19T14:35:09.8278990+05:00" testType="13cdc9d9-ddb5-4fa4-a97d-d965ccfc6d4b" outcome="Passed" testListId="8c84fa94-04c1-424b-9868-57a2d4851a1d" relativeResultsDirectory="51c8c2e3-c2dd-48e8-9aed-846410cc4317" />
    <UnitTestResult executionId="2c828a54-61b6-487f-8ecf-35ef8fc2943f" testId="8a70a37b-7208-fe84-3ee1-6bb23b024843" testName="Deep.Client.Shared.Tests.Persistence.MembershipTrustRepositoryContractTests.DomainAndInstallationProfileTracks_AreIndependent(sqlite: True)" computerName="SURFACE-LT" duration="00:00:00.0484332" startTime="2026-07-19T14:35:13.4577440+05:00" endTime="2026-07-19T14:35:13.5061157+05:00" testType="13cdc9d9-ddb5-4fa4-a97d-d965ccfc6d4b" outcome="Passed" testListId="8c84fa94-04c1-424b-9868-57a2d4851a1d" relativeResultsDirectory="2c828a54-61b6-487f-8ecf-35ef8fc2943f" />
    <UnitTestResult executionId="059cf18a-1bad-43e5-8393-d33c9a88ce05" testId="772e282e-e5f0-b32d-8bda-11b2654de7bb" testName="Deep.Client.Shared.Tests.Services.E2eeClientTransportTests.Replay_SameDigestIsIgnoredAndDifferentDigestForLogicalIdIsRejected" computerName="SURFACE-LT" duration="00:00:00.0261073" startTime="2026-07-19T14:35:09.7861471+05:00" endTime="2026-07-19T14:35:09.8125031+05:00" testType="13cdc9d9-ddb5-4fa4-a97d-d965ccfc6d4b" outcome="Passed" testListId="8c84fa94-04c1-424b-9868-57a2d4851a1d" relativeResultsDirectory="059cf18a-1bad-43e5-8393-d33c9a88ce05" />
    <UnitTestResult executionId="b5ed24c9-1c25-414b-9224-8bee5575429b" testId="c384c4b5-91a4-cf1f-061d-ebe54cdd8354" testName="Deep.Client.Shared.Tests.Services.PushSignatureV2GoldenTests.PushDtos_AcceptAbsentOrExactVersionTwoAndAlwaysSerializeVersionTwo(includeVersion: False)" computerName="SURFACE-LT" duration="00:00:00.0003797" startTime="2026-07-19T14:35:09.6943241+05:00" endTime="2026-07-19T14:35:09.6945783+05:00" testType="13cdc9d9-ddb5-4fa4-a97d-d965ccfc6d4b" outcome="Passed" testListId="8c84fa94-04c1-424b-9868-57a2d4851a1d" relativeResultsDirectory="b5ed24c9-1c25-414b-9224-8bee5575429b" />
    <UnitTestResult executionId="06414b77-c094-4572-ab55-8c24462805fd" testId="b3a321e7-9466-1e41-a2c8-df4aee6f283a" testName="Deep.Client.Shared.Tests.Services.MembershipTrustServiceTests.Evaluate_RevisionFenceRejectsConcurrentAuthorityChange" computerName="SURFACE-LT" duration="00:00:00.0043417" startTime="2026-07-19T14:35:14.0090112+05:00" endTime="2026-07-19T14:35:14.0131974+05:00" testType="13cdc9d9-ddb5-4fa4-a97d-d965ccfc6d4b" outcome="Passed" testListId="8c84fa94-04c1-424b-9868-57a2d4851a1d" relativeResultsDirectory="06414b77-c094-4572-ab55-8c24462805fd" />
    <UnitTestResult executionId="e883207a-9a1e-49c1-8658-9cd75321e36f" testId="81783130-af5e-ceee-5d71-ffc423ced425" testName="Deep.Client.Shared.Tests.Services.ConversationServiceTests.UpdateContactDisplayName_PersistsContactAndConversationTitle" computerName="SURFACE-LT" duration="00:00:00.0016220" startTime="2026-07-19T14:35:10.2182946+05:00" endTime="2026-07-19T14:35:10.2199380+05:00" testType="13cdc9d9-ddb5-4fa4-a97d-d965ccfc6d4b" outcome="Passed" testListId="8c84fa94-04c1-424b-9868-57a2d4851a1d" relativeResultsDirectory="e883207a-9a1e-49c1-8658-9cd75321e36f" />
    <UnitTestResult executionId="3bde4228-8faf-4f86-8ecf-c91a20e8de77" testId="c0eccc07-7478-f7ba-fe0d-8cadcb6f1ecf" testName="Deep.Client.Shared.Tests.Services.MembershipTrustServiceTests.PublicOperations_BoundUnexpectedVerifierFailures(operation: &quot;delegation&quot;)" computerName="SURFACE-LT" duration="00:00:00.1248995" startTime="2026-07-19T14:35:09.6586781+05:00" endTime="2026-07-19T14:35:09.7712353+05:00" testType="13cdc9d9-ddb5-4fa4-a97d-d965ccfc6d4b" outcome="Passed" testListId="8c84fa94-04c1-424b-9868-57a2d4851a1d" relativeResultsDirectory="3bde4228-8faf-4f86-8ecf-c91a20e8de77" />
    <UnitTestResult executionId="df32b4ee-a74a-4643-ad9b-7607807541d0" testId="d9cf0275-b453-5935-9f7d-ee133788ef73" testName="Deep.Client.Shared.Tests.Services.MembershipTrustServiceTests.PublicOperations_BoundUnrequestedDependencyCancellation(operation: &quot;self-hosted&quot;, dependency: &quot;verifier&quot;)" computerName="SURFACE-LT" duration="00:00:00.0031560" startTime="2026-07-19T14:35:09.8307071+05:00" endTime="2026-07-19T14:35:09.8337755+05:00" testType="13cdc9d9-ddb5-4fa4-a97d-d965ccfc6d4b" outcome="Passed" testListId="8c84fa94-04c1-424b-9868-57a2d4851a1d" relativeResultsDirectory="df32b4ee-a74a-4643-ad9b-7607807541d0" />
    <UnitTestResult executionId="eb21b8c1-6e11-4486-8cf2-df1cfabe32fc" testId="04822b60-2aa4-adcf-a80b-0f7f64305270" testName="Deep.Client.Shared.Tests.Persistence.MembershipTrustSqliteRecoveryTests.CorruptPhysicalState_BlocksWithoutPriorFallback(corruption: &quot;orphan&quot;)" computerName="SURFACE-LT" duration="00:00:00.0920153" startTime="2026-07-19T14:35:09.9737606+05:00" endTime="2026-07-19T14:35:10.0658138+05:00" testType="13cdc9d9-ddb5-4fa4-a97d-d965ccfc6d4b" outcome="Passed" testListId="8c84fa94-04c1-424b-9868-57a2d4851a1d" relativeResultsDirectory="eb21b8c1-6e11-4486-8cf2-df1cfabe32fc" />
    <UnitTestResult executionId="0c29ebf4-0dac-4020-8215-f117c48f4d66" testId="6c377fa7-444e-daa2-45b1-5b23081a4be2" testName="Deep.Client.Shared.Tests.Services.AvatarProfileTransportTests.ClientRuntime_CreateStubbed_DisablesAvatarProfilesByDefault" computerName="SURFACE-LT" duration="00:00:00.0009970" startTime="2026-07-19T14:35:09.6931194+05:00" endTime="2026-07-19T14:35:09.6940127+05:00" testType="13cdc9d9-ddb5-4fa4-a97d-d965ccfc6d4b" outcome="Passed" testListId="8c84fa94-04c1-424b-9868-57a2d4851a1d" relativeResultsDirectory="0c29ebf4-0dac-4020-8215-f117c48f4d66" />
    <UnitTestResult executionId="0abee199-338d-425e-9c92-88bf3bb6cd6e" testId="865518d4-e264-c585-67e1-3524ea7f5b6f" testName="Deep.Client.Shared.Tests.Services.MetadataPrivacyCharacterizationTests.BetaMetadataGate_FailsForEachUnresolvedFinding(findingId: &quot;META-DPE1-CLEAR-RECIPIENT&quot;, status: &quot;unresolved&quot;, evidence: &quot;MetadataPrivacyCharacterizationTests.Dpe1Header_Co&quot;···)" computerName="SURFACE-LT" duration="00:00:00.0000016" startTime="2026-07-19T14:35:09.7274413+05:00" endTime="2026-07-19T14:35:09.7274758+05:00" testType="13cdc9d9-ddb5-4fa4-a97d-d965ccfc6d4b" outcome="Passed" testListId="8c84fa94-04c1-424b-9868-57a2d4851a1d" relativeResultsDirectory="0abee199-338d-425e-9c92-88bf3bb6cd6e" />
    <UnitTestResult executionId="1059a346-61d8-4c23-baf6-6648b21d2fc9" testId="f08097a4-400b-c500-9db0-0d8578ecbac9" testName="Deep.Client.Shared.Tests.Persistence.MembershipTrustRepositoryContractTests.SqliteCommit_ValidatesCanonicalHistoryBeforeSuccess(corruption: &quot;missing-middle&quot;)" computerName="SURFACE-LT" duration="00:00:00.0493101" startTime="2026-07-19T14:35:13.6617906+05:00" endTime="2026-07-19T14:35:13.7107680+05:00" testType="13cdc9d9-ddb5-4fa4-a97d-d965ccfc6d4b" outcome="Passed" testListId="8c84fa94-04c1-424b-9868-57a2d4851a1d" relativeResultsDirectory="1059a346-61d8-4c23-baf6-6648b21d2fc9" />
    <UnitTestResult executionId="6020a1e1-8f24-48d9-99b6-de13986810c8" testId="42e39b6d-b95c-5017-8e31-ac76079c1916" testName="Deep.Client.Shared.Tests.Persistence.MembershipTrustRepositoryContractTests.ObservedClockHighWater_IsCasPersistedAndRejectsRollback(sqlite: False)" computerName="SURFACE-LT" duration="00:00:00.0002541" startTime="2026-07-19T14:35:10.2373723+05:00" endTime="2026-07-19T14:35:10.2374970+05:00" testType="13cdc9d9-ddb5-4fa4-a97d-d965ccfc6d4b" outcome="Passed" testListId="8c84fa94-04c1-424b-9868-57a2d4851a1d" relativeResultsDirectory="6020a1e1-8f24-48d9-99b6-de13986810c8" />
    <UnitTestResult executionId="a0ade0fb-16e1-40da-9e5e-e58429a57cfe" testId="e2bf762a-dd51-2781-f823-13d5f9e660a8" testName="Deep.Client.Shared.Tests.Services.XNodeRpcClientTrustTests.CanonicalJson_MatchesServerVector" computerName="SURFACE-LT" duration="00:00:00.0006666" startTime="2026-07-19T14:35:10.0496578+05:00" endTime="2026-07-19T14:35:10.0502166+05:00" testType="13cdc9d9-ddb5-4fa4-a97d-d965ccfc6d4b" outcome="Passed" testListId="8c84fa94-04c1-424b-9868-57a2d4851a1d" relativeResultsDirectory="a0ade0fb-16e1-40da-9e5e-e58429a57cfe" />
    <UnitTestResult executionId="18523594-4d9d-463d-bc50-7dddf57f7d82" testId="1e9dc5e4-9cb5-ccfa-ad8f-93665c52c099" testName="Deep.Client.Shared.Tests.Services.XNodeRpcClientTrustTests.RefreshRouteAsync_ConcurrentTargetsReturnTheirOwnValidatedSnapshots" computerName="SURFACE-LT" duration="00:00:00.1001670" startTime="2026-07-19T14:35:10.0567875+05:00" endTime="2026-07-19T14:35:10.1572460+05:00" testType="13cdc9d9-ddb5-4fa4-a97d-d965ccfc6d4b" outcome="Passed" testListId="8c84fa94-04c1-424b-9868-57a2d4851a1d" relativeResultsDirectory="18523594-4d9d-463d-bc50-7dddf57f7d82" />
    <UnitTestResult executionId="222eabf6-9e04-4f48-bab7-6bd02ae267e2" testId="703b4266-e49b-7b46-ec23-9346485cb1a1" testName="Deep.Client.Shared.Tests.Services.MembershipTrustServiceTests.RotatedAuthority_SurvivesOriginalBootstrapExpiryAndRestart" computerName="SURFACE-LT" duration="00:00:00.0029200" startTime="2026-07-19T14:35:14.0477293+05:00" endTime="2026-07-19T14:35:14.0507342+05:00" testType="13cdc9d9-ddb5-4fa4-a97d-d965ccfc6d4b" outcome="Passed" testListId="8c84fa94-04c1-424b-9868-57a2d4851a1d" relativeResultsDirectory="222eabf6-9e04-4f48-bab7-6bd02ae267e2" />
    <UnitTestResult executionId="9817a95a-2664-4e9a-84aa-51ef17666366" testId="d0a25b40-aeb3-386f-8a43-b696094f46da" testName="Deep.Client.Shared.Tests.Services.PushSubscriptionTransportTests.PushRegistrationCoordinator_UnregisterCancelsLateSubscribeAndAllowsSameAccountReregister" computerName="SURFACE-LT" duration="00:00:00.0225091" startTime="2026-07-19T14:35:09.8332762+05:00" endTime="2026-07-19T14:35:09.8566115+05:00" testType="13cdc9d9-ddb5-4fa4-a97d-d965ccfc6d4b" outcome="Passed" testListId="8c84fa94-04c1-424b-9868-57a2d4851a1d" relativeResultsDirectory="9817a95a-2664-4e9a-84aa-51ef17666366" />
    <UnitTestResult executionId="219da9fb-72be-40f5-b312-35858aabedbb" testId="bcc23991-1968-e7b6-f6d1-6bbc2d4ac86b" testName="Deep.Client.Shared.Tests.Services.MembershipTrustServiceTests.PublicOperations_BoundUnrequestedDependencyCancellation(operation: &quot;evaluate&quot;, dependency: &quot;verifier&quot;)" computerName="SURFACE-LT" duration="00:00:00.0025226" startTime="2026-07-19T14:35:09.8124693+05:00" endTime="2026-07-19T14:35:09.8145021+05:00" testType="13cdc9d9-ddb5-4fa4-a97d-d965ccfc6d4b" outcome="Passed" testListId="8c84fa94-04c1-424b-9868-57a2d4851a1d" relativeResultsDirectory="219da9fb-72be-40f5-b312-35858aabedbb" />
    <UnitTestResult executionId="9dd84640-723a-4d80-b2a5-40aa98e78d89" testId="45878694-36b5-6104-db04-a856031ded11" testName="Deep.Client.Shared.Tests.Persistence.PersistenceTests.LocalSchemaMigratorAppliesAllVersionsOnce" computerName="SURFACE-LT" duration="00:00:00.0006635" startTime="2026-07-19T14:35:16.2749646+05:00" endTime="2026-07-19T14:35:16.2756957+05:00" testType="13cdc9d9-ddb5-4fa4-a97d-d965ccfc6d4b" outcome="Passed" testListId="8c84fa94-04c1-424b-9868-57a2d4851a1d" relativeResultsDirectory="9dd84640-723a-4d80-b2a5-40aa98e78d89" />
    <UnitTestResult executionId="7185de98-0f94-4147-b89b-d79ede00c20a" testId="77790410-eed6-6d1d-e66f-bcb2916a856a" testName="Deep.Client.Shared.Tests.Services.ClientRuntimeStorageE2ETests.ClientRuntime_SyncsGroupStateAndMessagesThroughLiveStorage_WhenConfigured" computerName="SURFACE-LT" duration="00:00:00.0046858" startTime="2026-07-19T14:35:09.6586457+05:00" endTime="2026-07-19T14:35:09.6625366+05:00" testType="13cdc9d9-ddb5-4fa4-a97d-d965ccfc6d4b" outcome="Passed" testListId="8c84fa94-04c1-424b-9868-57a2d4851a1d" relativeResultsDirectory="7185de98-0f94-4147-b89b-d79ede00c20a" />
    <UnitTestResult executionId="620055af-980c-4140-ad31-c324a96aa01a" testId="10539516-fd36-1b3d-ba31-d8dc51f2b698" testName="Deep.Client.Shared.Tests.Services.MetadataPrivacyCharacterizationTests.BetaMetadataGate_FailsForEachUnresolvedFinding(findingId: &quot;META-OPAQUE-RETRIEVE-CAPABILITY&quot;, status: &quot;unresolved&quot;, evidence: &quot;Current retrieval authenticates with the raw accou&quot;···)" computerName="SURFACE-LT" duration="00:00:00.0000034" startTime="2026-07-19T14:35:09.7263955+05:00" endTime="2026-07-19T14:35:09.7264312+05:00" testType="13cdc9d9-ddb5-4fa4-a97d-d965ccfc6d4b" outcome="Passed" testListId="8c84fa94-04c1-424b-9868-57a2d4851a1d" relativeResultsDirectory="620055af-980c-4140-ad31-c324a96aa01a" />
    <UnitTestResult executionId="55946c5d-8820-46b6-849e-ccaa544f8226" testId="cbb4c8e2-86c6-3c17-37c1-4b6f0456780a" testName="Deep.Client.Shared.Tests.Services.MembershipTrustServiceTests.ClockRollbackAndRevocation_AreBlocking" computerName="SURFACE-LT" duration="00:00:00.0018625" startTime="2026-07-19T14:35:14.0661999+05:00" endTime="2026-07-19T14:35:14.0678967+05:00" testType="13cdc9d9-ddb5-4fa4-a97d-d965ccfc6d4b" outcome="Passed" testListId="8c84fa94-04c1-424b-9868-57a2d4851a1d" relativeResultsDirectory="55946c5d-8820-46b6-849e-ccaa544f8226" />
    <UnitTestResult executionId="6e11c49f-1126-45a9-b931-3f9ea587fe1a" testId="b5b5dc5e-dcc5-a96c-a912-25ba655e9acf" testName="Deep.Client.Shared.Tests.Services.XNodeRpcClientTrustTests.RefreshRouteAsync_RejectsResponseBeforeParsingWhenByteLimitIsExceeded" computerName="SURFACE-LT" duration="00:00:00.0014414" startTime="2026-07-19T14:35:10.0345471+05:00" endTime="2026-07-19T14:35:10.0359046+05:00" testType="13cdc9d9-ddb5-4fa4-a97d-d965ccfc6d4b" outcome="Passed" testListId="8c84fa94-04c1-424b-9868-57a2d4851a1d" relativeResultsDirectory="6e11c49f-1126-45a9-b931-3f9ea587fe1a" />
    <UnitTestResult executionId="4ebf11cc-1ce2-49da-8f35-69c1625f2afb" testId="d57db955-2f0a-81c5-cb9e-295678a6c3db" testName="Deep.Client.Shared.Tests.Persistence.MembershipTrustSqliteRecoveryTests.CorruptPhysicalState_BlocksWithoutPriorFallback(corruption: &quot;missing-head&quot;)" computerName="SURFACE-LT" duration="00:00:00.0745262" startTime="2026-07-19T14:35:10.7767972+05:00" endTime="2026-07-19T14:35:10.8513412+05:00" testType="13cdc9d9-ddb5-4fa4-a97d-d965ccfc6d4b" outcome="Passed" testListId="8c84fa94-04c1-424b-9868-57a2d4851a1d" relativeResultsDirectory="4ebf11cc-1ce2-49da-8f35-69c1625f2afb" />
    <UnitTestResult executionId="3d2660fd-c141-4969-ad52-b9d3a0c0439b" testId="0f49eab5-9b8a-a7a8-8472-21f9c92f17bd" testName="Deep.Client.Shared.Tests.Services.PushSubscriptionTransportTests.PushRegistrationCoordinator_SameAccountCanRegisterAfterOffOnAndRelogin" computerName="SURFACE-LT" duration="00:00:00.0131025" startTime="2026-07-19T14:35:09.7401216+05:00" endTime="2026-07-19T14:35:09.7531288+05:00" testType="13cdc9d9-ddb5-4fa4-a97d-d965ccfc6d4b" outcome="Passed" testListId="8c84fa94-04c1-424b-9868-57a2d4851a1d" relativeResultsDirectory="3d2660fd-c141-4969-ad52-b9d3a0c0439b" />
    <UnitTestResult executionId="1ec337a3-69a5-4f62-9564-cc4b6e5c7d1d" testId="6f2881c6-37bf-1caf-2b57-fe5e10e8f6a8" testName="Deep.Client.Shared.Tests.Services.MembershipTrustServiceTests.PublicOperations_BoundUnexpectedRepositoryFailures(operation: &quot;membership&quot;)" computerName="SURFACE-LT" duration="00:00:00.0006410" startTime="2026-07-19T14:35:09.8563377+05:00" endTime="2026-07-19T14:35:09.8572304+05:00" testType="13cdc9d9-ddb5-4fa4-a97d-d965ccfc6d4b" outcome="Passed" testListId="8c84fa94-04c1-424b-9868-57a2d4851a1d" relativeResultsDirectory="1ec337a3-69a5-4f62-9564-cc4b6e5c7d1d" />
    <UnitTestResult executionId="05656aa7-d265-465e-8dd1-f34c2a21db32" testId="05b76978-3e0b-8b53-9f00-5c7fb4340d07" testName="Deep.Client.Shared.Tests.Persistence.ReplayRepositoryTests.Stores_AllowExactlyOneConcurrentFirstClaim" computerName="SURFACE-LT" duration="00:00:00.2532912" startTime="2026-07-19T14:35:09.9030606+05:00" endTime="2026-07-19T14:35:10.1563450+05:00" testType="13cdc9d9-ddb5-4fa4-a97d-d965ccfc6d4b" outcome="Passed" testListId="8c84fa94-04c1-424b-9868-57a2d4851a1d" relativeResultsDirectory="05656aa7-d265-465e-8dd1-f34c2a21db32" />
    <UnitTestResult executionId="98b1917c-dd19-409a-8470-a0692c3a39fe" testId="7cb18022-96b4-a6f6-77ba-48d42faab1ec" testName="Deep.Client.Shared.Tests.Services.SessionAccountServiceTests.Register_RecoveryPhraseStorageFailureNeverPublishesActiveAccount(throwAfterWrite: True)" computerName="SURFACE-LT" duration="00:00:00.0049423" startTime="2026-07-19T14:35:09.7909125+05:00" endTime="2026-07-19T14:35:09.7962933+05:00" testType="13cdc9d9-ddb5-4fa4-a97d-d965ccfc6d4b" outcome="Passed" testListId="8c84fa94-04c1-424b-9868-57a2d4851a1d" relativeResultsDirectory="98b1917c-dd19-409a-8470-a0692c3a39fe" />
    <UnitTestResult executionId="e017c68f-126c-4efb-bb46-665a89ada149" testId="6aed761a-a2a2-79b6-d4f7-836ec5f15dd4" testName="Deep.Client.Shared.Tests.Services.MembershipTrustServiceTests.RestartCryptographicallyRevalidatesPersistedAuthorityAndContent" computerName="SURFACE-LT" duration="00:00:00.0033690" startTime="2026-07-19T14:35:14.0609361+05:00" endTime="2026-07-19T14:35:14.0643367+05:00" testType="13cdc9d9-ddb5-4fa4-a97d-d965ccfc6d4b" outcome="Passed" testListId="8c84fa94-04c1-424b-9868-57a2d4851a1d" relativeResultsDirectory="e017c68f-126c-4efb-bb46-665a89ada149" />
    <UnitTestResult executionId="c1bbca1d-a7ad-4470-a164-721019f06669" testId="707f4230-0bcc-9ad0-d351-648d854f5202" testName="Deep.Client.Shared.Tests.Services.SessionTransportTests.RoutedSessionStorageMessageTransport_SendAndReceive_UsesRouterRpcAndTracksRoute" computerName="SURFACE-LT" duration="00:00:00.0336286" startTime="2026-07-19T14:35:10.2068458+05:00" endTime="2026-07-19T14:35:10.2404088+05:00" testType="13cdc9d9-ddb5-4fa4-a97d-d965ccfc6d4b" outcome="Passed" testListId="8c84fa94-04c1-424b-9868-57a2d4851a1d" relativeResultsDirectory="c1bbca1d-a7ad-4470-a164-721019f06669" />
    <UnitTestResult executionId="8850768a-a93c-47df-b2e7-ae64f58d5a01" testId="327d24f8-89af-ea79-d284-cc7f639b3215" testName="Deep.Client.Shared.Tests.Services.E2eeContentCodecTests.ContentEnvelopeConvenienceApi_BindsSenderAndKindButAllowsSenderCopyRecipient" computerName="SURFACE-LT" duration="00:00:00.0136235" startTime="2026-07-19T14:35:09.7074879+05:00" endTime="2026-07-19T14:35:09.7210657+05:00" testType="13cdc9d9-ddb5-4fa4-a97d-d965ccfc6d4b" outcome="Passed" testListId="8c84fa94-04c1-424b-9868-57a2d4851a1d" relativeResultsDirectory="8850768a-a93c-47df-b2e7-ae64f58d5a01" />
    <UnitTestResult executionId="1e75f6fc-5502-4597-a840-7415cd6f3ed9" testId="5b2a58f7-9ab9-788c-bbcb-de06379425de" testName="Deep.Client.Shared.Tests.Persistence.MembershipTrustRepositoryContractTests.SqliteCommit_OversizedExistingCandidateCannotAdvanceHead" computerName="SURFACE-LT" duration="00:00:00.0426231" startTime="2026-07-19T14:35:13.6195526+05:00" endTime="2026-07-19T14:35:13.6613117+05:00" testType="13cdc9d9-ddb5-4fa4-a97d-d965ccfc6d4b" outcome="Passed" testListId="8c84fa94-04c1-424b-9868-57a2d4851a1d" relativeResultsDirectory="1e75f6fc-5502-4597-a840-7415cd6f3ed9" />
    <UnitTestResult executionId="c6cbe1d9-6cd5-423f-8217-48670492c265" testId="72e158a6-5078-2694-dd27-65b1c3063452" testName="Deep.Client.Shared.Tests.Persistence.MembershipTrustRepositoryContractTests.SqliteCommit_ValidatesCanonicalHistoryBeforeSuccess(corruption: &quot;history-undercount&quot;)" computerName="SURFACE-LT" duration="00:00:00.0323202" startTime="2026-07-19T14:35:13.7396293+05:00" endTime="2026-07-19T14:35:13.7717452+05:00" testType="13cdc9d9-ddb5-4fa4-a97d-d965ccfc6d4b" outcome="Passed" testListId="8c84fa94-04c1-424b-9868-57a2d4851a1d" relativeResultsDirectory="c6cbe1d9-6cd5-423f-8217-48670492c265" />
    <UnitTestResult executionId="e16d3394-9f21-40be-af81-ad8f8da6e334" testId="5e135b42-89c2-f6c6-c55d-ad96af77d5d8" testName="Deep.Client.Shared.Tests.Persistence.MembershipTrustRepositoryContractTests.ConcurrentDifferentSuccessors_OnlyOneWins(sqlite: True)" computerName="SURFACE-LT" duration="00:00:00.0397657" startTime="2026-07-19T14:35:12.3215721+05:00" endTime="2026-07-19T14:35:12.3613007+05:00" testType="13cdc9d9-ddb5-4fa4-a97d-d965ccfc6d4b" outcome="Passed" testListId="8c84fa94-04c1-424b-9868-57a2d4851a1d" relativeResultsDirectory="e16d3394-9f21-40be-af81-ad8f8da6e334" />
    <UnitTestResult executionId="273707cb-8816-4717-aa6a-5851ad1e1a82" testId="bba96e88-0c46-1049-b92e-c71efd650fcc" testName="Deep.Client.Shared.Tests.Services.AccountGenerationLifecycleTests.SignOutKeepsEnumerationScopedUntilEnumeratorIsDisposed" computerName="SURFACE-LT" duration="00:00:00.0871151" startTime="2026-07-19T14:35:09.9942507+05:00" endTime="2026-07-19T14:35:10.0814288+05:00" testType="13cdc9d9-ddb5-4fa4-a97d-d965ccfc6d4b" outcome="Passed" testListId="8c84fa94-04c1-424b-9868-57a2d4851a1d" relativeResultsDirectory="273707cb-8816-4717-aa6a-5851ad1e1a82" />
    <UnitTestResult executionId="1e8caa20-73d7-4327-a5f7-856dfa28ef0e" testId="42d6b2c3-de1f-67b1-10c0-e963da6dd786" testName="Deep.Client.Shared.Tests.Services.OutboxDispatchTests.ClearConversationWaitsForDispatchQuiescenceAndPreventsStaleSend" computerName="SURFACE-LT" duration="00:00:00.0178536" startTime="2026-07-19T14:35:09.7623482+05:00" endTime="2026-07-19T14:35:09.7857004+05:00" testType="13cdc9d9-ddb5-4fa4-a97d-d965ccfc6d4b" outcome="Passed" testListId="8c84fa94-04c1-424b-9868-57a2d4851a1d" relativeResultsDirectory="1e8caa20-73d7-4327-a5f7-856dfa28ef0e" />
    <UnitTestResult executionId="4f0297c6-6de8-4629-b711-65a6a87268b8" testId="d1710cdc-0d42-256a-2897-b5b1cbe5fb4d" testName="Deep.Client.Shared.Tests.Services.MessageFlowTests.MarkAsRead_SetsReadCursor_AndUpdatesDeliveryState" computerName="SURFACE-LT" duration="00:00:00.0043134" startTime="2026-07-19T14:35:09.9323420+05:00" endTime="2026-07-19T14:35:09.9364538+05:00" testType="13cdc9d9-ddb5-4fa4-a97d-d965ccfc6d4b" outcome="Passed" testListId="8c84fa94-04c1-424b-9868-57a2d4851a1d" relativeResultsDirectory="4f0297c6-6de8-4629-b711-65a6a87268b8" />
    <UnitTestResult executionId="cb0e8db4-b6a4-45e3-8fbb-5e2834914875" testId="ab8716db-0db3-1c72-2bbe-78514fe3aaf4" testName="Deep.Client.Shared.Tests.Services.HttpCallSignalingTransportTests.AuthenticatedTransport_RejectsReplayAndStaleSignal" computerName="SURFACE-LT" duration="00:00:00.0315138" startTime="2026-07-19T14:35:09.7041729+05:00" endTime="2026-07-19T14:35:09.7356080+05:00" testType="13cdc9d9-ddb5-4fa4-a97d-d965ccfc6d4b" outcome="Passed" testListId="8c84fa94-04c1-424b-9868-57a2d4851a1d" relativeResultsDirectory="cb0e8db4-b6a4-45e3-8fbb-5e2834914875" />
    <UnitTestResult executionId="08e47988-0293-449a-a230-229573a962a9" testId="c4954679-f3a0-3341-a0aa-3ae51b56cd2c" testName="Deep.Client.Shared.Tests.Services.SessionAccountServiceTests.Register_DifferentPersistedAccountRequiresPurgeWhenRecoveryPhraseIsUnavailable(previousPhrase: &quot;corrupt recovery phrase&quot;)" computerName="SURFACE-LT" duration="00:00:00.0060533" startTime="2026-07-19T14:35:09.8117809+05:00" endTime="2026-07-19T14:35:09.8159922+05:00" testType="13cdc9d9-ddb5-4fa4-a97d-d965ccfc6d4b" outcome="Passed" testListId="8c84fa94-04c1-424b-9868-57a2d4851a1d" relativeResultsDirectory="08e47988-0293-449a-a230-229573a962a9" />
    <UnitTestResult executionId="ee892d0c-edc1-4dc7-8dd3-7eca0c796f4e" testId="5a0bcf66-2240-6e35-b076-1e21439212e1" testName="Deep.Client.Shared.Tests.Services.MembershipTrustServiceTests.PublicOperations_BoundUnrequestedDependencyCancellation(operation: &quot;revocation&quot;, dependency: &quot;verifier&quot;)" computerName="SURFACE-LT" duration="00:00:00.0056661" startTime="2026-07-19T14:35:09.8338668+05:00" endTime="2026-07-19T14:35:09.8395034+05:00" testType="13cdc9d9-ddb5-4fa4-a97d-d965ccfc6d4b" outcome="Passed" testListId="8c84fa94-04c1-424b-9868-57a2d4851a1d" relativeResultsDirectory="ee892d0c-edc1-4dc7-8dd3-7eca0c796f4e" />
    <UnitTestResult executionId="1c8eb554-92d0-41c0-af86-743c22c36cf7" testId="79693c77-7495-2a64-9cc0-a03eb084ebb4" testName="Deep.Client.Shared.Tests.Persistence.MembershipTrustRepositoryContractTests.FirstCommitReplaySuccessorAndCasConflict_HaveParity(sqlite: False)" computerName="SURFACE-LT" duration="00:00:00.0031226" startTime="2026-07-19T14:35:10.0939634+05:00" endTime="2026-07-19T14:35:10.0969632+05:00" testType="13cdc9d9-ddb5-4fa4-a97d-d965ccfc6d4b" outcome="Passed" testListId="8c84fa94-04c1-424b-9868-57a2d4851a1d" relativeResultsDirectory="1c8eb554-92d0-41c0-af86-743c22c36cf7" />
    <UnitTestResult executionId="9eb68bc4-227d-44d5-9824-09df1f92d9b9" testId="42b172d1-54db-5b0c-0a71-d1c16157b6c1" testName="Deep.Client.Shared.Tests.Services.SessionTransportTests.HttpSessionTransport_SendAndReceive_UsesConfiguredPaths" computerName="SURFACE-LT" duration="00:00:00.0093955" startTime="2026-07-19T14:35:10.1972548+05:00" endTime="2026-07-19T14:35:10.2066986+05:00" testType="13cdc9d9-ddb5-4fa4-a97d-d965ccfc6d4b" outcome="Passed" testListId="8c84fa94-04c1-424b-9868-57a2d4851a1d" relativeResultsDirectory="9eb68bc4-227d-44d5-9824-09df1f92d9b9" />
    <UnitTestResult executionId="49591600-4f09-43db-96b7-ae532f1668b3" testId="01069638-8621-67d5-42fb-092e57ae5705" testName="Deep.Client.Shared.Tests.Services.E2eeEnvelopeCodecTests.Envelope_AcceptsExactMaximumAndProduces512KiBWireSize" computerName="SURFACE-LT" duration="00:00:00.0131489" startTime="2026-07-19T14:35:09.7937322+05:00" endTime="2026-07-19T14:35:09.8113298+05:00" testType="13cdc9d9-ddb5-4fa4-a97d-d965ccfc6d4b" outcome="Passed" testListId="8c84fa94-04c1-424b-9868-57a2d4851a1d" relativeResultsDirectory="49591600-4f09-43db-96b7-ae532f1668b3" />
    <UnitTestResult executionId="9f11eed2-4eac-44b2-90d8-0d728e1d8a4f" testId="176eba4c-67ea-4cdc-5815-30134b93ed94" testName="Deep.Client.Shared.Tests.Services.ConversationServiceGroupTests.ReceiveGroupUpdates_RejectsChangedCreatorAndCreationTime" computerName="SURFACE-LT" duration="00:00:00.0034670" startTime="2026-07-19T14:35:09.8891114+05:00" endTime="2026-07-19T14:35:09.8926204+05:00" testType="13cdc9d9-ddb5-4fa4-a97d-d965ccfc6d4b" outcome="Passed" testListId="8c84fa94-04c1-424b-9868-57a2d4851a1d" relativeResultsDirectory="9f11eed2-4eac-44b2-90d8-0d728e1d8a4f" />
    <UnitTestResult executionId="e3d1e7a1-531b-4feb-884a-8baf63fe2b62" testId="9db10db5-a59f-0fde-ad51-5b11ab413d6b" testName="Deep.Client.Shared.Tests.Persistence.PersistenceTests.ClientRuntime_ReleaseFlagsWrapAuthenticatedTransportWithE2ee" computerName="SURFACE-LT" duration="00:00:00.0004401" startTime="2026-07-19T14:35:10.6735543+05:00" endTime="2026-07-19T14:35:10.6736593+05:00" testType="13cdc9d9-ddb5-4fa4-a97d-d965ccfc6d4b" outcome="Passed" testListId="8c84fa94-04c1-424b-9868-57a2d4851a1d" relativeResultsDirectory="e3d1e7a1-531b-4feb-884a-8baf63fe2b62" />
    <UnitTestResult executionId="bd3687be-6a5a-4a3f-b131-5fd45ec6cccc" testId="2b921428-ce45-c3b4-c88e-347bef68eeea" testName="Deep.Client.Shared.Tests.Services.DurableInboxRecoveryTests.ReactionWaitsWithoutAckUntilTargetArrivesInFollowingRawBatch" computerName="SURFACE-LT" duration="00:00:00.0156806" startTime="2026-07-19T14:35:10.7861242+05:00" endTime="2026-07-19T14:35:10.8017305+05:00" testType="13cdc9d9-ddb5-4fa4-a97d-d965ccfc6d4b" outcome="Passed" testListId="8c84fa94-04c1-424b-9868-57a2d4851a1d" relativeResultsDirectory="bd3687be-6a5a-4a3f-b131-5fd45ec6cccc" />
    <UnitTestResult executionId="023dd740-c08c-46f6-8b5e-4c6d2409085e" testId="09c523da-f225-eac9-5935-9c5f50988c74" testName="Deep.Client.Shared.Tests.Persistence.MembershipTrustRepositoryContractTests.DeepHistoryCorruption_BeyondImmediatePredecessor_IsCorrupt(sqlite: False, corruption: &quot;digest&quot;)" computerName="SURFACE-LT" duration="00:00:00.0003011" startTime="2026-07-19T14:35:12.1219277+05:00" endTime="2026-07-19T14:35:12.1220134+05:00" testType="13cdc9d9-ddb5-4fa4-a97d-d965ccfc6d4b" outcome="Passed" testListId="8c84fa94-04c1-424b-9868-57a2d4851a1d" relativeResultsDirectory="023dd740-c08c-46f6-8b5e-4c6d2409085e" />
    <UnitTestResult executionId="f0f8d7f5-2b24-42fa-9b4b-57392eac0a61" testId="29e2f389-4375-7788-8112-d0342a564cfa" testName="Deep.Client.Shared.Tests.Persistence.MembershipTrustRepositoryContractTests.DeepHistoryCorruption_BeyondImmediatePredecessor_IsCorrupt(sqlite: True, corruption: &quot;linkage&quot;)" computerName="SURFACE-LT" duration="00:00:00.0794844" startTime="2026-07-19T14:35:12.0415336+05:00" endTime="2026-07-19T14:35:12.1198206+05:00" testType="13cdc9d9-ddb5-4fa4-a97d-d965ccfc6d4b" outcome="Passed" testListId="8c84fa94-04c1-424b-9868-57a2d4851a1d" relativeResultsDirectory="f0f8d7f5-2b24-42fa-9b4b-57392eac0a61" />
    <UnitTestResult executionId="87506051-0e2e-4989-ac28-fd3c5918fda6" testId="c0764313-791f-1273-ffde-5c0405ae7461" testName="Deep.Client.Shared.Tests.Persistence.IncomingMessageNotificationRepositoryTests.StoresExcludeReadDeletedAndExpiredIncomingMessages" computerName="SURFACE-LT" duration="00:00:00.1822817" startTime="2026-07-19T14:35:10.7516633+05:00" endTime="2026-07-19T14:35:10.9341183+05:00" testType="13cdc9d9-ddb5-4fa4-a97d-d965ccfc6d4b" outcome="Passed" testListId="8c84fa94-04c1-424b-9868-57a2d4851a1d" relativeResultsDirectory="87506051-0e2e-4989-ac28-fd3c5918fda6" />
    <UnitTestResult executionId="acb4d985-cdcb-48bc-97e1-2e3b16e99ebb" testId="8ca04d08-5563-f686-c9a9-80d5a23715d8" testName="Deep.Client.Shared.Tests.Services.PushSubscriptionTransportTests.PushRegistrationCoordinator_UnregisterWithoutAccountDoesNotBlockFutureLogin" computerName="SURFACE-LT" duration="00:00:00.0142184" startTime="2026-07-19T14:35:09.6900355+05:00" endTime="2026-07-19T14:35:09.7036282+05:00" testType="13cdc9d9-ddb5-4fa4-a97d-d965ccfc6d4b" outcome="Passed" testListId="8c84fa94-04c1-424b-9868-57a2d4851a1d" relativeResultsDirectory="acb4d985-cdcb-48bc-97e1-2e3b16e99ebb" />
    <UnitTestResult executionId="646051e9-b867-4c25-bc31-cdf4049fe5d8" testId="9d33bf39-b3f1-2cc7-7f73-ef17484c990e" testName="Deep.Client.Shared.Tests.Services.MetadataPrivacyCharacterizationTests.StorageStore_ExposesTargetPairAndStableIdempotencyMaterial" computerName="SURFACE-LT" duration="00:00:00.0107843" startTime="2026-07-19T14:35:09.7354098+05:00" endTime="2026-07-19T14:35:09.7462540+05:00" testType="13cdc9d9-ddb5-4fa4-a97d-d965ccfc6d4b" outcome="Passed" testListId="8c84fa94-04c1-424b-9868-57a2d4851a1d" relativeResultsDirectory="646051e9-b867-4c25-bc31-cdf4049fe5d8" />
    <UnitTestResult executionId="473aa5f1-a1d1-4d29-8653-c1cdb86fa76c" testId="9e78fd78-ed7a-78e1-bda8-e004e23f6022" testName="Deep.Client.Shared.Tests.Persistence.MembershipTrustRepositoryContractTests.SqliteOversizedHeadDigest_BlocksReadIdempotencyAndSuccessor" computerName="SURFACE-LT" duration="00:00:00.0846194" startTime="2026-07-19T14:35:09.8231592+05:00" endTime="2026-07-19T14:35:09.9070879+05:00" testType="13cdc9d9-ddb5-4fa4-a97d-d965ccfc6d4b" outcome="Passed" testListId="8c84fa94-04c1-424b-9868-57a2d4851a1d" relativeResultsDirectory="473aa5f1-a1d1-4d29-8653-c1cdb86fa76c" />
    <UnitTestResult executionId="fa013099-1fc1-476b-9a95-7e912788580e" testId="0eb3942b-f443-d610-2f72-f96ea7b46000" testName="Deep.Client.Shared.Tests.Services.ConversationServiceGroupTests.LocalGroupMutations_IncrementAndPublishExactlyOnce" computerName="SURFACE-LT" duration="00:00:00.0093274" startTime="2026-07-19T14:35:09.8941245+05:00" endTime="2026-07-19T14:35:09.9032204+05:00" testType="13cdc9d9-ddb5-4fa4-a97d-d965ccfc6d4b" outcome="Passed" testListId="8c84fa94-04c1-424b-9868-57a2d4851a1d" relativeResultsDirectory="fa013099-1fc1-476b-9a95-7e912788580e" />
    <UnitTestResult executionId="fd94a659-bdaa-44d6-8da3-10c2c42485e7" testId="5e81b58c-8e6e-f0cb-a4f2-1232bd12d44e" testName="Deep.Client.Shared.Tests.Services.DurableInboxRecoveryTests.MalformedStagedEntryIsDiscardedWithoutBlockingFollowingMessage" computerName="SURFACE-LT" duration="00:00:00.0097690" startTime="2026-07-19T14:35:10.7763047+05:00" endTime="2026-07-19T14:35:10.7859744+05:00" testType="13cdc9d9-ddb5-4fa4-a97d-d965ccfc6d4b" outcome="Passed" testListId="8c84fa94-04c1-424b-9868-57a2d4851a1d" relativeResultsDirectory="fd94a659-bdaa-44d6-8da3-10c2c42485e7" />
    <UnitTestResult executionId="0c2601d2-8115-4fb2-af61-852f42ab7f15" testId="0ff996eb-29c9-a318-426a-9ef94f31b822" testName="Deep.Client.Shared.Tests.Persistence.MembershipTrustRepositoryContractTests.ObservedClockHighWater_IsCasPersistedAndRejectsRollback(sqlite: True)" computerName="SURFACE-LT" duration="00:00:00.0798267" startTime="2026-07-19T14:35:10.1574628+05:00" endTime="2026-07-19T14:35:10.2372496+05:00" testType="13cdc9d9-ddb5-4fa4-a97d-d965ccfc6d4b" outcome="Passed" testListId="8c84fa94-04c1-424b-9868-57a2d4851a1d" relativeResultsDirectory="0c2601d2-8115-4fb2-af61-852f42ab7f15" />
    <UnitTestResult executionId="ed8482ab-3a2b-43f5-89c7-718212f2b5df" testId="79da5611-1919-ce88-5e97-47e1c2f66842" testName="Deep.Client.Shared.Tests.Persistence.MembershipTrustRepositoryContractTests.FirstCommitReplaySuccessorAndCasConflict_HaveParity(sqlite: True)" computerName="SURFACE-LT" duration="00:00:00.0603228" startTime="2026-07-19T14:35:10.0970495+05:00" endTime="2026-07-19T14:35:10.1573572+05:00" testType="13cdc9d9-ddb5-4fa4-a97d-d965ccfc6d4b" outcome="Passed" testListId="8c84fa94-04c1-424b-9868-57a2d4851a1d" relativeResultsDirectory="ed8482ab-3a2b-43f5-89c7-718212f2b5df" />
    <UnitTestResult executionId="862a0146-ce8d-4530-90b0-efbc05e6872e" testId="3e37d3a4-f760-034a-ccf2-b1fc605e9281" testName="Deep.Client.Shared.Tests.Services.ClientRuntimeStorageE2ETests.ClientRuntime_RoundTripsRepliesAndReactionsThroughLiveStorage_WhenConfigured" computerName="SURFACE-LT" duration="00:00:00.0009152" startTime="2026-07-19T14:35:09.6719853+05:00" endTime="2026-07-19T14:35:09.6723966+05:00" testType="13cdc9d9-ddb5-4fa4-a97d-d965ccfc6d4b" outcome="Passed" testListId="8c84fa94-04c1-424b-9868-57a2d4851a1d" relativeResultsDirectory="862a0146-ce8d-4530-90b0-efbc05e6872e" />
    <UnitTestResult executionId="2b07d955-a13e-4247-9256-460c1762f223" testId="2ecb279e-a037-549f-dbea-0277f87f7ad7" testName="Deep.Client.Shared.Tests.Services.MessageFlowTests.ReceiveAsync_StoresUnseenSelfMessageFromAnotherDeviceAsOutgoing" computerName="SURFACE-LT" duration="00:00:00.0022369" startTime="2026-07-19T14:35:09.9418049+05:00" endTime="2026-07-19T14:35:09.9439591+05:00" testType="13cdc9d9-ddb5-4fa4-a97d-d965ccfc6d4b" outcome="Passed" testListId="8c84fa94-04c1-424b-9868-57a2d4851a1d" relativeResultsDirectory="2b07d955-a13e-4247-9256-460c1762f223" />
    <UnitTestResult executionId="ca094a2e-bb2e-4490-af44-e2c1c4c0ec9a" testId="89635f20-d7dd-06a3-bfa6-383fac11ac6d" testName="Deep.Client.Shared.Tests.Persistence.TransportOutboxRepositoryContractTests.ReturnedBuffersAreDefensiveCopies(sqlite: False)" computerName="SURFACE-LT" duration="00:00:00.0042369" startTime="2026-07-19T14:35:10.6260538+05:00" endTime="2026-07-19T14:35:10.6293875+05:00" testType="13cdc9d9-ddb5-4fa4-a97d-d965ccfc6d4b" outcome="Passed" testListId="8c84fa94-04c1-424b-9868-57a2d4851a1d" relativeResultsDirectory="ca094a2e-bb2e-4490-af44-e2c1c4c0ec9a" />
    <UnitTestResult executionId="f38fd238-5a4c-48fd-84d2-956c3adeb93d" testId="4a37d77f-c75d-3f10-0d69-598cd9946aca" testName="Deep.Client.Shared.Tests.Services.SessionAccountServiceTests.LoginWithSameRecoveryPhrase_IsDeterministic" computerName="SURFACE-LT" duration="00:00:00.0054122" startTime="2026-07-19T14:35:09.8455505+05:00" endTime="2026-07-19T14:35:09.8509512+05:00" testType="13cdc9d9-ddb5-4fa4-a97d-d965ccfc6d4b" outcome="Passed" testListId="8c84fa94-04c1-424b-9868-57a2d4851a1d" relativeResultsDirectory="f38fd238-5a4c-48fd-84d2-956c3adeb93d" />
    <UnitTestResult executionId="d1c7f9e6-9513-4460-a1cb-4325b5ae9113" testId="77b42957-8a85-1148-9d2f-773477392645" testName="Deep.Client.Shared.Tests.Features.FeatureFlagsTests.ReleaseDefaults_RequiresTransportAndDisablesStub" computerName="SURFACE-LT" duration="00:00:00.0000468" startTime="2026-07-19T14:35:09.9931602+05:00" endTime="2026-07-19T14:35:09.9931966+05:00" testType="13cdc9d9-ddb5-4fa4-a97d-d965ccfc6d4b" outcome="Passed" testListId="8c84fa94-04c1-424b-9868-57a2d4851a1d" relativeResultsDirectory="d1c7f9e6-9513-4460-a1cb-4325b5ae9113" />
    <UnitTestResult executionId="16d475b7-e38a-4857-a531-b66a738d5603" testId="64a05d3b-1115-b71c-42ba-f2574512b2a2" testName="Deep.Client.Shared.Tests.Services.SessionTransportTests.SessionStorageMessageTransport_SendAndReceive_UsesStorageStoreRetrieveContract" computerName="SURFACE-LT" duration="00:00:00.0071859" startTime="2026-07-19T14:35:10.2468435+05:00" endTime="2026-07-19T14:35:10.2533641+05:00" testType="13cdc9d9-ddb5-4fa4-a97d-d965ccfc6d4b" outcome="Passed" testListId="8c84fa94-04c1-424b-9868-57a2d4851a1d" relativeResultsDirectory="16d475b7-e38a-4857-a531-b66a738d5603" />
    <UnitTestResult executionId="f2d5340a-fdc7-41c9-a5e7-c667e6b6972d" testId="41761793-153f-ed3d-69ae-c9589ef982c8" testName="Deep.Client.Shared.Tests.Services.MessageFlowTests.RepliesAndReactionsRoundTripThroughMessageTransport" computerName="SURFACE-LT" duration="00:00:00.0150054" startTime="2026-07-19T14:35:09.8288506+05:00" endTime="2026-07-19T14:35:09.8433186+05:00" testType="13cdc9d9-ddb5-4fa4-a97d-d965ccfc6d4b" outcome="Passed" testListId="8c84fa94-04c1-424b-9868-57a2d4851a1d" relativeResultsDirectory="f2d5340a-fdc7-41c9-a5e7-c667e6b6972d" />
    <UnitTestResult executionId="2a70ff97-6975-4ea4-ba4a-a44e453e89e9" testId="f42cd6cb-a773-ce11-bff6-f61c9caeb667" testName="Deep.Client.Shared.Tests.Services.MetadataPrivacyCharacterizationTests.BetaMetadataGate_FailsForEachUnresolvedFinding(findingId: &quot;META-STORAGE-RAW-TARGET&quot;, status: &quot;unresolved&quot;, evidence: &quot;MetadataPrivacyCharacterizationTests.StorageStore_&quot;···)" computerName="SURFACE-LT" duration="00:00:00.0000018" startTime="2026-07-19T14:35:09.7272672+05:00" endTime="2026-07-19T14:35:09.7273003+05:00" testType="13cdc9d9-ddb5-4fa4-a97d-d965ccfc6d4b" outcome="Passed" testListId="8c84fa94-04c1-424b-9868-57a2d4851a1d" relativeResultsDirectory="2a70ff97-6975-4ea4-ba4a-a44e453e89e9" />
    <UnitTestResult executionId="fa8cbdc1-2a98-4c8d-8be8-7a9903583847" testId="7154398c-e257-6625-eb51-76c196e60f2d" testName="Deep.Client.Shared.Tests.Services.OutboxDispatchTests.ForegroundAndBackgroundGroupDispatchesShareOnePhysicalSend" computerName="SURFACE-LT" duration="00:00:00.0160857" startTime="2026-07-19T14:35:09.8546459+05:00" endTime="2026-07-19T14:35:09.8717372+05:00" testType="13cdc9d9-ddb5-4fa4-a97d-d965ccfc6d4b" outcome="Passed" testListId="8c84fa94-04c1-424b-9868-57a2d4851a1d" relativeResultsDirectory="fa8cbdc1-2a98-4c8d-8be8-7a9903583847" />
    <UnitTestResult executionId="adb37d3f-7df0-429c-a4a7-cbc27ac37c37" testId="a8ff52b1-614c-34c7-7659-0919a0690695" testName="Deep.Client.Shared.Tests.Services.E2eeClientTransportTests.Receive_FailsClosedWhenRawTransportLacksAuthenticatedInboxContract" computerName="SURFACE-LT" duration="00:00:00.0034744" startTime="2026-07-19T14:35:09.8125861+05:00" endTime="2026-07-19T14:35:09.8160923+05:00" testType="13cdc9d9-ddb5-4fa4-a97d-d965ccfc6d4b" outcome="Passed" testListId="8c84fa94-04c1-424b-9868-57a2d4851a1d" relativeResultsDirectory="adb37d3f-7df0-429c-a4a7-cbc27ac37c37" />
    <UnitTestResult executionId="d7fab7b8-dcc4-461b-90c0-b87fa4de78b7" testId="6c1f2b0f-8aff-b295-f66f-be82f4264520" testName="Deep.Client.Shared.Tests.Persistence.MembershipTrustRepositoryContractTests.ObservedClockHighWater_ConcurrentCasHasOneWinner(sqlite: True)" computerName="SURFACE-LT" duration="00:00:00.0339500" startTime="2026-07-19T14:35:12.2883199+05:00" endTime="2026-07-19T14:35:12.3213503+05:00" testType="13cdc9d9-ddb5-4fa4-a97d-d965ccfc6d4b" outcome="Passed" testListId="8c84fa94-04c1-424b-9868-57a2d4851a1d" relativeResultsDirectory="d7fab7b8-dcc4-461b-90c0-b87fa4de78b7" />
    <UnitTestResult executionId="af0f4890-2e6c-4e38-89f5-23d6b95ed160" testId="84208eb1-0208-cab3-3e0e-0fb006b49ad8" testName="Deep.Client.Shared.Tests.Persistence.MembershipTrustRepositoryContractTests.SqliteLegacyHead_AddsAndBackfillsHistoryByteBudget" computerName="SURFACE-LT" duration="00:00:00.0769489" startTime="2026-07-19T14:35:12.3620523+05:00" endTime="2026-07-19T14:35:12.4390528+05:00" testType="13cdc9d9-ddb5-4fa4-a97d-d965ccfc6d4b" outcome="Passed" testListId="8c84fa94-04c1-424b-9868-57a2d4851a1d" relativeResultsDirectory="af0f4890-2e6c-4e38-89f5-23d6b95ed160" />
    <UnitTestResult executionId="3185b00d-8c42-493c-bf36-120a7c809548" testId="8a06ead7-ea2b-61a8-52b3-3561d5b8f092" testName="Deep.Client.Shared.Tests.Persistence.PersistenceTests.SqliteSessionStore_RecoversInterruptedMigrationFromEncryptedTemp" computerName="SURFACE-LT" duration="00:00:06.9058607" startTime="2026-07-19T14:35:16.3638511+05:00" endTime="2026-07-19T14:35:23.2700948+05:00" testType="13cdc9d9-ddb5-4fa4-a97d-d965ccfc6d4b" outcome="Passed" testListId="8c84fa94-04c1-424b-9868-57a2d4851a1d" relativeResultsDirectory="3185b00d-8c42-493c-bf36-120a7c809548" />
    <UnitTestResult executionId="308934be-743b-4642-92b9-c4204820c1bf" testId="16f2095a-3f1a-4e90-2b37-f1afb10646e7" testName="Deep.Client.Shared.Tests.Services.E2eeClientTransportTests.MixedInbox_DemultiplexesInOrderWithoutAdditionalFetches" computerName="SURFACE-LT" duration="00:00:00.0125091" startTime="2026-07-19T14:35:10.2502941+05:00" endTime="2026-07-19T14:35:10.2630010+05:00" testType="13cdc9d9-ddb5-4fa4-a97d-d965ccfc6d4b" outcome="Passed" testListId="8c84fa94-04c1-424b-9868-57a2d4851a1d" relativeResultsDirectory="308934be-743b-4642-92b9-c4204820c1bf" />
    <UnitTestResult executionId="a9bb6dc3-b4f5-4972-8247-a953d790ab35" testId="4499817f-e82f-f20f-71db-406cdf1d002f" testName="Deep.Client.Shared.Tests.Services.MembershipTrustServiceTests.PublicOperations_BoundUnexpectedRepositoryFailures(operation: &quot;revocation&quot;)" computerName="SURFACE-LT" duration="00:00:00.0005210" startTime="2026-07-19T14:35:09.8572986+05:00" endTime="2026-07-19T14:35:09.8575240+05:00" testType="13cdc9d9-ddb5-4fa4-a97d-d965ccfc6d4b" outcome="Passed" testListId="8c84fa94-04c1-424b-9868-57a2d4851a1d" relativeResultsDirectory="a9bb6dc3-b4f5-4972-8247-a953d790ab35" />
    <UnitTestResult executionId="b272f02a-c4af-4e9e-9fdf-5e3bca02b639" testId="70785ac0-3ac9-cefa-fc13-af674ac1e1ac" testName="Deep.Client.Shared.Tests.Persistence.MembershipTrustRepositoryContractTests.PreCancelledWrite_DoesNotCreateRecordOrHead(sqlite: False)" computerName="SURFACE-LT" duration="00:00:00.0025826" startTime="2026-07-19T14:35:11.9588732+05:00" endTime="2026-07-19T14:35:11.9613554+05:00" testType="13cdc9d9-ddb5-4fa4-a97d-d965ccfc6d4b" outcome="Passed" testListId="8c84fa94-04c1-424b-9868-57a2d4851a1d" relativeResultsDirectory="b272f02a-c4af-4e9e-9fdf-5e3bca02b639" />
    <UnitTestResult executionId="fdcf12b5-c23e-49a8-b342-d1aa2bba6747" testId="796ca9a0-ed21-8941-58f9-b9f6512e3bce" testName="Deep.Client.Shared.Tests.Services.MembershipTrustServiceTests.PublicOperations_BoundUnrequestedDependencyCancellation(operation: &quot;bridge&quot;, dependency: &quot;verifier&quot;)" computerName="SURFACE-LT" duration="00:00:00.0075321" startTime="2026-07-19T14:35:09.8105366+05:00" endTime="2026-07-19T14:35:09.8124105+05:00" testType="13cdc9d9-ddb5-4fa4-a97d-d965ccfc6d4b" outcome="Passed" testListId="8c84fa94-04c1-424b-9868-57a2d4851a1d" relativeResultsDirectory="fdcf12b5-c23e-49a8-b342-d1aa2bba6747" />
    <UnitTestResult executionId="21948c3e-a06e-4706-b366-9fa8018096ea" testId="4c7a8881-1a74-07bd-3408-ef0b647bf973" testName="Deep.Client.Shared.Tests.Persistence.AccountDataPurgeTests.SqliteSignOut_DoesNotReportCancellationAfterPurgeCommit" computerName="SURFACE-LT" duration="00:00:00.4330901" startTime="2026-07-19T14:35:10.3766961+05:00" endTime="2026-07-19T14:35:10.8100022+05:00" testType="13cdc9d9-ddb5-4fa4-a97d-d965ccfc6d4b" outcome="Passed" testListId="8c84fa94-04c1-424b-9868-57a2d4851a1d" relativeResultsDirectory="21948c3e-a06e-4706-b366-9fa8018096ea" />
    <UnitTestResult executionId="4145d2d8-a76d-4992-bcdb-7b284f1fb0f1" testId="174aa67d-72f3-054f-7a42-2ab3a2746993" testName="Deep.Client.Shared.Tests.Services.MessageFlowTests.SendReceiveToSelf_PreservesSingleOutgoingMessage" computerName="SURFACE-LT" duration="00:00:00.0119043" startTime="2026-07-19T14:35:09.8434293+05:00" endTime="2026-07-19T14:35:09.8559924+05:00" testType="13cdc9d9-ddb5-4fa4-a97d-d965ccfc6d4b" outcome="Passed" testListId="8c84fa94-04c1-424b-9868-57a2d4851a1d" relativeResultsDirectory="4145d2d8-a76d-4992-bcdb-7b284f1fb0f1" />
    <UnitTestResult executionId="c7bf9758-4058-461b-85d0-d222fc7b10ad" testId="10c9a52c-0cb2-5a42-8d72-1fadb12acf88" testName="Deep.Client.Shared.Tests.Services.XNodeRpcClientTrustTests.RefreshRouteAsync_RejectsRouteWithWrongHopCount(hopCount: 1)" computerName="SURFACE-LT" duration="00:00:00.0015876" startTime="2026-07-19T14:35:10.0198580+05:00" endTime="2026-07-19T14:35:10.0215192+05:00" testType="13cdc9d9-ddb5-4fa4-a97d-d965ccfc6d4b" outcome="Passed" testListId="8c84fa94-04c1-424b-9868-57a2d4851a1d" relativeResultsDirectory="c7bf9758-4058-461b-85d0-d222fc7b10ad" />
[...]
    <TestEntry testId="9a0af1fb-6e65-fbb0-2766-80cb858d35b2" executionId="262e5f83-83f2-4121-8c5c-5d0d5c6b4317" testListId="8c84fa94-04c1-424b-9868-57a2d4851a1d" />
    <TestEntry testId="0e5e6e20-ef78-b0ee-4212-897d78835796" executionId="d3df22d3-6775-410f-8d0b-f296bd783b80" testListId="8c84fa94-04c1-424b-9868-57a2d4851a1d" />
    <TestEntry testId="228c835d-b98e-b9ce-748b-953a628c16cd" executionId="33ececd4-eb42-42a3-be3b-8faf4791e11f" testListId="8c84fa94-04c1-424b-9868-57a2d4851a1d" />
    <TestEntry testId="8f00ebc5-2354-e38f-05e3-3dce6472c37f" executionId="feae6b02-8649-48f7-80d1-831afc09fce5" testListId="8c84fa94-04c1-424b-9868-57a2d4851a1d" />
    <TestEntry testId="2e57eb95-2d37-f2f7-5ac2-ab1f1d293827" executionId="3e2b05fc-8814-45b7-b4f6-25e2234fb82f" testListId="8c84fa94-04c1-424b-9868-57a2d4851a1d" />
    <TestEntry testId="92e82dff-cd2a-ce92-5cee-9a1716eb68f4" executionId="b4c5f997-82ad-421d-8a6e-6e5c27747ac9" testListId="8c84fa94-04c1-424b-9868-57a2d4851a1d" />
    <TestEntry testId="a820edd8-ae85-ac94-95d4-535e134465d1" executionId="70d3a8bc-e714-4cf5-9b98-1230b5affdb3" testListId="8c84fa94-04c1-424b-9868-57a2d4851a1d" />
    <TestEntry testId="fecb15a5-7f06-9398-130b-4432b7efacb5" executionId="a121213c-c7b2-4c0e-9fdd-6a8676ef269d" testListId="8c84fa94-04c1-424b-9868-57a2d4851a1d" />
    <TestEntry testId="c4831ce0-84ad-44fd-1a66-5e926ae0061e" executionId="1c1f7bb2-ff0f-4bfd-b14e-e7c0f0c9f020" testListId="8c84fa94-04c1-424b-9868-57a2d4851a1d" />
    <TestEntry testId="45a0ce35-7ea6-bb94-df6d-e97801399ffc" executionId="e5bc3577-9751-4dd9-9aee-7c16166d19f9" testListId="8c84fa94-04c1-424b-9868-57a2d4851a1d" />
    <TestEntry testId="cebc6699-6af8-c678-e9b9-71d39db63f6d" executionId="a49e0683-1f1f-4fd8-ab29-de21b30c3a67" testListId="8c84fa94-04c1-424b-9868-57a2d4851a1d" />
    <TestEntry testId="86c74672-0510-d4b3-ba12-9b52bfa08252" executionId="bc3b6dd5-c2a3-4271-a6da-aa59c0713ee9" testListId="8c84fa94-04c1-424b-9868-57a2d4851a1d" />
    <TestEntry testId="fd48469b-5a32-5af4-797e-f16b5a55d5d7" executionId="4442dace-c5d0-4b11-89a6-c5baab7a9639" testListId="8c84fa94-04c1-424b-9868-57a2d4851a1d" />
    <TestEntry testId="336150a2-4b16-2e64-f2b7-1524d462f781" executionId="6e02604d-1893-4f8d-b5e2-759f9ba65495" testListId="8c84fa94-04c1-424b-9868-57a2d4851a1d" />
    <TestEntry testId="3707aa59-f7b7-7921-7d82-9199531fc84e" executionId="3351524e-bd65-4d11-b749-1d8ca2711c92" testListId="8c84fa94-04c1-424b-9868-57a2d4851a1d" />
    <TestEntry testId="186e311f-697e-1b51-1f5f-01a1e4845a88" executionId="dd6341e9-d948-448e-9b2d-b023cb92a4a4" testListId="8c84fa94-04c1-424b-9868-57a2d4851a1d" />
    <TestEntry testId="d2734c12-0de0-d113-3a5e-4f7c7c52717e" executionId="63421998-4ee3-47d6-a1f0-a9c22f734c0b" testListId="8c84fa94-04c1-424b-9868-57a2d4851a1d" />
    <TestEntry testId="f40d6818-1e4b-eb7f-c878-4bd994912c93" executionId="a385d9b9-27e8-4036-8a41-05d2ab56b704" testListId="8c84fa94-04c1-424b-9868-57a2d4851a1d" />
    <TestEntry testId="ff4f5ff4-1776-603f-ccf1-42cb956b4634" executionId="12e98b8b-e3f4-4496-959e-10468127a5bf" testListId="8c84fa94-04c1-424b-9868-57a2d4851a1d" />
    <TestEntry testId="e69e35c8-abd5-a3d6-a302-cdc06b547b54" executionId="1da9f2b8-1673-41d8-af7a-22de65b32b84" testListId="8c84fa94-04c1-424b-9868-57a2d4851a1d" />
    <TestEntry testId="38901689-ef23-6979-7d8a-b5af5cc3edc6" executionId="3e593a10-c2a9-4908-8dd2-33321c3cc533" testListId="8c84fa94-04c1-424b-9868-57a2d4851a1d" />
    <TestEntry testId="bc1e462b-06a6-2851-eedc-4ae9d751d00b" executionId="9537f84b-5321-4b48-877c-330b0798f00f" testListId="8c84fa94-04c1-424b-9868-57a2d4851a1d" />
    <TestEntry testId="a73dc02c-434e-f15a-a55a-851cfa32e2e2" executionId="fd73405f-7552-486a-9828-5e1db175b0f2" testListId="8c84fa94-04c1-424b-9868-57a2d4851a1d" />
    <TestEntry testId="65db3a99-65b0-4690-0530-ad4a5829bb09" executionId="ac71712a-15a8-498f-8506-cff9d44dcf9d" testListId="8c84fa94-04c1-424b-9868-57a2d4851a1d" />
    <TestEntry testId="4d97ad49-3f91-6c19-88bb-e73816e8b593" executionId="8e5d3754-beb4-4673-b2c4-8992e38352f5" testListId="8c84fa94-04c1-424b-9868-57a2d4851a1d" />
    <TestEntry testId="a4b4a0ee-633a-bc9b-c332-f8401df2812f" executionId="03122d52-cdfe-42d6-b545-2b3bb8036f98" testListId="8c84fa94-04c1-424b-9868-57a2d4851a1d" />
    <TestEntry testId="91e5d4a7-fc21-2adc-e2d8-837512fb0888" executionId="a7953221-b8e5-4744-be7f-3dcfb2a322cc" testListId="8c84fa94-04c1-424b-9868-57a2d4851a1d" />
    <TestEntry testId="b75cfd61-7151-d1a0-271f-98bbe7d6ce17" executionId="5407c372-414f-45d2-ae38-7b13d4b89c6d" testListId="8c84fa94-04c1-424b-9868-57a2d4851a1d" />
    <TestEntry testId="875b4efd-ce2c-a59f-2966-787616d2e0e4" executionId="853cf8d7-aabf-46fa-8b0f-8cd4f6119997" testListId="8c84fa94-04c1-424b-9868-57a2d4851a1d" />
    <TestEntry testId="76cd2810-5734-c482-a41d-cfbc7d5bab24" executionId="73ab44a9-807a-4695-86fd-ce3b210c9b26" testListId="8c84fa94-04c1-424b-9868-57a2d4851a1d" />
    <TestEntry testId="f992a10f-4460-b655-aca6-14cae7068502" executionId="a99a74b1-f38e-4e6e-954c-6b106574f652" testListId="8c84fa94-04c1-424b-9868-57a2d4851a1d" />
    <TestEntry testId="1de6ba69-f48d-de7f-3124-d2dbc3a0f6fd" executionId="9a52fb6d-5ba9-41a9-aefc-372959587728" testListId="8c84fa94-04c1-424b-9868-57a2d4851a1d" />
    <TestEntry testId="c57799b0-4547-079a-1244-b199f6100f92" executionId="acf154ac-b7ba-41c4-8115-4f49be178933" testListId="8c84fa94-04c1-424b-9868-57a2d4851a1d" />
    <TestEntry testId="b326b97d-ed4b-e32e-8320-dc6b052a32a5" executionId="b43593ee-9308-4a99-950b-24579990eabd" testListId="8c84fa94-04c1-424b-9868-57a2d4851a1d" />
    <TestEntry testId="ea68221d-ccca-e4a9-6eb5-3991a68ddd2e" executionId="4161486a-7745-4b35-995f-77604b233626" testListId="8c84fa94-04c1-424b-9868-57a2d4851a1d" />
    <TestEntry testId="94b62b7b-4e64-1cee-8a30-f5bddcfc7401" executionId="a22fbde5-0da8-4d04-9c98-96aefbd9184a" testListId="8c84fa94-04c1-424b-9868-57a2d4851a1d" />
    <TestEntry testId="b80d4cd4-35f2-9ae2-04b4-1763788052ee" executionId="104d7db4-aad6-468c-831b-6b5e5280a973" testListId="8c84fa94-04c1-424b-9868-57a2d4851a1d" />
    <TestEntry testId="ed7daf2c-ddd5-6cb1-2274-919f2cc0d0de" executionId="0e340622-0acd-451d-923c-e15aea9b6807" testListId="8c84fa94-04c1-424b-9868-57a2d4851a1d" />
    <TestEntry testId="b360916a-cd6f-a67a-6b6d-91687a05b0a0" executionId="07e38da1-6c66-4a77-9580-759b81cc87d6" testListId="8c84fa94-04c1-424b-9868-57a2d4851a1d" />
    <TestEntry testId="21573e48-5ae7-9da7-0845-400813e8fc93" executionId="2fdab8fc-b5f5-46cc-ab55-83f1b3703b9e" testListId="8c84fa94-04c1-424b-9868-57a2d4851a1d" />
    <TestEntry testId="f28cf425-87b9-d936-f786-d1c33dd3e2a7" executionId="632a7b5b-320d-414b-8cc0-e53efa77c366" testListId="8c84fa94-04c1-424b-9868-57a2d4851a1d" />
    <TestEntry testId="9f400cf9-5eb6-0fb7-b20e-a3d7cdd9754a" executionId="1e78b15e-4eea-4d27-ae43-b1e33e61934d" testListId="8c84fa94-04c1-424b-9868-57a2d4851a1d" />
    <TestEntry testId="80cb085d-63ab-1b94-017b-c918f3c27bc0" executionId="dbc76e2b-9c54-4ac6-9b86-929109ca2653" testListId="8c84fa94-04c1-424b-9868-57a2d4851a1d" />
    <TestEntry testId="5b3bb496-3f6d-0828-fa1b-6e3760bcbf9d" executionId="1c268fb0-3351-4a32-a1be-aa457771b794" testListId="8c84fa94-04c1-424b-9868-57a2d4851a1d" />
    <TestEntry testId="9fbb6d67-a747-230d-a9d4-5754f9e7a89c" executionId="f02db79b-b443-4281-b0fc-03e0aa6bf2ae" testListId="8c84fa94-04c1-424b-9868-57a2d4851a1d" />
    <TestEntry testId="3aec8c2b-c528-0446-1cac-bc49c9a44dfd" executionId="cb2e95cb-6bf6-43d2-bb1d-d60559013a66" testListId="8c84fa94-04c1-424b-9868-57a2d4851a1d" />
    <TestEntry testId="4e393003-db4b-9243-6f79-04b7d8819770" executionId="ba0f63a1-18c0-4dd5-8959-1837f0301377" testListId="8c84fa94-04c1-424b-9868-57a2d4851a1d" />
    <TestEntry testId="22e0fe41-f61f-3b4b-dc4f-f290f3acc91c" executionId="a24a6c78-782b-42dd-8eba-e9ab3272bbb8" testListId="8c84fa94-04c1-424b-9868-57a2d4851a1d" />
    <TestEntry testId="cac313b6-365a-8a65-1289-bbcda136f443" executionId="1e5b2cbf-1dbe-4473-9787-8f6c4dcafab7" testListId="8c84fa94-04c1-424b-9868-57a2d4851a1d" />
    <TestEntry testId="3eaebda8-75cd-f971-4006-6a250af0730b" executionId="8fab8da6-968d-4708-841a-89075fe518b2" testListId="8c84fa94-04c1-424b-9868-57a2d4851a1d" />
    <TestEntry testId="8a7668c8-9b5a-6a97-6623-4e5bd5bdd10d" executionId="c34cedf4-8c6e-4411-8b80-655f27fe9c21" testListId="8c84fa94-04c1-424b-9868-57a2d4851a1d" />
    <TestEntry testId="4561d38c-833c-9bf4-5f71-70e75a99e482" executionId="c143ae9f-9ee1-473c-9cae-a83862c4feb1" testListId="8c84fa94-04c1-424b-9868-57a2d4851a1d" />
    <TestEntry testId="82afd91d-2e06-d961-ce74-fb3cfb4558cf" executionId="5007e7d7-eab5-4f02-ab29-a1396ccfc4f7" testListId="8c84fa94-04c1-424b-9868-57a2d4851a1d" />
    <TestEntry testId="c1df10a3-3777-f0dc-e4f4-33c6a5784d45" executionId="fce89ece-b0f2-4738-b7d0-ce7c5851a255" testListId="8c84fa94-04c1-424b-9868-57a2d4851a1d" />
    <TestEntry testId="da3eb804-cf17-7403-215f-6ec1ce13e517" executionId="881b9c18-d101-4b72-bbb0-bd1ef5ff958d" testListId="8c84fa94-04c1-424b-9868-57a2d4851a1d" />
    <TestEntry testId="17543b5c-9b03-ca95-eefc-68c000a8b345" executionId="9db5ae3c-13b7-4c9c-a864-1c4d5a9f6f9c" testListId="8c84fa94-04c1-424b-9868-57a2d4851a1d" />
    <TestEntry testId="bd9e027e-1256-4753-21c0-d2954b997cc1" executionId="785a979d-6f04-4d7e-b915-ff0cfe258ef9" testListId="8c84fa94-04c1-424b-9868-57a2d4851a1d" />
    <TestEntry testId="da72db0c-a770-8f8f-4f58-f3c2d0a4acd4" executionId="c72eebb7-bfe6-40e0-9051-fa236b8a8b87" testListId="8c84fa94-04c1-424b-9868-57a2d4851a1d" />
    <TestEntry testId="2eb3bb23-88f7-e394-d042-04e18859546e" executionId="f9dcafe6-b4c5-45df-baa0-ef9868abdb0e" testListId="8c84fa94-04c1-424b-9868-57a2d4851a1d" />
    <TestEntry testId="c6bdb8a1-01c2-a3aa-8355-063b41bbf704" executionId="deb79a6f-0003-48b0-935b-6941d02fe95c" testListId="8c84fa94-04c1-424b-9868-57a2d4851a1d" />
    <TestEntry testId="28eb3bd8-504a-8eab-69bc-cd8bbee0506c" executionId="fc496917-add4-47ea-b46d-68ed5db85e23" testListId="8c84fa94-04c1-424b-9868-57a2d4851a1d" />
    <TestEntry testId="3be0db4e-303f-6f81-e146-22c834302c2d" executionId="363a122d-a680-4463-8a97-cfcb5937ea1b" testListId="8c84fa94-04c1-424b-9868-57a2d4851a1d" />
    <TestEntry testId="2c03846e-0228-997b-414e-7f5dd53c34a7" executionId="b95ab1dd-65e4-4968-83ac-47e5c60810a1" testListId="8c84fa94-04c1-424b-9868-57a2d4851a1d" />
    <TestEntry testId="2c599096-af7b-ef96-9c41-4d8e5aec7b01" executionId="4b22072f-3c93-4a8b-8d7a-8e287bc1e259" testListId="8c84fa94-04c1-424b-9868-57a2d4851a1d" />
    <TestEntry testId="4a7d3bb7-c11b-9204-8c33-52bf4ae97dc9" executionId="28a73e05-c3c3-431e-8558-a4352810a79b" testListId="8c84fa94-04c1-424b-9868-57a2d4851a1d" />
    <TestEntry testId="63b46b2c-7d1f-9cd7-5150-c7ba625e5f12" executionId="d6f61da4-a371-4ae0-a5c9-bdee88d81e5b" testListId="8c84fa94-04c1-424b-9868-57a2d4851a1d" />
    <TestEntry testId="d49c0f26-72f1-f3d4-a610-67e0f7eede4f" executionId="bf3918f3-e77b-47b3-ae55-6e3bb418f2ac" testListId="8c84fa94-04c1-424b-9868-57a2d4851a1d" />
    <TestEntry testId="09818c61-4502-8e2f-49c0-aec7885bd885" executionId="ed5cbd0e-cc75-481d-8a01-d2865dbb1be6" testListId="8c84fa94-04c1-424b-9868-57a2d4851a1d" />
    <TestEntry testId="df0a57f1-cb06-0543-73fe-0303cb8c77d4" executionId="6a732ebd-e141-4d49-81bc-052a476630b1" testListId="8c84fa94-04c1-424b-9868-57a2d4851a1d" />
    <TestEntry testId="3ecfb002-1bf5-993f-6acf-8ed4771c0700" executionId="9d438e7a-c8f5-4411-b6ca-3b482893b845" testListId="8c84fa94-04c1-424b-9868-57a2d4851a1d" />
    <TestEntry testId="ee82f0ed-39af-6a83-d3cd-39f7ae33a64e" executionId="ac941e5e-597d-476a-a088-5ef1270fde05" testListId="8c84fa94-04c1-424b-9868-57a2d4851a1d" />
    <TestEntry testId="8c1eb16a-947c-6f04-82ad-0d565409a7be" executionId="0377f247-b7c5-4394-811a-e01daba05cb3" testListId="8c84fa94-04c1-424b-9868-57a2d4851a1d" />
    <TestEntry testId="1d5bccf8-c211-ee90-26c3-083b50df733b" executionId="f2569b6c-966b-40cc-bb8a-9e4b0669c244" testListId="8c84fa94-04c1-424b-9868-57a2d4851a1d" />
    <TestEntry testId="fb2bd60b-b502-5f53-a1ad-a895fcd50c81" executionId="7cd6e7db-be6f-4a69-aae7-13bff0c61f1e" testListId="8c84fa94-04c1-424b-9868-57a2d4851a1d" />
    <TestEntry testId="559f9dd5-70f1-1ec0-af83-9bd33f85e6f3" executionId="21769bc8-a97c-4b3c-85df-57ee267a08cb" testListId="8c84fa94-04c1-424b-9868-57a2d4851a1d" />
    <TestEntry testId="7d51dcab-665b-210f-b81e-c3e5c28ac8e1" executionId="90d8b7d2-c0dc-48c0-ada8-8412fc89aae5" testListId="8c84fa94-04c1-424b-9868-57a2d4851a1d" />
    <TestEntry testId="1569fd53-214c-149e-9e0d-077e8120d7d7" executionId="76ee2703-d40b-48f6-a8ab-1c3b1a21bd5f" testListId="8c84fa94-04c1-424b-9868-57a2d4851a1d" />
    <TestEntry testId="47d51298-1790-2b7a-279e-cce1283cc6f7" executionId="e8ef46a4-ba76-4487-9c2e-5c4cc4ca8fac" testListId="8c84fa94-04c1-424b-9868-57a2d4851a1d" />
    <TestEntry testId="26cc5385-a1c7-cf1f-0b9f-4c282438dff8" executionId="d3e05b69-93a0-4642-8060-2549954df8b2" testListId="8c84fa94-04c1-424b-9868-57a2d4851a1d" />
    <TestEntry testId="acfb3907-640d-0f65-222e-0ad28115d04f" executionId="04a8f074-e0fc-4e8f-a286-0ee22c8346d8" testListId="8c84fa94-04c1-424b-9868-57a2d4851a1d" />
    <TestEntry testId="c14b5f26-fc78-e64a-2db3-2fb4e575a26f" executionId="c2e22047-8bfb-4ea7-ac86-7e93ae9eb0ec" testListId="8c84fa94-04c1-424b-9868-57a2d4851a1d" />
    <TestEntry testId="d2d8108f-13f2-a76c-7bd0-ff75bf402cdd" executionId="a8ff7662-993e-40de-a92e-608a37bf1038" testListId="8c84fa94-04c1-424b-9868-57a2d4851a1d" />
    <TestEntry testId="eef7bde8-7423-c8a9-576d-34fe3d252e45" executionId="0f3f908d-fb4a-45ab-bb77-9228e5237394" testListId="8c84fa94-04c1-424b-9868-57a2d4851a1d" />
    <TestEntry testId="64ce9819-80b0-9c3e-faf6-d5928308f3ff" executionId="43c67d80-ffde-4a82-9d86-5f0900c05f00" testListId="8c84fa94-04c1-424b-9868-57a2d4851a1d" />
    <TestEntry testId="491425c7-f6d6-4471-40b5-526b77e7f319" executionId="c0714c46-df75-4410-a7bb-5a8ec1f847df" testListId="8c84fa94-04c1-424b-9868-57a2d4851a1d" />
    <TestEntry testId="a2cd6466-1a10-5b12-9424-f6aac57df0fc" executionId="97e91e06-74ef-496f-ad6a-8f5a4fd34681" testListId="8c84fa94-04c1-424b-9868-57a2d4851a1d" />
    <TestEntry testId="5d2a3752-d26d-09ce-9dcb-70a911e35387" executionId="b3cdd309-4761-45c1-aa3a-724e55ad406e" testListId="8c84fa94-04c1-424b-9868-57a2d4851a1d" />
    <TestEntry testId="b5d3d780-3f5b-cad3-b249-6794dd700ef2" executionId="35be29c7-61e1-49de-92d5-1258352e4c8f" testListId="8c84fa94-04c1-424b-9868-57a2d4851a1d" />
    <TestEntry testId="38e1be3d-ef3b-281c-70e0-873f601a26c4" executionId="ee0ed5bd-04cc-4bf7-babf-c0892b029c69" testListId="8c84fa94-04c1-424b-9868-57a2d4851a1d" />
    <TestEntry testId="5ff985e3-a152-f769-ec46-c84eff577028" executionId="efeae12f-109e-46a2-aa5f-45b8c6dfdd09" testListId="8c84fa94-04c1-424b-9868-57a2d4851a1d" />
    <TestEntry testId="ce71b5ea-bc9f-918b-455f-37f2f759a082" executionId="0a1e6f57-592d-489b-9ca1-8d4381dd936e" testListId="8c84fa94-04c1-424b-9868-57a2d4851a1d" />
    <TestEntry testId="0125469a-2651-39e2-5333-ede13cff4351" executionId="2f07eb11-bcd8-4057-8b75-81b7b3f12072" testListId="8c84fa94-04c1-424b-9868-57a2d4851a1d" />
    <TestEntry testId="1e92aeba-f85b-bdbd-942c-3f25bb27dbcd" executionId="89ce895d-3fee-47b8-ad89-df05f179b838" testListId="8c84fa94-04c1-424b-9868-57a2d4851a1d" />
    <TestEntry testId="ef96ff3c-f8a5-3450-8b87-32e5b628ec48" executionId="27067f99-a8ef-4bf3-8035-b17175bb832b" testListId="8c84fa94-04c1-424b-9868-57a2d4851a1d" />
    <TestEntry testId="10084c8b-b534-d745-1f0a-4e199c5132d5" executionId="6729b7d9-07af-4ed9-91a1-3d90f3c314b8" testListId="8c84fa94-04c1-424b-9868-57a2d4851a1d" />
    <TestEntry testId="98382ca0-d958-da4e-0a88-cca7450a11a6" executionId="32feace0-68f1-4dc8-96ea-782bc3df311f" testListId="8c84fa94-04c1-424b-9868-57a2d4851a1d" />
    <TestEntry testId="925e22c3-ec11-8987-fc7f-8e05d78f5702" executionId="62ce7c2f-d447-44bf-a184-b96c5425c21f" testListId="8c84fa94-04c1-424b-9868-57a2d4851a1d" />
    <TestEntry testId="2a2f178f-3983-4a96-3323-38b5208d913f" executionId="692754ff-d3ee-4b96-a6f4-4e2f95d46d0f" testListId="8c84fa94-04c1-424b-9868-57a2d4851a1d" />
    <TestEntry testId="b0e471f8-d848-6629-a2a1-7a069be175d7" executionId="cc12275a-cc59-45c4-b905-a9dcacbabf81" testListId="8c84fa94-04c1-424b-9868-57a2d4851a1d" />
    <TestEntry testId="1ed20094-1291-cf85-e916-60e9fdbf211a" executionId="441b4da0-bfe1-4a44-92ac-59824e499082" testListId="8c84fa94-04c1-424b-9868-57a2d4851a1d" />
    <TestEntry testId="98e5a371-775c-539f-f349-2844849604b3" executionId="4844523f-2443-407f-b180-d1dbd4ad9b76" testListId="8c84fa94-04c1-424b-9868-57a2d4851a1d" />
    <TestEntry testId="8390d37f-f82b-9a3f-339a-e3e7ae82af98" executionId="53c19978-cee8-414a-a60f-a55926d4dd9d" testListId="8c84fa94-04c1-424b-9868-57a2d4851a1d" />
    <TestEntry testId="e138ae6a-2faf-5c28-506e-c616218ffa4a" executionId="96489a77-dac3-4537-bdfc-60d7bfecdbd2" testListId="8c84fa94-04c1-424b-9868-57a2d4851a1d" />
    <TestEntry testId="b7b9ead1-e545-b3bc-7574-edc43657e8fd" executionId="5c3fa428-34da-4844-85fa-6e2fdab41c3b" testListId="8c84fa94-04c1-424b-9868-57a2d4851a1d" />
    <TestEntry testId="3cd7f99b-d50f-d256-6809-9e7e5b75fea7" executionId="7537a3ed-1773-47e6-b4c6-97f4c096c75f" testListId="8c84fa94-04c1-424b-9868-57a2d4851a1d" />
    <TestEntry testId="f58d63cf-aa27-373f-55ac-ef33068d4013" executionId="f80070ad-5e7d-415c-9baf-703b3c5740cd" testListId="8c84fa94-04c1-424b-9868-57a2d4851a1d" />
    <TestEntry testId="af8e7aa7-f8be-7cb6-03fb-a720aa131e2b" executionId="9361553d-20bb-45f8-baeb-b693b35deb68" testListId="8c84fa94-04c1-424b-9868-57a2d4851a1d" />
    <TestEntry testId="5bdf8667-c3ce-1bc8-d892-841c42dd339a" executionId="09b1a59d-0785-443d-8c66-3a2e1d00768b" testListId="8c84fa94-04c1-424b-9868-57a2d4851a1d" />
    <TestEntry testId="344ed430-35b5-5dab-401a-688ea32965e8" executionId="92b692e8-f4fd-4303-9dbd-d06749bb3f5e" testListId="8c84fa94-04c1-424b-9868-57a2d4851a1d" />
    <TestEntry testId="4524542b-214b-2d1a-bf7b-eb341690b09a" executionId="a595e58c-b9dd-4b2b-a998-bd4eebb2fcc2" testListId="8c84fa94-04c1-424b-9868-57a2d4851a1d" />
    <TestEntry testId="fb355465-0add-ff97-660b-b8a93e4c37db" executionId="d7ee38cd-3a90-4b86-8b73-6ab6a1f9930b" testListId="8c84fa94-04c1-424b-9868-57a2d4851a1d" />
    <TestEntry testId="9c4cca45-a551-9801-bf82-baf50a0ef24d" executionId="be9afe53-4431-4ba4-b48f-0611f90fbe9e" testListId="8c84fa94-04c1-424b-9868-57a2d4851a1d" />
    <TestEntry testId="523047e3-958c-aeff-82b1-8841c656b7fe" executionId="8efd7a15-b8c6-426d-9d0d-2c1106e81947" testListId="8c84fa94-04c1-424b-9868-57a2d4851a1d" />
    <TestEntry testId="e7d1ad14-b9b4-a882-863a-1cfbd286647a" executionId="67a06b44-558a-43df-941f-0a6ad58737c1" testListId="8c84fa94-04c1-424b-9868-57a2d4851a1d" />
    <TestEntry testId="becd602d-84c8-9bfc-f91b-46f614173f0a" executionId="0e3895c2-4265-4fe3-9edc-6b4f8ec2916d" testListId="8c84fa94-04c1-424b-9868-57a2d4851a1d" />
  </TestEntries>
  <TestLists>
    <TestList name="Results Not in a List" id="8c84fa94-04c1-424b-9868-57a2d4851a1d" />
    <TestList name="All Loaded Results" id="19431567-8539-422a-85d7-44ee4e166bda" />
  </TestLists>
  <ResultSummary outcome="Completed">
    <Counters total="476" executed="476" passed="476" failed="0" error="0" timeout="0" aborted="0" inconclusive="0" passedButRunAborted="0" notRunnable="0" notExecuted="0" disconnected="0" warning="0" completed="0" inProgress="0" pending="0" />
    <Output>
      <StdOut>[xUnit.net 00:00:00.00] xUnit.net VSTest Adapter v3.1.4+50e68bbb8b (64-bit .NET 10.0.9)&#xD;
[xUnit.net 00:00:00.07]   Discovering: Deep.Client.Shared.Tests&#xD;
[xUnit.net 00:00:00.13]   Discovered:  Deep.Client.Shared.Tests&#xD;
[xUnit.net 00:00:00.18]   Starting:    Deep.Client.Shared.Tests&#xD;
[xUnit.net 00:00:23.80]   Finished:    Deep.Client.Shared.Tests&#xD;
</StdOut>
    </Output>
  </ResultSummary>
</TestRun>