<?xml version="1.0" encoding="utf-8"?>
<TestRun id="4917c09c-130e-49be-babc-3e167af8fdfc" name="nikit@SURFACE-LT 2026-07-19 14:34:54" runUser="SURFACE-LT\nikit" xmlns="http://microsoft.com/schemas/VisualStudio/TeamTest/2010">
  <Times creation="2026-07-19T14:34:54.8804924+05:00" queuing="2026-07-19T14:34:54.8804924+05:00" start="2026-07-19T14:34:54.2047988+05:00" finish="2026-07-19T14:34:55.5276519+05:00" />
  <TestSettings name="default" id="62ad2857-1058-4a5d-bdf6-8ed4775f1603">
    <Deployment runDeploymentRoot="nikit_SURFACE-LT_2026-07-19_14_34_54" />
  </TestSettings>
  <Results>
    <UnitTestResult executionId="ae9c275c-2381-45c4-bfee-4b9835d045d9" testId="8af8e3b9-b5ed-4903-9efa-7fb006f259ee" testName="Deep.Client.Shared.Tests.Persistence.TransportOutboxRepositoryContractTests.CancellationBeforeAndFailureAfterDurablePointAreExplicit" computerName="SURFACE-LT" duration="00:00:00.0384690" startTime="2026-07-19T14:34:55.3503733+05:00" endTime="2026-07-19T14:34:55.3889137+05:00" testType="13cdc9d9-ddb5-4fa4-a97d-d965ccfc6d4b" outcome="Passed" testListId="8c84fa94-04c1-424b-9868-57a2d4851a1d" relativeResultsDirectory="ae9c275c-2381-45c4-bfee-4b9835d045d9" />
    <UnitTestResult executionId="7c392eac-d43f-4821-9d12-4a3d356c3c27" testId="26cc5385-a1c7-cf1f-0b9f-4c282438dff8" testName="Deep.Client.Shared.Tests.Persistence.AccountDataPurgeTests.SqliteSignOut_PurgesAccountStateAcrossRestartAndPreservesSchemaMetadata" computerName="SURFACE-LT" duration="00:00:00.2422804" startTime="2026-07-19T14:34:54.8932268+05:00" endTime="2026-07-19T14:34:55.1358367+05:00" testType="13cdc9d9-ddb5-4fa4-a97d-d965ccfc6d4b" outcome="Passed" testListId="8c84fa94-04c1-424b-9868-57a2d4851a1d" relativeResultsDirectory="7c392eac-d43f-4821-9d12-4a3d356c3c27" />
    <UnitTestResult executionId="1b72d45d-8284-443d-baac-9fa7d754c6e1" testId="64a0a88b-176d-af41-2d07-bebe92d4e291" testName="Deep.Client.Shared.Tests.Persistence.TransportOutboxRepositoryContractTests.AttemptCountIsStrictlyBounded(sqlite: False)" computerName="SURFACE-LT" duration="00:00:00.0156947" startTime="2026-07-19T14:34:55.2222890+05:00" endTime="2026-07-19T14:34:55.2380176+05:00" testType="13cdc9d9-ddb5-4fa4-a97d-d965ccfc6d4b" outcome="Passed" testListId="8c84fa94-04c1-424b-9868-57a2d4851a1d" relativeResultsDirectory="1b72d45d-8284-443d-baac-9fa7d754c6e1" />
    <UnitTestResult executionId="dd8de592-0f96-4452-80d3-cca61ac8f629" testId="07a06df4-072e-796f-7543-304fe909457f" testName="Deep.Client.Shared.Tests.Features.FeatureFlagsTests.ReleaseInvariant_TransportRequiredImpliesNoStub" computerName="SURFACE-LT" duration="00:00:00.0000352" startTime="2026-07-19T14:34:54.8444304+05:00" endTime="2026-07-19T14:34:54.8444626+05:00" testType="13cdc9d9-ddb5-4fa4-a97d-d965ccfc6d4b" outcome="Passed" testListId="8c84fa94-04c1-424b-9868-57a2d4851a1d" relativeResultsDirectory="dd8de592-0f96-4452-80d3-cca61ac8f629" />
    <UnitTestResult executionId="3b1fd89e-2357-4840-b83e-35ada586a1cf" testId="15d6c088-fc1c-c957-23af-afad116c4c7f" testName="Deep.Client.Shared.Tests.Persistence.TransportOutboxContractRedTests.PreparedItemRequiresExplicitRecipientAckBeforeDelivered" computerName="SURFACE-LT" duration="00:00:00.0168551" startTime="2026-07-19T14:34:54.8620832+05:00" endTime="2026-07-19T14:34:54.8621712+05:00" testType="13cdc9d9-ddb5-4fa4-a97d-d965ccfc6d4b" outcome="Passed" testListId="8c84fa94-04c1-424b-9868-57a2d4851a1d" relativeResultsDirectory="3b1fd89e-2357-4840-b83e-35ada586a1cf" />
    <UnitTestResult executionId="e66244f3-bd80-4d0d-afd7-6042ca3d7b88" testId="add3309e-d84c-cf4d-6767-d8af253ca779" testName="Deep.Client.Shared.Tests.Persistence.TransportOutboxContractRedTests.OpaqueIdentifiersAndTransitionReasonsFailClosed" computerName="SURFACE-LT" duration="00:00:00.0109465" startTime="2026-07-19T14:34:54.8279715+05:00" endTime="2026-07-19T14:34:54.8450778+05:00" testType="13cdc9d9-ddb5-4fa4-a97d-d965ccfc6d4b" outcome="Passed" testListId="8c84fa94-04c1-424b-9868-57a2d4851a1d" relativeResultsDirectory="e66244f3-bd80-4d0d-afd7-6042ca3d7b88" />
    <UnitTestResult executionId="4e32fe4f-ce49-45bc-9354-b42950a21705" testId="5d7abcc1-e58e-24b4-0ecf-26353240ffea" testName="Deep.Client.Shared.Tests.Persistence.TransportOutboxRepositoryContractTests.ScopePurgeAndAccountPurgeRemoveOutboxWithoutCrossScopeLeak(sqlite: False)" computerName="SURFACE-LT" duration="00:00:00.0050432" startTime="2026-07-19T14:34:55.1487126+05:00" endTime="2026-07-19T14:34:55.1533320+05:00" testType="13cdc9d9-ddb5-4fa4-a97d-d965ccfc6d4b" outcome="Passed" testListId="8c84fa94-04c1-424b-9868-57a2d4851a1d" relativeResultsDirectory="4e32fe4f-ce49-45bc-9354-b42950a21705" />
    <UnitTestResult executionId="919183c1-7275-472c-b6eb-03ce34dc8b69" testId="42247b04-54b6-3790-6faa-8e777d50dd2d" testName="Deep.Client.Shared.Tests.Persistence.TransportOutboxRepositoryContractTests.AttemptCountIsStrictlyBounded(sqlite: True)" computerName="SURFACE-LT" duration="00:00:00.1119280" startTime="2026-07-19T14:34:55.2382253+05:00" endTime="2026-07-19T14:34:55.3501842+05:00" testType="13cdc9d9-ddb5-4fa4-a97d-d965ccfc6d4b" outcome="Passed" testListId="8c84fa94-04c1-424b-9868-57a2d4851a1d" relativeResultsDirectory="919183c1-7275-472c-b6eb-03ce34dc8b69" />
    <UnitTestResult executionId="c3e5e842-c949-493a-9339-704cf21bdba9" testId="95c970bc-f569-379b-0f51-58e815639570" testName="Deep.Client.Shared.Tests.Persistence.TransportOutboxRepositoryContractTests.SimultaneousAttemptSuccessAdvancesOneLogicalDurableState(sqlite: False)" computerName="SURFACE-LT" duration="00:00:00.0118244" startTime="2026-07-19T14:34:55.0643766+05:00" endTime="2026-07-19T14:34:55.0749446+05:00" testType="13cdc9d9-ddb5-4fa4-a97d-d965ccfc6d4b" outcome="Passed" testListId="8c84fa94-04c1-424b-9868-57a2d4851a1d" relativeResultsDirectory="c3e5e842-c949-493a-9339-704cf21bdba9" />
    <UnitTestResult executionId="1e333d8e-7856-4b43-93e6-8dad34aa1f2f" testId="1de6ba69-f48d-de7f-3124-d2dbc3a0f6fd" testName="Deep.Client.Shared.Tests.Persistence.TransportOutboxContractRedTests.OpaqueIdentifiersDoNotRenderTheirValue" computerName="SURFACE-LT" duration="00:00:00.0005631" startTime="2026-07-19T14:34:54.8624057+05:00" endTime="2026-07-19T14:34:54.8624473+05:00" testType="13cdc9d9-ddb5-4fa4-a97d-d965ccfc6d4b" outcome="Passed" testListId="8c84fa94-04c1-424b-9868-57a2d4851a1d" relativeResultsDirectory="1e333d8e-7856-4b43-93e6-8dad34aa1f2f" />
    <UnitTestResult executionId="5829dd50-b5f9-4a6e-8f76-8b8f233a7e70" testId="47644d7e-79d5-22e2-6e49-99a79164d68b" testName="Deep.Client.Shared.Tests.Persistence.TransportOutboxRepositoryContractTests.RestartAtEveryTransitionPreservesMonotonicState(sqlite: True)" computerName="SURFACE-LT" duration="00:00:00.0718832" startTime="2026-07-19T14:34:54.9353938+05:00" endTime="2026-07-19T14:34:55.0075767+05:00" testType="13cdc9d9-ddb5-4fa4-a97d-d965ccfc6d4b" outcome="Passed" testListId="8c84fa94-04c1-424b-9868-57a2d4851a1d" relativeResultsDirectory="5829dd50-b5f9-4a6e-8f76-8b8f233a7e70" />
    <UnitTestResult executionId="aa750cd2-1957-4f3a-976c-c82f98670b09" testId="1928e443-46f9-c526-a5b9-33222cac3ccf" testName="Deep.Client.Shared.Tests.Features.FeatureFlagsTests.ExistingPositionalArguments_RemainSourceCompatible" computerName="SURFACE-LT" duration="00:00:00.0000540" startTime="2026-07-19T14:34:54.8441941+05:00" endTime="2026-07-19T14:34:54.8442340+05:00" testType="13cdc9d9-ddb5-4fa4-a97d-d965ccfc6d4b" outcome="Passed" testListId="8c84fa94-04c1-424b-9868-57a2d4851a1d" relativeResultsDirectory="aa750cd2-1957-4f3a-976c-c82f98670b09" />
    <UnitTestResult executionId="a4774072-34c7-482f-bf4c-317b2e590d09" testId="5af73821-a6d3-6040-53e3-23df2110c55b" testName="Deep.Client.Shared.Tests.Persistence.TransportOutboxRepositoryContractTests.ExpiryAndRetryListingAreBoundedAndTerminal(sqlite: False)" computerName="SURFACE-LT" duration="00:00:00.0110587" startTime="2026-07-19T14:34:55.0518934+05:00" endTime="2026-07-19T14:34:55.0629140+05:00" testType="13cdc9d9-ddb5-4fa4-a97d-d965ccfc6d4b" outcome="Passed" testListId="8c84fa94-04c1-424b-9868-57a2d4851a1d" relativeResultsDirectory="a4774072-34c7-482f-bf4c-317b2e590d09" />
    <UnitTestResult executionId="845c11a7-7ac4-4b99-aeb9-23ffaa2252ba" testId="63b46b2c-7d1f-9cd7-5150-c7ba625e5f12" testName="Deep.Client.Shared.Tests.Persistence.TransportOutboxRepositoryContractTests.SimultaneousAttemptSuccessAdvancesOneLogicalDurableState(sqlite: True)" computerName="SURFACE-LT" duration="00:00:00.0413006" startTime="2026-07-19T14:34:55.0750840+05:00" endTime="2026-07-19T14:34:55.1165184+05:00" testType="13cdc9d9-ddb5-4fa4-a97d-d965ccfc6d4b" outcome="Passed" testListId="8c84fa94-04c1-424b-9868-57a2d4851a1d" relativeResultsDirectory="845c11a7-7ac4-4b99-aeb9-23ffaa2252ba" />
    <UnitTestResult executionId="d27a6d6b-0da7-48c2-a164-f6718b5aa42f" testId="ce3823bc-54f4-6169-dfba-f988c9ec0338" testName="Deep.Client.Shared.Tests.Persistence.TransportOutboxRepositoryContractTests.DivergentReuseAndRegressionFailClosed(sqlite: False)" computerName="SURFACE-LT" duration="00:00:00.0031290" startTime="2026-07-19T14:34:55.1451890+05:00" endTime="2026-07-19T14:34:55.1483426+05:00" testType="13cdc9d9-ddb5-4fa4-a97d-d965ccfc6d4b" outcome="Passed" testListId="8c84fa94-04c1-424b-9868-57a2d4851a1d" relativeResultsDirectory="d27a6d6b-0da7-48c2-a164-f6718b5aa42f" />
    <UnitTestResult executionId="6f6f95ec-19ac-40f8-946d-96e4aeecf25a" testId="89635f20-d7dd-06a3-bfa6-383fac11ac6d" testName="Deep.Client.Shared.Tests.Persistence.TransportOutboxRepositoryContractTests.ReturnedBuffersAreDefensiveCopies(sqlite: False)" computerName="SURFACE-LT" duration="00:00:00.0031577" startTime="2026-07-19T14:34:55.1971265+05:00" endTime="2026-07-19T14:34:55.2001678+05:00" testType="13cdc9d9-ddb5-4fa4-a97d-d965ccfc6d4b" outcome="Passed" testListId="8c84fa94-04c1-424b-9868-57a2d4851a1d" relativeResultsDirectory="6f6f95ec-19ac-40f8-946d-96e4aeecf25a" />
    <UnitTestResult executionId="a5b00fae-3011-425b-a657-5ba64f884f32" testId="9a81bffb-2a35-adc3-52a6-579a5b490cd7" testName="Deep.Client.Shared.Tests.Persistence.TransportOutboxRepositoryContractTests.ExpiryAndRetryListingAreBoundedAndTerminal(sqlite: True)" computerName="SURFACE-LT" duration="00:00:00.0439106" startTime="2026-07-19T14:34:55.0077788+05:00" endTime="2026-07-19T14:34:55.0517478+05:00" testType="13cdc9d9-ddb5-4fa4-a97d-d965ccfc6d4b" outcome="Passed" testListId="8c84fa94-04c1-424b-9868-57a2d4851a1d" relativeResultsDirectory="a5b00fae-3011-425b-a657-5ba64f884f32" />
    <UnitTestResult executionId="43f26011-3df5-490a-96a1-7dd512ea28af" testId="ce71b5ea-bc9f-918b-455f-37f2f759a082" testName="Deep.Client.Shared.Tests.Persistence.TransportOutboxRepositoryContractTests.SqliteMigratesPopulatedV7WithoutTouchingExistingRowsAndRejectsNewerSchema" computerName="SURFACE-LT" duration="00:00:00.0239952" startTime="2026-07-19T14:34:55.4608004+05:00" endTime="2026-07-19T14:34:55.4849493+05:00" testType="13cdc9d9-ddb5-4fa4-a97d-d965ccfc6d4b" outcome="Passed" testListId="8c84fa94-04c1-424b-9868-57a2d4851a1d" relativeResultsDirectory="43f26011-3df5-490a-96a1-7dd512ea28af" />
    <UnitTestResult executionId="9ae687bb-0fb0-4c28-b5cc-c7bc49160308" testId="63372acf-65dd-5924-8814-a5871e5a16f9" testName="Deep.Client.Shared.Tests.Persistence.TransportOutboxRepositoryContractTests.SqliteRejectsOversizedPersistedBlobBeforeIdempotencyDecision" computerName="SURFACE-LT" duration="00:00:00.0356627" startTime="2026-07-19T14:34:55.4248741+05:00" endTime="2026-07-19T14:34:55.4606275+05:00" testType="13cdc9d9-ddb5-4fa4-a97d-d965ccfc6d4b" outcome="Passed" testListId="8c84fa94-04c1-424b-9868-57a2d4851a1d" relativeResultsDirectory="9ae687bb-0fb0-4c28-b5cc-c7bc49160308" />
    <UnitTestResult executionId="a22429c1-f7c7-48fb-8295-68024e1cff80" testId="bf711730-e253-cc05-85b1-e8a1f8850a66" testName="Deep.Client.Shared.Tests.Features.FeatureFlagsTests.DebugDefaults_DoesNotRequireTransportAndAllowsStub" computerName="SURFACE-LT" duration="00:00:00.0001878" startTime="2026-07-19T14:34:54.8436354+05:00" endTime="2026-07-19T14:34:54.8437078+05:00" testType="13cdc9d9-ddb5-4fa4-a97d-d965ccfc6d4b" outcome="Passed" testListId="8c84fa94-04c1-424b-9868-57a2d4851a1d" relativeResultsDirectory="a22429c1-f7c7-48fb-8295-68024e1cff80" />
    <UnitTestResult executionId="727facc0-4c52-406c-9f35-37005ce14709" testId="5ff985e3-a152-f769-ec46-c84eff577028" testName="Deep.Client.Shared.Tests.Persistence.TransportOutboxRepositoryContractTests.RestartAtEveryTransitionPreservesMonotonicState(sqlite: False)" computerName="SURFACE-LT" duration="00:00:00.1053201" startTime="2026-07-19T14:34:54.8280020+05:00" endTime="2026-07-19T14:34:54.9352553+05:00" testType="13cdc9d9-ddb5-4fa4-a97d-d965ccfc6d4b" outcome="Passed" testListId="8c84fa94-04c1-424b-9868-57a2d4851a1d" relativeResultsDirectory="727facc0-4c52-406c-9f35-37005ce14709" />
    <UnitTestResult executionId="76500007-ef4a-4cc2-8fba-68af8a97dccd" testId="77b42957-8a85-1148-9d2f-773477392645" testName="Deep.Client.Shared.Tests.Features.FeatureFlagsTests.ReleaseDefaults_RequiresTransportAndDisablesStub" computerName="SURFACE-LT" duration="00:00:00.0000572" startTime="2026-07-19T14:34:54.8443146+05:00" endTime="2026-07-19T14:34:54.8443526+05:00" testType="13cdc9d9-ddb5-4fa4-a97d-d965ccfc6d4b" outcome="Passed" testListId="8c84fa94-04c1-424b-9868-57a2d4851a1d" relativeResultsDirectory="76500007-ef4a-4cc2-8fba-68af8a97dccd" />
    <UnitTestResult executionId="505a8163-9706-403c-82f4-a542e4fa9f4c" testId="be134a15-8566-204f-638e-64440e9c294e" testName="Deep.Client.Shared.Tests.Persistence.TransportOutboxRepositoryContractTests.ReturnedBuffersAreDefensiveCopies(sqlite: True)" computerName="SURFACE-LT" duration="00:00:00.0216645" startTime="2026-07-19T14:34:55.2009126+05:00" endTime="2026-07-19T14:34:55.2221397+05:00" testType="13cdc9d9-ddb5-4fa4-a97d-d965ccfc6d4b" outcome="Passed" testListId="8c84fa94-04c1-424b-9868-57a2d4851a1d" relativeResultsDirectory="505a8163-9706-403c-82f4-a542e4fa9f4c" />
    <UnitTestResult executionId="4cfb036e-5aa2-49f8-8287-c13d35df3e66" testId="8d5f8f62-a634-a600-720e-ae4f241a1de1" testName="Deep.Client.Shared.Tests.Persistence.MessageSyncRepositoryTests.SqliteStore_CreatesAllMessageSyncIndexes" computerName="SURFACE-LT" duration="00:00:00.0357310" startTime="2026-07-19T14:34:54.8279309+05:00" endTime="2026-07-19T14:34:54.8656677+05:00" testType="13cdc9d9-ddb5-4fa4-a97d-d965ccfc6d4b" outcome="Passed" testListId="8c84fa94-04c1-424b-9868-57a2d4851a1d" relativeResultsDirectory="4cfb036e-5aa2-49f8-8287-c13d35df3e66" />
    <UnitTestResult executionId="7248f044-453e-4a0c-b7de-a5b7714353ee" testId="5cb7b2f6-8cf0-b4dc-2fb8-0bafbbbea9a7" testName="Deep.Client.Shared.Tests.Persistence.AccountDataPurgeTests.SignOut_PurgesAccountStateBeforeAnotherAccountUsesTheSameRuntime" computerName="SURFACE-LT" duration="00:00:00.0611414" startTime="2026-07-19T14:34:54.8271660+05:00" endTime="2026-07-19T14:34:54.8923598+05:00" testType="13cdc9d9-ddb5-4fa4-a97d-d965ccfc6d4b" outcome="Passed" testListId="8c84fa94-04c1-424b-9868-57a2d4851a1d" relativeResultsDirectory="7248f044-453e-4a0c-b7de-a5b7714353ee" />
    <UnitTestResult executionId="afabeec7-c135-47eb-9ac6-77763a5e83e2" testId="4c7a8881-1a74-07bd-3408-ef0b647bf973" testName="Deep.Client.Shared.Tests.Persistence.AccountDataPurgeTests.SqliteSignOut_DoesNotReportCancellationAfterPurgeCommit" computerName="SURFACE-LT" duration="00:00:00.2361373" startTime="2026-07-19T14:34:55.1360631+05:00" endTime="2026-07-19T14:34:55.3722070+05:00" testType="13cdc9d9-ddb5-4fa4-a97d-d965ccfc6d4b" outcome="Passed" testListId="8c84fa94-04c1-424b-9868-57a2d4851a1d" relativeResultsDirectory="afabeec7-c135-47eb-9ac6-77763a5e83e2" />
    <UnitTestResult executionId="250b6f6f-5cd3-4ef0-b8de-db344bca0e7f" testId="42cfd801-fb0d-ee29-1f28-20f6126fd42a" testName="Deep.Client.Shared.Tests.Persistence.TransportOutboxRepositoryContractTests.SqliteRejectsOversizedAttemptEvidenceBeforeReadingIt" computerName="SURFACE-LT" duration="00:00:00.0352265" startTime="2026-07-19T14:34:55.3890962+05:00" endTime="2026-07-19T14:34:55.4246031+05:00" testType="13cdc9d9-ddb5-4fa4-a97d-d965ccfc6d4b" outcome="Passed" testListId="8c84fa94-04c1-424b-9868-57a2d4851a1d" relativeResultsDirectory="250b6f6f-5cd3-4ef0-b8de-db344bca0e7f" />
    <UnitTestResult executionId="d86ce09b-b068-4c25-b7eb-e61cc8ac4b5f" testId="8a7668c8-9b5a-6a97-6623-4e5bd5bdd10d" testName="Deep.Client.Shared.Tests.Persistence.TransportOutboxRepositoryContractTests.DivergentReuseAndRegressionFailClosed(sqlite: True)" computerName="SURFACE-LT" duration="00:00:00.0281669" startTime="2026-07-19T14:34:55.1166835+05:00" endTime="2026-07-19T14:34:55.1450654+05:00" testType="13cdc9d9-ddb5-4fa4-a97d-d965ccfc6d4b" outcome="Passed" testListId="8c84fa94-04c1-424b-9868-57a2d4851a1d" relativeResultsDirectory="d86ce09b-b068-4c25-b7eb-e61cc8ac4b5f" />
    <UnitTestResult executionId="84e6475a-355a-4559-a738-4c0638a85115" testId="963d861e-ba56-3214-a6d7-d85485d8fe4a" testName="Deep.Client.Shared.Tests.Persistence.TransportOutboxRepositoryContractTests.ScopePurgeAndAccountPurgeRemoveOutboxWithoutCrossScopeLeak(sqlite: True)" computerName="SURFACE-LT" duration="00:00:00.0432265" startTime="2026-07-19T14:34:55.1534404+05:00" endTime="2026-07-19T14:34:55.1969286+05:00" testType="13cdc9d9-ddb5-4fa4-a97d-d965ccfc6d4b" outcome="Passed" testListId="8c84fa94-04c1-424b-9868-57a2d4851a1d" relativeResultsDirectory="84e6475a-355a-4559-a738-4c0638a85115" />
    <UnitTestResult executionId="cb47be2b-8710-473f-a451-b945a1438ec2" testId="47d51298-1790-2b7a-279e-cce1283cc6f7" testName="Deep.Client.Shared.Tests.Features.FeatureFlagsTests.MembershipTrustAndLegacyRollback_AreDormantInEveryDefault" computerName="SURFACE-LT" duration="00:00:00.0041750" startTime="2026-07-19T14:34:54.8279871+05:00" endTime="2026-07-19T14:34:54.8373241+05:00" testType="13cdc9d9-ddb5-4fa4-a97d-d965ccfc6d4b" outcome="Passed" testListId="8c84fa94-04c1-424b-9868-57a2d4851a1d" relativeResultsDirectory="cb47be2b-8710-473f-a451-b945a1438ec2" />
  </Results>
  <TestDefinitions>
    <UnitTest name="Deep.Client.Shared.Tests.Persistence.TransportOutboxRepositoryContractTests.ScopePurgeAndAccountPurgeRemoveOutboxWithoutCrossScopeLeak(sqlite: True)" storage="c:\w\deep-survival\wave03\deep-client-shared-p11a\tests\deep.client.shared.tests\bin\debug\net10.0\deep.client.shared.tests.dll" id="963d861e-ba56-3214-a6d7-d85485d8fe4a">
      <Execution id="84e6475a-355a-4559-a738-4c0638a85115" />
      <TestMethod codeBase="C:\W\deep-survival\wave03\deep-client-shared-p11a\tests\Deep.Client.Shared.Tests\bin\Debug\net10.0\Deep.Client.Shared.Tests.dll" adapterTypeName="executor://xunit/VsTestRunner3/netcore/" className="Deep.Client.Shared.Tests.Persistence.TransportOutboxRepositoryContractTests" name="ScopePurgeAndAccountPurgeRemoveOutboxWithoutCrossScopeLeak" />
    </UnitTest>
    <UnitTest name="Deep.Client.Shared.Tests.Persistence.TransportOutboxContractRedTests.OpaqueIdentifiersAndTransitionReasonsFailClosed" storage="c:\w\deep-survival\wave03\deep-client-shared-p11a\tests\deep.client.shared.tests\bin\debug\net10.0\deep.client.shared.tests.dll" id="add3309e-d84c-cf4d-6767-d8af253ca779">
      <Execution id="e66244f3-bd80-4d0d-afd7-6042ca3d7b88" />
      <TestMethod codeBase="C:\W\deep-survival\wave03\deep-client-shared-p11a\tests\Deep.Client.Shared.Tests\bin\Debug\net10.0\Deep.Client.Shared.Tests.dll" adapterTypeName="executor://xunit/VsTestRunner3/netcore/" className="Deep.Client.Shared.Tests.Persistence.TransportOutboxContractRedTests" name="OpaqueIdentifiersAndTransitionReasonsFailClosed" />
    </UnitTest>
    <UnitTest name="Deep.Client.Shared.Tests.Features.FeatureFlagsTests.ReleaseInvariant_TransportRequiredImpliesNoStub" storage="c:\w\deep-survival\wave03\deep-client-shared-p11a\tests\deep.client.shared.tests\bin\debug\net10.0\deep.client.shared.tests.dll" id="07a06df4-072e-796f-7543-304fe909457f">
      <Execution id="dd8de592-0f96-4452-80d3-cca61ac8f629" />
      <TestMethod codeBase="C:\W\deep-survival\wave03\deep-client-shared-p11a\tests\Deep.Client.Shared.Tests\bin\Debug\net10.0\Deep.Client.Shared.Tests.dll" adapterTypeName="executor://xunit/VsTestRunner3/netcore/" className="Deep.Client.Shared.Tests.Features.FeatureFlagsTests" name="ReleaseInvariant_TransportRequiredImpliesNoStub" />
    </UnitTest>
    <UnitTest name="Deep.Client.Shared.Tests.Persistence.TransportOutboxRepositoryContractTests.ReturnedBuffersAreDefensiveCopies(sqlite: False)" storage="c:\w\deep-survival\wave03\deep-client-shared-p11a\tests\deep.client.shared.tests\bin\debug\net10.0\deep.client.shared.tests.dll" id="89635f20-d7dd-06a3-bfa6-383fac11ac6d">
      <Execution id="6f6f95ec-19ac-40f8-946d-96e4aeecf25a" />
      <TestMethod codeBase="C:\W\deep-survival\wave03\deep-client-shared-p11a\tests\Deep.Client.Shared.Tests\bin\Debug\net10.0\Deep.Client.Shared.Tests.dll" adapterTypeName="executor://xunit/VsTestRunner3/netcore/" className="Deep.Client.Shared.Tests.Persistence.TransportOutboxRepositoryContractTests" name="ReturnedBuffersAreDefensiveCopies" />
    </UnitTest>
    <UnitTest name="Deep.Client.Shared.Tests.Persistence.TransportOutboxRepositoryContractTests.DivergentReuseAndRegressionFailClosed(sqlite: True)" storage="c:\w\deep-survival\wave03\deep-client-shared-p11a\tests\deep.client.shared.tests\bin\debug\net10.0\deep.client.shared.tests.dll" id="8a7668c8-9b5a-6a97-6623-4e5bd5bdd10d">
      <Execution id="d86ce09b-b068-4c25-b7eb-e61cc8ac4b5f" />
      <TestMethod codeBase="C:\W\deep-survival\wave03\deep-client-shared-p11a\tests\Deep.Client.Shared.Tests\bin\Debug\net10.0\Deep.Client.Shared.Tests.dll" adapterTypeName="executor://xunit/VsTestRunner3/netcore/" className="Deep.Client.Shared.Tests.Persistence.TransportOutboxRepositoryContractTests" name="DivergentReuseAndRegressionFailClosed" />
    </UnitTest>
    <UnitTest name="Deep.Client.Shared.Tests.Persistence.AccountDataPurgeTests.SqliteSignOut_PurgesAccountStateAcrossRestartAndPreservesSchemaMetadata" storage="c:\w\deep-survival\wave03\deep-client-shared-p11a\tests\deep.client.shared.tests\bin\debug\net10.0\deep.client.shared.tests.dll" id="26cc5385-a1c7-cf1f-0b9f-4c282438dff8">
      <Execution id="7c392eac-d43f-4821-9d12-4a3d356c3c27" />
      <TestMethod codeBase="C:\W\deep-survival\wave03\deep-client-shared-p11a\tests\Deep.Client.Shared.Tests\bin\Debug\net10.0\Deep.Client.Shared.Tests.dll" adapterTypeName="executor://xunit/VsTestRunner3/netcore/" className="Deep.Client.Shared.Tests.Persistence.AccountDataPurgeTests" name="SqliteSignOut_PurgesAccountStateAcrossRestartAndPreservesSchemaMetadata" />
    </UnitTest>
    <UnitTest name="Deep.Client.Shared.Tests.Persistence.MessageSyncRepositoryTests.SqliteStore_CreatesAllMessageSyncIndexes" storage="c:\w\deep-survival\wave03\deep-client-shared-p11a\tests\deep.client.shared.tests\bin\debug\net10.0\deep.client.shared.tests.dll" id="8d5f8f62-a634-a600-720e-ae4f241a1de1">
      <Execution id="4cfb036e-5aa2-49f8-8287-c13d35df3e66" />
      <TestMethod codeBase="C:\W\deep-survival\wave03\deep-client-shared-p11a\tests\Deep.Client.Shared.Tests\bin\Debug\net10.0\Deep.Client.Shared.Tests.dll" adapterTypeName="executor://xunit/VsTestRunner3/netcore/" className="Deep.Client.Shared.Tests.Persistence.MessageSyncRepositoryTests" name="SqliteStore_CreatesAllMessageSyncIndexes" />
    </UnitTest>
    <UnitTest name="Deep.Client.Shared.Tests.Persistence.TransportOutboxRepositoryContractTests.RestartAtEveryTransitionPreservesMonotonicState(sqlite: False)" storage="c:\w\deep-survival\wave03\deep-client-shared-p11a\tests\deep.client.shared.tests\bin\debug\net10.0\deep.client.shared.tests.dll" id="5ff985e3-a152-f769-ec46-c84eff577028">
      <Execution id="727facc0-4c52-406c-9f35-37005ce14709" />
      <TestMethod codeBase="C:\W\deep-survival\wave03\deep-client-shared-p11a\tests\Deep.Client.Shared.Tests\bin\Debug\net10.0\Deep.Client.Shared.Tests.dll" adapterTypeName="executor://xunit/VsTestRunner3/netcore/" className="Deep.Client.Shared.Tests.Persistence.TransportOutboxRepositoryContractTests" name="RestartAtEveryTransitionPreservesMonotonicState" />
    </UnitTest>
    <UnitTest name="Deep.Client.Shared.Tests.Persistence.TransportOutboxContractRedTests.OpaqueIdentifiersDoNotRenderTheirValue" storage="c:\w\deep-survival\wave03\deep-client-shared-p11a\tests\deep.client.shared.tests\bin\debug\net10.0\deep.client.shared.tests.dll" id="1de6ba69-f48d-de7f-3124-d2dbc3a0f6fd">
      <Execution id="1e333d8e-7856-4b43-93e6-8dad34aa1f2f" />
      <TestMethod codeBase="C:\W\deep-survival\wave03\deep-client-shared-p11a\tests\Deep.Client.Shared.Tests\bin\Debug\net10.0\Deep.Client.Shared.Tests.dll" adapterTypeName="executor://xunit/VsTestRunner3/netcore/" className="Deep.Client.Shared.Tests.Persistence.TransportOutboxContractRedTests" name="OpaqueIdentifiersDoNotRenderTheirValue" />
    </UnitTest>
    <UnitTest name="Deep.Client.Shared.Tests.Persistence.TransportOutboxRepositoryContractTests.SimultaneousAttemptSuccessAdvancesOneLogicalDurableState(sqlite: False)" storage="c:\w\deep-survival\wave03\deep-client-shared-p11a\tests\deep.client.shared.tests\bin\debug\net10.0\deep.client.shared.tests.dll" id="95c970bc-f569-379b-0f51-58e815639570">
      <Execution id="c3e5e842-c949-493a-9339-704cf21bdba9" />
      <TestMethod codeBase="C:\W\deep-survival\wave03\deep-client-shared-p11a\tests\Deep.Client.Shared.Tests\bin\Debug\net10.0\Deep.Client.Shared.Tests.dll" adapterTypeName="executor://xunit/VsTestRunner3/netcore/" className="Deep.Client.Shared.Tests.Persistence.TransportOutboxRepositoryContractTests" name="SimultaneousAttemptSuccessAdvancesOneLogicalDurableState" />
    </UnitTest>
    <UnitTest name="Deep.Client.Shared.Tests.Persistence.TransportOutboxRepositoryContractTests.ExpiryAndRetryListingAreBoundedAndTerminal(sqlite: True)" storage="c:\w\deep-survival\wave03\deep-client-shared-p11a\tests\deep.client.shared.tests\bin\debug\net10.0\deep.client.shared.tests.dll" id="9a81bffb-2a35-adc3-52a6-579a5b490cd7">
      <Execution id="a5b00fae-3011-425b-a657-5ba64f884f32" />
      <TestMethod codeBase="C:\W\deep-survival\wave03\deep-client-shared-p11a\tests\Deep.Client.Shared.Tests\bin\Debug\net10.0\Deep.Client.Shared.Tests.dll" adapterTypeName="executor://xunit/VsTestRunner3/netcore/" className="Deep.Client.Shared.Tests.Persistence.TransportOutboxRepositoryContractTests" name="ExpiryAndRetryListingAreBoundedAndTerminal" />
    </UnitTest>
    <UnitTest name="Deep.Client.Shared.Tests.Persistence.TransportOutboxContractRedTests.PreparedItemRequiresExplicitRecipientAckBeforeDelivered" storage="c:\w\deep-survival\wave03\deep-client-shared-p11a\tests\deep.client.shared.tests\bin\debug\net10.0\deep.client.shared.tests.dll" id="15d6c088-fc1c-c957-23af-afad116c4c7f">
      <Execution id="3b1fd89e-2357-4840-b83e-35ada586a1cf" />
      <TestMethod codeBase="C:\W\deep-survival\wave03\deep-client-shared-p11a\tests\Deep.Client.Shared.Tests\bin\Debug\net10.0\Deep.Client.Shared.Tests.dll" adapterTypeName="executor://xunit/VsTestRunner3/netcore/" className="Deep.Client.Shared.Tests.Persistence.TransportOutboxContractRedTests" name="PreparedItemRequiresExplicitRecipientAckBeforeDelivered" />
    </UnitTest>
    <UnitTest name="Deep.Client.Shared.Tests.Features.FeatureFlagsTests.DebugDefaults_DoesNotRequireTransportAndAllowsStub" storage="c:\w\deep-survival\wave03\deep-client-shared-p11a\tests\deep.client.shared.tests\bin\debug\net10.0\deep.client.shared.tests.dll" id="bf711730-e253-cc05-85b1-e8a1f8850a66">
      <Execution id="a22429c1-f7c7-48fb-8295-68024e1cff80" />
      <TestMethod codeBase="C:\W\deep-survival\wave03\deep-client-shared-p11a\tests\Deep.Client.Shared.Tests\bin\Debug\net10.0\Deep.Client.Shared.Tests.dll" adapterTypeName="executor://xunit/VsTestRunner3/netcore/" className="Deep.Client.Shared.Tests.Features.FeatureFlagsTests" name="DebugDefaults_DoesNotRequireTransportAndAllowsStub" />
    </UnitTest>
    <UnitTest name="Deep.Client.Shared.Tests.Persistence.TransportOutboxRepositoryContractTests.SqliteRejectsOversizedPersistedBlobBeforeIdempotencyDecision" storage="c:\w\deep-survival\wave03\deep-client-shared-p11a\tests\deep.client.shared.tests\bin\debug\net10.0\deep.client.shared.tests.dll" id="63372acf-65dd-5924-8814-a5871e5a16f9">
      <Execution id="9ae687bb-0fb0-4c28-b5cc-c7bc49160308" />
      <TestMethod codeBase="C:\W\deep-survival\wave03\deep-client-shared-p11a\tests\Deep.Client.Shared.Tests\bin\Debug\net10.0\Deep.Client.Shared.Tests.dll" adapterTypeName="executor://xunit/VsTestRunner3/netcore/" className="Deep.Client.Shared.Tests.Persistence.TransportOutboxRepositoryContractTests" name="SqliteRejectsOversizedPersistedBlobBeforeIdempotencyDecision" />
    </UnitTest>
    <UnitTest name="Deep.Client.Shared.Tests.Persistence.TransportOutboxRepositoryContractTests.AttemptCountIsStrictlyBounded(sqlite: True)" storage="c:\w\deep-survival\wave03\deep-client-shared-p11a\tests\deep.client.shared.tests\bin\debug\net10.0\deep.client.shared.tests.dll" id="42247b04-54b6-3790-6faa-8e777d50dd2d">
      <Execution id="919183c1-7275-472c-b6eb-03ce34dc8b69" />
      <TestMethod codeBase="C:\W\deep-survival\wave03\deep-client-shared-p11a\tests\Deep.Client.Shared.Tests\bin\Debug\net10.0\Deep.Client.Shared.Tests.dll" adapterTypeName="executor://xunit/VsTestRunner3/netcore/" className="Deep.Client.Shared.Tests.Persistence.TransportOutboxRepositoryContractTests" name="AttemptCountIsStrictlyBounded" />
    </UnitTest>
    <UnitTest name="Deep.Client.Shared.Tests.Persistence.AccountDataPurgeTests.SqliteSignOut_DoesNotReportCancellationAfterPurgeCommit" storage="c:\w\deep-survival\wave03\deep-client-shared-p11a\tests\deep.client.shared.tests\bin\debug\net10.0\deep.client.shared.tests.dll" id="4c7a8881-1a74-07bd-3408-ef0b647bf973">
      <Execution id="afabeec7-c135-47eb-9ac6-77763a5e83e2" />
      <TestMethod codeBase="C:\W\deep-survival\wave03\deep-client-shared-p11a\tests\Deep.Client.Shared.Tests\bin\Debug\net10.0\Deep.Client.Shared.Tests.dll" adapterTypeName="executor://xunit/VsTestRunner3/netcore/" className="Deep.Client.Shared.Tests.Persistence.AccountDataPurgeTests" name="SqliteSignOut_DoesNotReportCancellationAfterPurgeCommit" />
    </UnitTest>
    <UnitTest name="Deep.Client.Shared.Tests.Persistence.TransportOutboxRepositoryContractTests.DivergentReuseAndRegressionFailClosed(sqlite: False)" storage="c:\w\deep-survival\wave03\deep-client-shared-p11a\tests\deep.client.shared.tests\bin\debug\net10.0\deep.client.shared.tests.dll" id="ce3823bc-54f4-6169-dfba-f988c9ec0338">
      <Execution id="d27a6d6b-0da7-48c2-a164-f6718b5aa42f" />
      <TestMethod codeBase="C:\W\deep-survival\wave03\deep-client-shared-p11a\tests\Deep.Client.Shared.Tests\bin\Debug\net10.0\Deep.Client.Shared.Tests.dll" adapterTypeName="executor://xunit/VsTestRunner3/netcore/" className="Deep.Client.Shared.Tests.Persistence.TransportOutboxRepositoryContractTests" name="DivergentReuseAndRegressionFailClosed" />
    </UnitTest>
    <UnitTest name="Deep.Client.Shared.Tests.Persistence.TransportOutboxRepositoryContractTests.RestartAtEveryTransitionPreservesMonotonicState(sqlite: True)" storage="c:\w\deep-survival\wave03\deep-client-shared-p11a\tests\deep.client.shared.tests\bin\debug\net10.0\deep.client.shared.tests.dll" id="47644d7e-79d5-22e2-6e49-99a79164d68b">
      <Execution id="5829dd50-b5f9-4a6e-8f76-8b8f233a7e70" />
      <TestMethod codeBase="C:\W\deep-survival\wave03\deep-client-shared-p11a\tests\Deep.Client.Shared.Tests\bin\Debug\net10.0\Deep.Client.Shared.Tests.dll" adapterTypeName="executor://xunit/VsTestRunner3/netcore/" className="Deep.Client.Shared.Tests.Persistence.TransportOutboxRepositoryContractTests" name="RestartAtEveryTransitionPreservesMonotonicState" />
    </UnitTest>
    <UnitTest name="Deep.Client.Shared.Tests.Persistence.TransportOutboxRepositoryContractTests.ScopePurgeAndAccountPurgeRemoveOutboxWithoutCrossScopeLeak(sqlite: False)" storage="c:\w\deep-survival\wave03\deep-client-shared-p11a\tests\deep.client.shared.tests\bin\debug\net10.0\deep.client.shared.tests.dll" id="5d7abcc1-e58e-24b4-0ecf-26353240ffea">
      <Execution id="4e32fe4f-ce49-45bc-9354-b42950a21705" />
      <TestMethod codeBase="C:\W\deep-survival\wave03\deep-client-shared-p11a\tests\Deep.Client.Shared.Tests\bin\Debug\net10.0\Deep.Client.Shared.Tests.dll" adapterTypeName="executor://xunit/VsTestRunner3/netcore/" className="Deep.Client.Shared.Tests.Persistence.TransportOutboxRepositoryContractTests" name="ScopePurgeAndAccountPurgeRemoveOutboxWithoutCrossScopeLeak" />
    </UnitTest>
    <UnitTest name="Deep.Client.Shared.Tests.Persistence.AccountDataPurgeTests.SignOut_PurgesAccountStateBeforeAnotherAccountUsesTheSameRuntime" storage="c:\w\deep-survival\wave03\deep-client-shared-p11a\tests\deep.client.shared.tests\bin\debug\net10.0\deep.client.shared.tests.dll" id="5cb7b2f6-8cf0-b4dc-2fb8-0bafbbbea9a7">
      <Execution id="7248f044-453e-4a0c-b7de-a5b7714353ee" />
      <TestMethod codeBase="C:\W\deep-survival\wave03\deep-client-shared-p11a\tests\Deep.Client.Shared.Tests\bin\Debug\net10.0\Deep.Client.Shared.Tests.dll" adapterTypeName="executor://xunit/VsTestRunner3/netcore/" className="Deep.Client.Shared.Tests.Persistence.AccountDataPurgeTests" name="SignOut_PurgesAccountStateBeforeAnotherAccountUsesTheSameRuntime" />
    </UnitTest>
    <UnitTest name="Deep.Client.Shared.Tests.Persistence.TransportOutboxRepositoryContractTests.SqliteMigratesPopulatedV7WithoutTouchingExistingRowsAndRejectsNewerSchema" storage="c:\w\deep-survival\wave03\deep-client-shared-p11a\tests\deep.client.shared.tests\bin\debug\net10.0\deep.client.shared.tests.dll" id="ce71b5ea-bc9f-918b-455f-37f2f759a082">
      <Execution id="43f26011-3df5-490a-96a1-7dd512ea28af" />
      <TestMethod codeBase="C:\W\deep-survival\wave03\deep-client-shared-p11a\tests\Deep.Client.Shared.Tests\bin\Debug\net10.0\Deep.Client.Shared.Tests.dll" adapterTypeName="executor://xunit/VsTestRunner3/netcore/" className="Deep.Client.Shared.Tests.Persistence.TransportOutboxRepositoryContractTests" name="SqliteMigratesPopulatedV7WithoutTouchingExistingRowsAndRejectsNewerSchema" />
    </UnitTest>
    <UnitTest name="Deep.Client.Shared.Tests.Persistence.TransportOutboxRepositoryContractTests.ReturnedBuffersAreDefensiveCopies(sqlite: True)" storage="c:\w\deep-survival\wave03\deep-client-shared-p11a\tests\deep.client.shared.tests\bin\debug\net10.0\deep.client.shared.tests.dll" id="be134a15-8566-204f-638e-64440e9c294e">
      <Execution id="505a8163-9706-403c-82f4-a542e4fa9f4c" />
      <TestMethod codeBase="C:\W\deep-survival\wave03\deep-client-shared-p11a\tests\Deep.Client.Shared.Tests\bin\Debug\net10.0\Deep.Client.Shared.Tests.dll" adapterTypeName="executor://xunit/VsTestRunner3/netcore/" className="Deep.Client.Shared.Tests.Persistence.TransportOutboxRepositoryContractTests" name="ReturnedBuffersAreDefensiveCopies" />
    </UnitTest>
    <UnitTest name="Deep.Client.Shared.Tests.Features.FeatureFlagsTests.MembershipTrustAndLegacyRollback_AreDormantInEveryDefault" storage="c:\w\deep-survival\wave03\deep-client-shared-p11a\tests\deep.client.shared.tests\bin\debug\net10.0\deep.client.shared.tests.dll" id="47d51298-1790-2b7a-279e-cce1283cc6f7">
      <Execution id="cb47be2b-8710-473f-a451-b945a1438ec2" />
      <TestMethod codeBase="C:\W\deep-survival\wave03\deep-client-shared-p11a\tests\Deep.Client.Shared.Tests\bin\Debug\net10.0\Deep.Client.Shared.Tests.dll" adapterTypeName="executor://xunit/VsTestRunner3/netcore/" className="Deep.Client.Shared.Tests.Features.FeatureFlagsTests" name="MembershipTrustAndLegacyRollback_AreDormantInEveryDefault" />
    </UnitTest>
    <UnitTest name="Deep.Client.Shared.Tests.Features.FeatureFlagsTests.ReleaseDefaults_RequiresTransportAndDisablesStub" storage="c:\w\deep-survival\wave03\deep-client-shared-p11a\tests\deep.client.shared.tests\bin\debug\net10.0\deep.client.shared.tests.dll" id="77b42957-8a85-1148-9d2f-773477392645">
      <Execution id="76500007-ef4a-4cc2-8fba-68af8a97dccd" />
      <TestMethod codeBase="C:\W\deep-survival\wave03\deep-client-shared-p11a\tests\Deep.Client.Shared.Tests\bin\Debug\net10.0\Deep.Client.Shared.Tests.dll" adapterTypeName="executor://xunit/VsTestRunner3/netcore/" className="Deep.Client.Shared.Tests.Features.FeatureFlagsTests" name="ReleaseDefaults_RequiresTransportAndDisablesStub" />
    </UnitTest>
    <UnitTest name="Deep.Client.Shared.Tests.Persistence.TransportOutboxRepositoryContractTests.SqliteRejectsOversizedAttemptEvidenceBeforeReadingIt" storage="c:\w\deep-survival\wave03\deep-client-shared-p11a\tests\deep.client.shared.tests\bin\debug\net10.0\deep.client.shared.tests.dll" id="42cfd801-fb0d-ee29-1f28-20f6126fd42a">
      <Execution id="250b6f6f-5cd3-4ef0-b8de-db344bca0e7f" />
      <TestMethod codeBase="C:\W\deep-survival\wave03\deep-client-shared-p11a\tests\Deep.Client.Shared.Tests\bin\Debug\net10.0\Deep.Client.Shared.Tests.dll" adapterTypeName="executor://xunit/VsTestRunner3/netcore/" className="Deep.Client.Shared.Tests.Persistence.TransportOutboxRepositoryContractTests" name="SqliteRejectsOversizedAttemptEvidenceBeforeReadingIt" />
    </UnitTest>
    <UnitTest name="Deep.Client.Shared.Tests.Persistence.TransportOutboxRepositoryContractTests.SimultaneousAttemptSuccessAdvancesOneLogicalDurableState(sqlite: True)" storage="c:\w\deep-survival\wave03\deep-client-shared-p11a\tests\deep.client.shared.tests\bin\debug\net10.0\deep.client.shared.tests.dll" id="63b46b2c-7d1f-9cd7-5150-c7ba625e5f12">
      <Execution id="845c11a7-7ac4-4b99-aeb9-23ffaa2252ba" />
      <TestMethod codeBase="C:\W\deep-survival\wave03\deep-client-shared-p11a\tests\Deep.Client.Shared.Tests\bin\Debug\net10.0\Deep.Client.Shared.Tests.dll" adapterTypeName="executor://xunit/VsTestRunner3/netcore/" className="Deep.Client.Shared.Tests.Persistence.TransportOutboxRepositoryContractTests" name="SimultaneousAttemptSuccessAdvancesOneLogicalDurableState" />
    </UnitTest>
    <UnitTest name="Deep.Client.Shared.Tests.Persistence.TransportOutboxRepositoryContractTests.ExpiryAndRetryListingAreBoundedAndTerminal(sqlite: False)" storage="c:\w\deep-survival\wave03\deep-client-shared-p11a\tests\deep.client.shared.tests\bin\debug\net10.0\deep.client.shared.tests.dll" id="5af73821-a6d3-6040-53e3-23df2110c55b">
      <Execution id="a4774072-34c7-482f-bf4c-317b2e590d09" />
      <TestMethod codeBase="C:\W\deep-survival\wave03\deep-client-shared-p11a\tests\Deep.Client.Shared.Tests\bin\Debug\net10.0\Deep.Client.Shared.Tests.dll" adapterTypeName="executor://xunit/VsTestRunner3/netcore/" className="Deep.Client.Shared.Tests.Persistence.TransportOutboxRepositoryContractTests" name="ExpiryAndRetryListingAreBoundedAndTerminal" />
    </UnitTest>
    <UnitTest name="Deep.Client.Shared.Tests.Features.FeatureFlagsTests.ExistingPositionalArguments_RemainSourceCompatible" storage="c:\w\deep-survival\wave03\deep-client-shared-p11a\tests\deep.client.shared.tests\bin\debug\net10.0\deep.client.shared.tests.dll" id="1928e443-46f9-c526-a5b9-33222cac3ccf">
      <Execution id="aa750cd2-1957-4f3a-976c-c82f98670b09" />
      <TestMethod codeBase="C:\W\deep-survival\wave03\deep-client-shared-p11a\tests\Deep.Client.Shared.Tests\bin\Debug\net10.0\Deep.Client.Shared.Tests.dll" adapterTypeName="executor://xunit/VsTestRunner3/netcore/" className="Deep.Client.Shared.Tests.Features.FeatureFlagsTests" name="ExistingPositionalArguments_RemainSourceCompatible" />
    </UnitTest>
    <UnitTest name="Deep.Client.Shared.Tests.Persistence.TransportOutboxRepositoryContractTests.CancellationBeforeAndFailureAfterDurablePointAreExplicit" storage="c:\w\deep-survival\wave03\deep-client-shared-p11a\tests\deep.client.shared.tests\bin\debug\net10.0\deep.client.shared.tests.dll" id="8af8e3b9-b5ed-4903-9efa-7fb006f259ee">
      <Execution id="ae9c275c-2381-45c4-bfee-4b9835d045d9" />
      <TestMethod codeBase="C:\W\deep-survival\wave03\deep-client-shared-p11a\tests\Deep.Client.Shared.Tests\bin\Debug\net10.0\Deep.Client.Shared.Tests.dll" adapterTypeName="executor://xunit/VsTestRunner3/netcore/" className="Deep.Client.Shared.Tests.Persistence.TransportOutboxRepositoryContractTests" name="CancellationBeforeAndFailureAfterDurablePointAreExplicit" />
    </UnitTest>
    <UnitTest name="Deep.Client.Shared.Tests.Persistence.TransportOutboxRepositoryContractTests.AttemptCountIsStrictlyBounded(sqlite: False)" storage="c:\w\deep-survival\wave03\deep-client-shared-p11a\tests\deep.client.shared.tests\bin\debug\net10.0\deep.client.shared.tests.dll" id="64a0a88b-176d-af41-2d07-bebe92d4e291">
      <Execution id="1b72d45d-8284-443d-baac-9fa7d754c6e1" />
      <TestMethod codeBase="C:\W\deep-survival\wave03\deep-client-shared-p11a\tests\Deep.Client.Shared.Tests\bin\Debug\net10.0\Deep.Client.Shared.Tests.dll" adapterTypeName="executor://xunit/VsTestRunner3/netcore/" className="Deep.Client.Shared.Tests.Persistence.TransportOutboxRepositoryContractTests" name="AttemptCountIsStrictlyBounded" />
    </UnitTest>
  </TestDefinitions>
  <TestEntries>
    <TestEntry testId="8af8e3b9-b5ed-4903-9efa-7fb006f259ee" executionId="ae9c275c-2381-45c4-bfee-4b9835d045d9" testListId="8c84fa94-04c1-424b-9868-57a2d4851a1d" />
    <TestEntry testId="26cc5385-a1c7-cf1f-0b9f-4c282438dff8" executionId="7c392eac-d43f-4821-9d12-4a3d356c3c27" testListId="8c84fa94-04c1-424b-9868-57a2d4851a1d" />
    <TestEntry testId="64a0a88b-176d-af41-2d07-bebe92d4e291" executionId="1b72d45d-8284-443d-baac-9fa7d754c6e1" testListId="8c84fa94-04c1-424b-9868-57a2d4851a1d" />
    <TestEntry testId="07a06df4-072e-796f-7543-304fe909457f" executionId="dd8de592-0f96-4452-80d3-cca61ac8f629" testListId="8c84fa94-04c1-424b-9868-57a2d4851a1d" />
    <TestEntry testId="15d6c088-fc1c-c957-23af-afad116c4c7f" executionId="3b1fd89e-2357-4840-b83e-35ada586a1cf" testListId="8c84fa94-04c1-424b-9868-57a2d4851a1d" />
    <TestEntry testId="add3309e-d84c-cf4d-6767-d8af253ca779" executionId="e66244f3-bd80-4d0d-afd7-6042ca3d7b88" testListId="8c84fa94-04c1-424b-9868-57a2d4851a1d" />
    <TestEntry testId="5d7abcc1-e58e-24b4-0ecf-26353240ffea" executionId="4e32fe4f-ce49-45bc-9354-b42950a21705" testListId="8c84fa94-04c1-424b-9868-57a2d4851a1d" />
    <TestEntry testId="42247b04-54b6-3790-6faa-8e777d50dd2d" executionId="919183c1-7275-472c-b6eb-03ce34dc8b69" testListId="8c84fa94-04c1-424b-9868-57a2d4851a1d" />
    <TestEntry testId="95c970bc-f569-379b-0f51-58e815639570" executionId="c3e5e842-c949-493a-9339-704cf21bdba9" testListId="8c84fa94-04c1-424b-9868-57a2d4851a1d" />
    <TestEntry testId="1de6ba69-f48d-de7f-3124-d2dbc3a0f6fd" executionId="1e333d8e-7856-4b43-93e6-8dad34aa1f2f" testListId="8c84fa94-04c1-424b-9868-57a2d4851a1d" />
    <TestEntry testId="47644d7e-79d5-22e2-6e49-99a79164d68b" executionId="5829dd50-b5f9-4a6e-8f76-8b8f233a7e70" testListId="8c84fa94-04c1-424b-9868-57a2d4851a1d" />
    <TestEntry testId="1928e443-46f9-c526-a5b9-33222cac3ccf" executionId="aa750cd2-1957-4f3a-976c-c82f98670b09" testListId="8c84fa94-04c1-424b-9868-57a2d4851a1d" />
    <TestEntry testId="5af73821-a6d3-6040-53e3-23df2110c55b" executionId="a4774072-34c7-482f-bf4c-317b2e590d09" testListId="8c84fa94-04c1-424b-9868-57a2d4851a1d" />
    <TestEntry testId="63b46b2c-7d1f-9cd7-5150-c7ba625e5f12" executionId="845c11a7-7ac4-4b99-aeb9-23ffaa2252ba" testListId="8c84fa94-04c1-424b-9868-57a2d4851a1d" />
    <TestEntry testId="ce3823bc-54f4-6169-dfba-f988c9ec0338" executionId="d27a6d6b-0da7-48c2-a164-f6718b5aa42f" testListId="8c84fa94-04c1-424b-9868-57a2d4851a1d" />
    <TestEntry testId="89635f20-d7dd-06a3-bfa6-383fac11ac6d" executionId="6f6f95ec-19ac-40f8-946d-96e4aeecf25a" testListId="8c84fa94-04c1-424b-9868-57a2d4851a1d" />
    <TestEntry testId="9a81bffb-2a35-adc3-52a6-579a5b490cd7" executionId="a5b00fae-3011-425b-a657-5ba64f884f32" testListId="8c84fa94-04c1-424b-9868-57a2d4851a1d" />
    <TestEntry testId="ce71b5ea-bc9f-918b-455f-37f2f759a082" executionId="43f26011-3df5-490a-96a1-7dd512ea28af" testListId="8c84fa94-04c1-424b-9868-57a2d4851a1d" />
    <TestEntry testId="63372acf-65dd-5924-8814-a5871e5a16f9" executionId="9ae687bb-0fb0-4c28-b5cc-c7bc49160308" testListId="8c84fa94-04c1-424b-9868-57a2d4851a1d" />
    <TestEntry testId="bf711730-e253-cc05-85b1-e8a1f8850a66" executionId="a22429c1-f7c7-48fb-8295-68024e1cff80" testListId="8c84fa94-04c1-424b-9868-57a2d4851a1d" />
    <TestEntry testId="5ff985e3-a152-f769-ec46-c84eff577028" executionId="727facc0-4c52-406c-9f35-37005ce14709" testListId="8c84fa94-04c1-424b-9868-57a2d4851a1d" />
    <TestEntry testId="77b42957-8a85-1148-9d2f-773477392645" executionId="76500007-ef4a-4cc2-8fba-68af8a97dccd" testListId="8c84fa94-04c1-424b-9868-57a2d4851a1d" />
    <TestEntry testId="be134a15-8566-204f-638e-64440e9c294e" executionId="505a8163-9706-403c-82f4-a542e4fa9f4c" testListId="8c84fa94-04c1-424b-9868-57a2d4851a1d" />
    <TestEntry testId="8d5f8f62-a634-a600-720e-ae4f241a1de1" executionId="4cfb036e-5aa2-49f8-8287-c13d35df3e66" testListId="8c84fa94-04c1-424b-9868-57a2d4851a1d" />
    <TestEntry testId="5cb7b2f6-8cf0-b4dc-2fb8-0bafbbbea9a7" executionId="7248f044-453e-4a0c-b7de-a5b7714353ee" testListId="8c84fa94-04c1-424b-9868-57a2d4851a1d" />
    <TestEntry testId="4c7a8881-1a74-07bd-3408-ef0b647bf973" executionId="afabeec7-c135-47eb-9ac6-77763a5e83e2" testListId="8c84fa94-04c1-424b-9868-57a2d4851a1d" />
    <TestEntry testId="42cfd801-fb0d-ee29-1f28-20f6126fd42a" executionId="250b6f6f-5cd3-4ef0-b8de-db344bca0e7f" testListId="8c84fa94-04c1-424b-9868-57a2d4851a1d" />
    <TestEntry testId="8a7668c8-9b5a-6a97-6623-4e5bd5bdd10d" executionId="d86ce09b-b068-4c25-b7eb-e61cc8ac4b5f" testListId="8c84fa94-04c1-424b-9868-57a2d4851a1d" />
    <TestEntry testId="963d861e-ba56-3214-a6d7-d85485d8fe4a" executionId="84e6475a-355a-4559-a738-4c0638a85115" testListId="8c84fa94-04c1-424b-9868-57a2d4851a1d" />
    <TestEntry testId="47d51298-1790-2b7a-279e-cce1283cc6f7" executionId="cb47be2b-8710-473f-a451-b945a1438ec2" testListId="8c84fa94-04c1-424b-9868-57a2d4851a1d" />
  </TestEntries>
  <TestLists>
    <TestList name="Results Not in a List" id="8c84fa94-04c1-424b-9868-57a2d4851a1d" />
    <TestList name="All Loaded Results" id="19431567-8539-422a-85d7-44ee4e166bda" />
  </TestLists>
  <ResultSummary outcome="Completed">
    <Counters total="30" executed="30" passed="30" failed="0" error="0" timeout="0" aborted="0" inconclusive="0" passedButRunAborted="0" notRunnable="0" notExecuted="0" disconnected="0" warning="0" completed="0" inProgress="0" pending="0" />
    <Output>
      <StdOut>[xUnit.net 00:00:00.00] xUnit.net VSTest Adapter v3.1.4+50e68bbb8b (64-bit .NET 10.0.9)&#xD;
[xUnit.net 00:00:00.22]   Discovering: Deep.Client.Shared.Tests&#xD;
[xUnit.net 00:00:00.28]   Discovered:  Deep.Client.Shared.Tests&#xD;
[xUnit.net 00:00:00.30]   Starting:    Deep.Client.Shared.Tests&#xD;
[xUnit.net 00:00:00.97]   Finished:    Deep.Client.Shared.Tests&#xD;
</StdOut>
    </Output>
  </ResultSummary>
</TestRun>