<?xml version="1.0" encoding="utf-8"?>
<TestRun id="ef97da65-25e2-476b-a4cd-0b406cc6e205" name="nikit@SURFACE-LT 2026-07-19 14:35:45" runUser="SURFACE-LT\nikit" xmlns="http://microsoft.com/schemas/VisualStudio/TeamTest/2010">
  <Times creation="2026-07-19T14:35:45.5749659+05:00" queuing="2026-07-19T14:35:45.5749662+05:00" start="2026-07-19T14:35:43.5154186+05:00" finish="2026-07-19T14:36:10.3403062+05:00" />
  <TestSettings name="default" id="213568b9-4974-4ac1-a513-2c667adb013a">
    <Deployment runDeploymentRoot="nikit_SURFACE-LT_2026-07-19_14_35_45" />
  </TestSettings>
  <Results>
    <UnitTestResult executionId="5fb2ba74-62cd-4b8d-8153-093c86248ece" testId="3aa27744-cba9-4011-54aa-c8bce8423dac" testName="Deep.Client.Shared.Tests.Services.XNodeRpcClientTrustTests.RefreshRouteAsync_RejectsUnusableSignedContact(failure: &quot;stale-contact&quot;)" computerName="SURFACE-LT" duration="00:00:00.0011710" startTime="2026-07-19T14:35:46.2080570+05:00" endTime="2026-07-19T14:35:46.2091848+05:00" testType="13cdc9d9-ddb5-4fa4-a97d-d965ccfc6d4b" outcome="Passed" testListId="8c84fa94-04c1-424b-9868-57a2d4851a1d" relativeResultsDirectory="5fb2ba74-62cd-4b8d-8153-093c86248ece" />
    <UnitTestResult executionId="385bceb4-1f36-4c61-bf78-863ef45dd691" testId="4d5826f5-5125-41fb-955e-0b03203ea0e2" testName="Deep.Client.Shared.Tests.Services.E2eeContentCodecTests.OneToOneMessage_RoundTripsReplyAndExpiries" computerName="SURFACE-LT" duration="00:00:00.0033836" startTime="2026-07-19T14:35:45.5811653+05:00" endTime="2026-07-19T14:35:45.5836421+05:00" testType="13cdc9d9-ddb5-4fa4-a97d-d965ccfc6d4b" outcome="Passed" testListId="8c84fa94-04c1-424b-9868-57a2d4851a1d" relativeResultsDirectory="385bceb4-1f36-4c61-bf78-863ef45dd691" />
    <UnitTestResult executionId="d5155519-b263-4273-8258-49a785d3b789" testId="ce71b5ea-bc9f-918b-455f-37f2f759a082" testName="Deep.Client.Shared.Tests.Persistence.TransportOutboxRepositoryContractTests.SqliteMigratesPopulatedV7WithoutTouchingExistingRowsAndRejectsNewerSchema" computerName="SURFACE-LT" duration="00:00:00.0586472" startTime="2026-07-19T14:35:47.4721088+05:00" endTime="2026-07-19T14:35:47.5309048+05:00" testType="13cdc9d9-ddb5-4fa4-a97d-d965ccfc6d4b" outcome="Passed" testListId="8c84fa94-04c1-424b-9868-57a2d4851a1d" relativeResultsDirectory="d5155519-b263-4273-8258-49a785d3b789" />
    <UnitTestResult executionId="6d841df7-9dec-4272-9891-2de1286094a4" testId="49ad34b4-2561-cc3e-f0af-c7b93bb00341" testName="Deep.Client.Shared.Tests.Services.E2eeContentCodecTests.Encode_EnforcesReplyReactionAndPayloadShapeLimits" computerName="SURFACE-LT" duration="00:00:00.0003525" startTime="2026-07-19T14:35:45.9385080+05:00" endTime="2026-07-19T14:35:45.9388051+05:00" testType="13cdc9d9-ddb5-4fa4-a97d-d965ccfc6d4b" outcome="Passed" testListId="8c84fa94-04c1-424b-9868-57a2d4851a1d" relativeResultsDirectory="6d841df7-9dec-4272-9891-2de1286094a4" />
    <UnitTestResult executionId="9e7541dc-8c53-47fc-99b6-5597e2ca1cd6" testId="6122bf30-3456-3f03-9660-3ee6f7c507a6" testName="Deep.Client.Shared.Tests.Persistence.MembershipTrustRepositoryContractTests.SignedHeadLinkageMismatch_IsRejectedEvenWithValidRecordDigest(sqlite: False)" computerName="SURFACE-LT" duration="00:00:00.0005458" startTime="2026-07-19T14:35:48.4901269+05:00" endTime="2026-07-19T14:35:48.4905545+05:00" testType="13cdc9d9-ddb5-4fa4-a97d-d965ccfc6d4b" outcome="Passed" testListId="8c84fa94-04c1-424b-9868-57a2d4851a1d" relativeResultsDirectory="9e7541dc-8c53-47fc-99b6-5597e2ca1cd6" />
    <UnitTestResult executionId="42442a8a-2b5f-4109-9c5e-7f3f48e35307" testId="5ff985e3-a152-f769-ec46-c84eff577028" testName="Deep.Client.Shared.Tests.Persistence.TransportOutboxRepositoryContractTests.RestartAtEveryTransitionPreservesMonotonicState(sqlite: False)" computerName="SURFACE-LT" duration="00:00:00.5506041" startTime="2026-07-19T14:35:45.3634596+05:00" endTime="2026-07-19T14:35:45.9155679+05:00" testType="13cdc9d9-ddb5-4fa4-a97d-d965ccfc6d4b" outcome="Passed" testListId="8c84fa94-04c1-424b-9868-57a2d4851a1d" relativeResultsDirectory="42442a8a-2b5f-4109-9c5e-7f3f48e35307" />
    <UnitTestResult executionId="b9bf64f4-c96c-4358-86b7-47be858d3a30" testId="4d78bbb9-1d13-c3b8-027b-b378b183bf32" testName="Deep.Client.Shared.Tests.Services.E2eeContentCodecTests.Encode_RejectsInvalidExpiryConversationBindingAndGroupRevision" computerName="SURFACE-LT" duration="00:00:00.0005747" startTime="2026-07-19T14:35:45.9327451+05:00" endTime="2026-07-19T14:35:45.9332424+05:00" testType="13cdc9d9-ddb5-4fa4-a97d-d965ccfc6d4b" outcome="Passed" testListId="8c84fa94-04c1-424b-9868-57a2d4851a1d" relativeResultsDirectory="b9bf64f4-c96c-4358-86b7-47be858d3a30" />
    <UnitTestResult executionId="84c251e5-0926-430d-8e62-3f3706760c60" testId="5e757563-0946-5960-3172-40c4cc3a5bbb" testName="Deep.Client.Shared.Tests.Services.MembershipTrustServiceTests.ApplyContent_ExactReplayRejectsAuthorityRotationAfterReadiness" computerName="SURFACE-LT" duration="00:00:00.0046018" startTime="2026-07-19T14:35:50.3489678+05:00" endTime="2026-07-19T14:35:50.3533059+05:00" testType="13cdc9d9-ddb5-4fa4-a97d-d965ccfc6d4b" outcome="Passed" testListId="8c84fa94-04c1-424b-9868-57a2d4851a1d" relativeResultsDirectory="84c251e5-0926-430d-8e62-3f3706760c60" />
    <UnitTestResult executionId="284dd302-3c77-43e6-9e9e-b966f38646c3" testId="6cf4848a-2cea-b2dd-0995-8fa2f25bfad3" testName="Deep.Client.Shared.Tests.Services.MembershipTrustServiceTests.PublicOperations_BoundUnrequestedDependencyCancellation(operation: &quot;membership&quot;, dependency: &quot;repository&quot;)" computerName="SURFACE-LT" duration="00:00:00.0004908" startTime="2026-07-19T14:35:46.0922901+05:00" endTime="2026-07-19T14:35:46.0927315+05:00" testType="13cdc9d9-ddb5-4fa4-a97d-d965ccfc6d4b" outcome="Passed" testListId="8c84fa94-04c1-424b-9868-57a2d4851a1d" relativeResultsDirectory="284dd302-3c77-43e6-9e9e-b966f38646c3" />
    <UnitTestResult executionId="212988e8-1b4e-4ec7-929b-080b9800ef3f" testId="add3309e-d84c-cf4d-6767-d8af253ca779" testName="Deep.Client.Shared.Tests.Persistence.TransportOutboxContractRedTests.OpaqueIdentifiersAndTransitionReasonsFailClosed" computerName="SURFACE-LT" duration="00:00:00.0004430" startTime="2026-07-19T14:35:45.9846729+05:00" endTime="2026-07-19T14:35:45.9853117+05:00" testType="13cdc9d9-ddb5-4fa4-a97d-d965ccfc6d4b" outcome="Passed" testListId="8c84fa94-04c1-424b-9868-57a2d4851a1d" relativeResultsDirectory="212988e8-1b4e-4ec7-929b-080b9800ef3f" />
    <UnitTestResult executionId="eb6506bc-3485-4c96-b954-d3643ffc8096" testId="01cd4e28-1de8-c88b-6ae2-e115fe0d3fa5" testName="Deep.Client.Shared.Tests.Services.MessageFlowTests.InboxSync_CreatesConversationForPreviouslyUnknownSender" computerName="SURFACE-LT" duration="00:00:00.0064433" startTime="2026-07-19T14:35:46.0454043+05:00" endTime="2026-07-19T14:35:46.0517706+05:00" testType="13cdc9d9-ddb5-4fa4-a97d-d965ccfc6d4b" outcome="Passed" testListId="8c84fa94-04c1-424b-9868-57a2d4851a1d" relativeResultsDirectory="eb6506bc-3485-4c96-b954-d3643ffc8096" />
    <UnitTestResult executionId="5d87ff76-adf0-449a-9a00-8af385edf6f2" testId="85328834-2e44-77f5-08a2-4fd3446cdf33" testName="Deep.Client.Shared.Tests.Persistence.MembershipTrustRepositoryContractTests.SqliteOversizedClockDigest_BlocksReadReplayAndSuccessor" computerName="SURFACE-LT" duration="00:00:00.0576667" startTime="2026-07-19T14:35:49.8754540+05:00" endTime="2026-07-19T14:35:49.9328245+05:00" testType="13cdc9d9-ddb5-4fa4-a97d-d965ccfc6d4b" outcome="Passed" testListId="8c84fa94-04c1-424b-9868-57a2d4851a1d" relativeResultsDirectory="5d87ff76-adf0-449a-9a00-8af385edf6f2" />
    <UnitTestResult executionId="41d58fef-b724-449c-83be-ac5ff93df3ef" testId="1928e443-46f9-c526-a5b9-33222cac3ccf" testName="Deep.Client.Shared.Tests.Features.FeatureFlagsTests.ExistingPositionalArguments_RemainSourceCompatible" computerName="SURFACE-LT" duration="00:00:00.0000643" startTime="2026-07-19T14:35:46.1998533+05:00" endTime="2026-07-19T14:35:46.1998910+05:00" testType="13cdc9d9-ddb5-4fa4-a97d-d965ccfc6d4b" outcome="Passed" testListId="8c84fa94-04c1-424b-9868-57a2d4851a1d" relativeResultsDirectory="41d58fef-b724-449c-83be-ac5ff93df3ef" />
    <UnitTestResult executionId="8927f04b-ffe1-4140-8169-7f7f9e2bbff1" testId="42e39b6d-b95c-5017-8e31-ac76079c1916" testName="Deep.Client.Shared.Tests.Persistence.MembershipTrustRepositoryContractTests.ObservedClockHighWater_IsCasPersistedAndRejectsRollback(sqlite: False)" computerName="SURFACE-LT" duration="00:00:00.0002863" startTime="2026-07-19T14:35:46.4453681+05:00" endTime="2026-07-19T14:35:46.4455529+05:00" testType="13cdc9d9-ddb5-4fa4-a97d-d965ccfc6d4b" outcome="Passed" testListId="8c84fa94-04c1-424b-9868-57a2d4851a1d" relativeResultsDirectory="8927f04b-ffe1-4140-8169-7f7f9e2bbff1" />
    <UnitTestResult executionId="aeec852a-1485-44ce-8ea0-b02f5491ec14" testId="af8e7aa7-f8be-7cb6-03fb-a720aa131e2b" testName="Deep.Client.Shared.Tests.Services.DurableInboxDomainAckTests.GroupState_RestartAcknowledgesAtomicPersistenceAfterCrash" computerName="SURFACE-LT" duration="00:00:00.3255687" startTime="2026-07-19T14:35:45.5809687+05:00" endTime="2026-07-19T14:35:45.9053928+05:00" testType="13cdc9d9-ddb5-4fa4-a97d-d965ccfc6d4b" outcome="Passed" testListId="8c84fa94-04c1-424b-9868-57a2d4851a1d" relativeResultsDirectory="aeec852a-1485-44ce-8ea0-b02f5491ec14" />
    <UnitTestResult executionId="2bc44e31-0ec4-41d9-9642-17c12f5860c4" testId="79da5611-1919-ce88-5e97-47e1c2f66842" testName="Deep.Client.Shared.Tests.Persistence.MembershipTrustRepositoryContractTests.FirstCommitReplaySuccessorAndCasConflict_HaveParity(sqlite: True)" computerName="SURFACE-LT" duration="00:00:00.1180814" startTime="2026-07-19T14:35:46.2455474+05:00" endTime="2026-07-19T14:35:46.3635949+05:00" testType="13cdc9d9-ddb5-4fa4-a97d-d965ccfc6d4b" outcome="Passed" testListId="8c84fa94-04c1-424b-9868-57a2d4851a1d" relativeResultsDirectory="2bc44e31-0ec4-41d9-9642-17c12f5860c4" />
    <UnitTestResult executionId="cf3680db-73d0-4360-a29a-abe25d6c28d4" testId="f902fe13-d296-2e4c-1176-21339b6fa1ae" testName="Deep.Client.Shared.Tests.Services.OutboxDispatchTests.LifecycleCancellationAfterPhysicalSendStillPersistsSentState" computerName="SURFACE-LT" duration="00:00:00.0228294" startTime="2026-07-19T14:35:46.0192932+05:00" endTime="2026-07-19T14:35:46.0425512+05:00" testType="13cdc9d9-ddb5-4fa4-a97d-d965ccfc6d4b" outcome="Passed" testListId="8c84fa94-04c1-424b-9868-57a2d4851a1d" relativeResultsDirectory="cf3680db-73d0-4360-a29a-abe25d6c28d4" />
    <UnitTestResult executionId="997318b9-a549-4e8d-8263-85a75e2214be" testId="7135ca75-fb1e-d7b6-0f20-2eb741eb350d" testName="Deep.Client.Shared.Tests.Persistence.MembershipTrustRepositoryContractTests.DeepHistoryCorruption_BeyondImmediatePredecessor_IsCorrupt(sqlite: False, corruption: &quot;linkage&quot;)" computerName="SURFACE-LT" duration="00:00:00.0009659" startTime="2026-07-19T14:35:48.5465052+05:00" endTime="2026-07-19T14:35:48.5473465+05:00" testType="13cdc9d9-ddb5-4fa4-a97d-d965ccfc6d4b" outcome="Passed" testListId="8c84fa94-04c1-424b-9868-57a2d4851a1d" relativeResultsDirectory="997318b9-a549-4e8d-8263-85a75e2214be" />
    <UnitTestResult executionId="1f6abaf1-9161-4a4f-bf35-09a40c171439" testId="9a17e8b3-4a9f-c82a-7e64-d96141c3cd03" testName="Deep.Client.Shared.Tests.Services.ConversationServiceGroupTests.GroupStateOutbox_SurvivesRestartAndRetriesExactlyOnce" computerName="SURFACE-LT" duration="00:00:00.1649766" startTime="2026-07-19T14:35:46.1071984+05:00" endTime="2026-07-19T14:35:46.2720740+05:00" testType="13cdc9d9-ddb5-4fa4-a97d-d965ccfc6d4b" outcome="Passed" testListId="8c84fa94-04c1-424b-9868-57a2d4851a1d" relativeResultsDirectory="1f6abaf1-9161-4a4f-bf35-09a40c171439" />
    <UnitTestResult executionId="572b4a71-c6e0-4723-9be8-fd67dc50bb45" testId="526c45ce-c5b2-8abe-71ca-19001815b438" testName="Deep.Client.Shared.Tests.Services.AttachmentFileTransportTests.HttpAttachmentFileTransport_RejectsUnsafeInboundRemoteUri(remoteUri: &quot;https://file.local:22/file/file-abc&quot;)" computerName="SURFACE-LT" duration="00:00:00.0000446" startTime="2026-07-19T14:35:45.5661681+05:00" endTime="2026-07-19T14:35:45.5662223+05:00" testType="13cdc9d9-ddb5-4fa4-a97d-d965ccfc6d4b" outcome="Passed" testListId="8c84fa94-04c1-424b-9868-57a2d4851a1d" relativeResultsDirectory="572b4a71-c6e0-4723-9be8-fd67dc50bb45" />
    <UnitTestResult executionId="4199fd66-542c-4cbc-9ac2-1d3581f298c8" testId="bc1e462b-06a6-2851-eedc-4ae9d751d00b" testName="Deep.Client.Shared.Tests.Services.OutboxDispatchTests.CancelingBackgroundOwnerTerminatesSharedDispatchAndAllowsRetry" computerName="SURFACE-LT" duration="00:00:00.0041750" startTime="2026-07-19T14:35:46.1819418+05:00" endTime="2026-07-19T14:35:46.1862698+05:00" testType="13cdc9d9-ddb5-4fa4-a97d-d965ccfc6d4b" outcome="Passed" testListId="8c84fa94-04c1-424b-9868-57a2d4851a1d" relativeResultsDirectory="4199fd66-542c-4cbc-9ac2-1d3581f298c8" />
    <UnitTestResult executionId="1b97f352-0cf4-4bb9-a24e-ea56a3f370f4" testId="47d51298-1790-2b7a-279e-cce1283cc6f7" testName="Deep.Client.Shared.Tests.Features.FeatureFlagsTests.MembershipTrustAndLegacyRollback_AreDormantInEveryDefault" computerName="SURFACE-LT" duration="00:00:00.0003524" startTime="2026-07-19T14:35:46.1991381+05:00" endTime="2026-07-19T14:35:46.1995854+05:00" testType="13cdc9d9-ddb5-4fa4-a97d-d965ccfc6d4b" outcome="Passed" testListId="8c84fa94-04c1-424b-9868-57a2d4851a1d" relativeResultsDirectory="1b97f352-0cf4-4bb9-a24e-ea56a3f370f4" />
    <UnitTestResult executionId="793eb3cd-afba-43aa-8c86-c9e84eb07d8a" testId="43521615-5eef-cd17-2ebe-4626cc22136a" testName="Deep.Client.Shared.Tests.Persistence.MembershipTrustRepositoryContractTests.InMemoryCorruptClock_BlocksReplayRollbackAndSuccessor(corruption: &quot;version&quot;)" computerName="SURFACE-LT" duration="00:00:00.0186737" startTime="2026-07-19T14:35:45.9311374+05:00" endTime="2026-07-19T14:35:45.9498356+05:00" testType="13cdc9d9-ddb5-4fa4-a97d-d965ccfc6d4b" outcome="Passed" testListId="8c84fa94-04c1-424b-9868-57a2d4851a1d" relativeResultsDirectory="793eb3cd-afba-43aa-8c86-c9e84eb07d8a" />
    <UnitTestResult executionId="0e9fd585-1adb-4738-b8c6-8e7d2d683869" testId="d8ca914e-4faf-2fc6-40a9-38457d2ec785" testName="Deep.Client.Shared.Tests.Persistence.MembershipTrustRepositoryContractTests.InvalidSuccessorLinkage_IsRejectedAndHeadPreserved(sqlite: True)" computerName="SURFACE-LT" duration="00:00:00.0223340" startTime="2026-07-19T14:35:50.1064208+05:00" endTime="2026-07-19T14:35:50.1285534+05:00" testType="13cdc9d9-ddb5-4fa4-a97d-d965ccfc6d4b" outcome="Passed" testListId="8c84fa94-04c1-424b-9868-57a2d4851a1d" relativeResultsDirectory="0e9fd585-1adb-4738-b8c6-8e7d2d683869" />
    <UnitTestResult executionId="fdd63bdc-80c3-4cb6-8276-679594228283" testId="70785ac0-3ac9-cefa-fc13-af674ac1e1ac" testName="Deep.Client.Shared.Tests.Persistence.MembershipTrustRepositoryContractTests.PreCancelledWrite_DoesNotCreateRecordOrHead(sqlite: False)" computerName="SURFACE-LT" duration="00:00:00.0009797" startTime="2026-07-19T14:35:48.3996423+05:00" endTime="2026-07-19T14:35:48.4005389+05:00" testType="13cdc9d9-ddb5-4fa4-a97d-d965ccfc6d4b" outcome="Passed" testListId="8c84fa94-04c1-424b-9868-57a2d4851a1d" relativeResultsDirectory="fdd63bdc-80c3-4cb6-8276-679594228283" />
    <UnitTestResult executionId="eb1ad8c4-2ec2-40f3-b254-95efeb1d9066" testId="4f3260a6-96bb-e702-75dc-84a4d9f99fb6" testName="Deep.Client.Shared.Tests.Services.PushSubscriptionTransportTests.PushRegistrationCoordinator_RoundTripsRemoteSubscriptionThroughLivePush_WhenConfigured" computerName="SURFACE-LT" duration="00:00:00.0009875" startTime="2026-07-19T14:35:46.4805874+05:00" endTime="2026-07-19T14:35:46.4816050+05:00" testType="13cdc9d9-ddb5-4fa4-a97d-d965ccfc6d4b" outcome="Passed" testListId="8c84fa94-04c1-424b-9868-57a2d4851a1d" relativeResultsDirectory="eb1ad8c4-2ec2-40f3-b254-95efeb1d9066" />
    <UnitTestResult executionId="4336ee00-81f8-4460-81d7-8e57a365b478" testId="fb355465-0add-ff97-660b-b8a93e4c37db" testName="Deep.Client.Shared.Tests.Services.MessageFlowTests.DispatchPendingMessages_RetriesPersistedFailureAfterRestartCycle" computerName="SURFACE-LT" duration="00:00:00.0032341" startTime="2026-07-19T14:35:46.0420517+05:00" endTime="2026-07-19T14:35:46.0452242+05:00" testType="13cdc9d9-ddb5-4fa4-a97d-d965ccfc6d4b" outcome="Passed" testListId="8c84fa94-04c1-424b-9868-57a2d4851a1d" relativeResultsDirectory="4336ee00-81f8-4460-81d7-8e57a365b478" />
    <UnitTestResult executionId="23e71811-cd8b-427c-9275-36cd6360c0fe" testId="fe5143ca-5279-e528-27e2-043146011737" testName="Deep.Client.Shared.Tests.Services.PushSubscriptionTransportTests.PushRegistrationCoordinator_RegisterAsync_ComposesVerifiableRemoteSubscription" computerName="SURFACE-LT" duration="00:00:00.0094634" startTime="2026-07-19T14:35:46.6180162+05:00" endTime="2026-07-19T14:35:46.6264240+05:00" testType="13cdc9d9-ddb5-4fa4-a97d-d965ccfc6d4b" outcome="Passed" testListId="8c84fa94-04c1-424b-9868-57a2d4851a1d" relativeResultsDirectory="23e71811-cd8b-427c-9275-36cd6360c0fe" />
    <UnitTestResult executionId="9e608c25-ba56-482c-93af-38fdcd6668cd" testId="e542ee93-e4f1-1e2a-01e7-df6f43032583" testName="Deep.Client.Shared.Tests.Persistence.MembershipTrustSqliteRecoveryTests.CorruptPhysicalState_BlocksWithoutPriorFallback(corruption: &quot;canonical-hash&quot;)" computerName="SURFACE-LT" duration="00:00:00.1010400" startTime="2026-07-19T14:35:46.4239778+05:00" endTime="2026-07-19T14:35:46.5248975+05:00" testType="13cdc9d9-ddb5-4fa4-a97d-d965ccfc6d4b" outcome="Passed" testListId="8c84fa94-04c1-424b-9868-57a2d4851a1d" relativeResultsDirectory="9e608c25-ba56-482c-93af-38fdcd6668cd" />
    <UnitTestResult executionId="3146e103-e7ab-499f-bb4a-ed50c93675e7" testId="c384c4b5-91a4-cf1f-061d-ebe54cdd8354" testName="Deep.Client.Shared.Tests.Services.PushSignatureV2GoldenTests.PushDtos_AcceptAbsentOrExactVersionTwoAndAlwaysSerializeVersionTwo(includeVersion: False)" computerName="SURFACE-LT" duration="00:00:00.0014767" startTime="2026-07-19T14:35:45.9812688+05:00" endTime="2026-07-19T14:35:45.9822128+05:00" testType="13cdc9d9-ddb5-4fa4-a97d-d965ccfc6d4b" outcome="Passed" testListId="8c84fa94-04c1-424b-9868-57a2d4851a1d" relativeResultsDirectory="3146e103-e7ab-499f-bb4a-ed50c93675e7" />
    <UnitTestResult executionId="fd76b8fe-49b4-4381-8168-91a81cc71fc3" testId="4c3c9e78-4c46-03c3-2d58-ec61c6c1747a" testName="Deep.Client.Shared.Tests.Persistence.MembershipTrustRepositoryContractTests.HistoricalReplayAndDivergence_HaveParity(sqlite: True)" computerName="SURFACE-LT" duration="00:00:00.0528303" startTime="2026-07-19T14:35:49.6866048+05:00" endTime="2026-07-19T14:35:49.7393472+05:00" testType="13cdc9d9-ddb5-4fa4-a97d-d965ccfc6d4b" outcome="Passed" testListId="8c84fa94-04c1-424b-9868-57a2d4851a1d" relativeResultsDirectory="fd76b8fe-49b4-4381-8168-91a81cc71fc3" />
    <UnitTestResult executionId="22bc4c8e-b2a2-44a0-a5aa-f8816ef92049" testId="b0e471f8-d848-6629-a2a1-7a069be175d7" testName="Deep.Client.Shared.Tests.Persistence.PersistenceTests.SqliteSessionStore_MigratesPlaintextDatabaseToSqlCipher" computerName="SURFACE-LT" duration="00:00:04.8067431" startTime="2026-07-19T14:36:04.4660620+05:00" endTime="2026-07-19T14:36:09.2731328+05:00" testType="13cdc9d9-ddb5-4fa4-a97d-d965ccfc6d4b" outcome="Passed" testListId="8c84fa94-04c1-424b-9868-57a2d4851a1d" relativeResultsDirectory="22bc4c8e-b2a2-44a0-a5aa-f8816ef92049" />
    <UnitTestResult executionId="96f1afc4-937e-417c-a7b0-1f3966201c3b" testId="7cb18022-96b4-a6f6-77ba-48d42faab1ec" testName="Deep.Client.Shared.Tests.Services.SessionAccountServiceTests.Register_RecoveryPhraseStorageFailureNeverPublishesActiveAccount(throwAfterWrite: True)" computerName="SURFACE-LT" duration="00:00:00.0049985" startTime="2026-07-19T14:35:45.9343638+05:00" endTime="2026-07-19T14:35:45.9386696+05:00" testType="13cdc9d9-ddb5-4fa4-a97d-d965ccfc6d4b" outcome="Passed" testListId="8c84fa94-04c1-424b-9868-57a2d4851a1d" relativeResultsDirectory="96f1afc4-937e-417c-a7b0-1f3966201c3b" />
    <UnitTestResult executionId="d7675835-842b-4e1f-872d-12a6331b87e0" testId="59e189d2-95e3-58d5-99a7-1d6e8486b568" testName="Deep.Client.Shared.Tests.Persistence.LocalStateMigrationTests.Migration_RestartsAfterEveryTargetStoreFaultWithoutLosingData" computerName="SURFACE-LT" duration="00:00:00.2660816" startTime="2026-07-19T14:35:46.3267216+05:00" endTime="2026-07-19T14:35:46.5931227+05:00" testType="13cdc9d9-ddb5-4fa4-a97d-d965ccfc6d4b" outcome="Passed" testListId="8c84fa94-04c1-424b-9868-57a2d4851a1d" relativeResultsDirectory="d7675835-842b-4e1f-872d-12a6331b87e0" />
    <UnitTestResult executionId="2ac71517-e7f9-4841-afe7-450e1e0a5327" testId="bcba6012-0640-c4d1-fb15-35ef4019a152" testName="Deep.Client.Shared.Tests.Services.ConversationServiceTests.RawSessionIdDisplayName_IsNotStoredAsContactName" computerName="SURFACE-LT" duration="00:00:00.0004662" startTime="2026-07-19T14:35:45.5704445+05:00" endTime="2026-07-19T14:35:45.5705348+05:00" testType="13cdc9d9-ddb5-4fa4-a97d-d965ccfc6d4b" outcome="Passed" testListId="8c84fa94-04c1-424b-9868-57a2d4851a1d" relativeResultsDirectory="2ac71517-e7f9-4841-afe7-450e1e0a5327" />
    <UnitTestResult executionId="a1ec4b12-1a11-4c1f-878f-79916c9389e1" testId="b7ca8c05-6e51-f85b-02b2-b254e0a217a6" testName="Deep.Client.Shared.Tests.Persistence.IncomingMessageNotificationRepositoryTests.SqliteQueueAndPresentedStateSurviveReload" computerName="SURFACE-LT" duration="00:00:00.1062419" startTime="2026-07-19T14:35:46.1545201+05:00" endTime="2026-07-19T14:35:46.2602856+05:00" testType="13cdc9d9-ddb5-4fa4-a97d-d965ccfc6d4b" outcome="Passed" testListId="8c84fa94-04c1-424b-9868-57a2d4851a1d" relativeResultsDirectory="a1ec4b12-1a11-4c1f-878f-79916c9389e1" />
    <UnitTestResult executionId="9634d6c0-4beb-4b3e-8841-3569dc6b2397" testId="c254707d-6c98-8da8-a6cf-f1bae6b7a2d1" testName="Deep.Client.Shared.Tests.Services.E2eeEnvelopeCodecTests.Decrypt_RejectsTamperInMajorAuthenticatedFields(offset: 106)" computerName="SURFACE-LT" duration="00:00:00.0035264" startTime="2026-07-19T14:35:45.9371156+05:00" endTime="2026-07-19T14:35:45.9405369+05:00" testType="13cdc9d9-ddb5-4fa4-a97d-d965ccfc6d4b" outcome="Passed" testListId="8c84fa94-04c1-424b-9868-57a2d4851a1d" relativeResultsDirectory="9634d6c0-4beb-4b3e-8841-3569dc6b2397" />
    <UnitTestResult executionId="513ccfe5-5d1e-4a35-a4cb-dc17c65a0527" testId="4db56f87-3dc0-5681-7ce4-bd9a4336a94d" testName="Deep.Client.Shared.Tests.Services.MembershipTrustServiceTests.OrdinaryProfile_CannotOccupyReservedSelfHostedNamespace" computerName="SURFACE-LT" duration="00:00:00.0010397" startTime="2026-07-19T14:35:50.3358523+05:00" endTime="2026-07-19T14:35:50.3368484+05:00" testType="13cdc9d9-ddb5-4fa4-a97d-d965ccfc6d4b" outcome="Passed" testListId="8c84fa94-04c1-424b-9868-57a2d4851a1d" relativeResultsDirectory="513ccfe5-5d1e-4a35-a4cb-dc17c65a0527" />
    <UnitTestResult executionId="4bee00e5-3226-4070-a282-35526b5150bc" testId="327d24f8-89af-ea79-d284-cc7f639b3215" testName="Deep.Client.Shared.Tests.Services.E2eeContentCodecTests.ContentEnvelopeConvenienceApi_BindsSenderAndKindButAllowsSenderCopyRecipient" computerName="SURFACE-LT" duration="00:00:00.0046070" startTime="2026-07-19T14:35:45.9345029+05:00" endTime="2026-07-19T14:35:45.9383868+05:00" testType="13cdc9d9-ddb5-4fa4-a97d-d965ccfc6d4b" outcome="Passed" testListId="8c84fa94-04c1-424b-9868-57a2d4851a1d" relativeResultsDirectory="4bee00e5-3226-4070-a282-35526b5150bc" />
    <UnitTestResult executionId="b12e6e88-8d04-476a-8bd0-3b14f0d0e70d" testId="e69e35c8-abd5-a3d6-a302-cdc06b547b54" testName="Deep.Client.Shared.Tests.Persistence.IncomingMessageNotificationRepositoryTests.SqlitePhysicalMigrationDoesNotBackfillExistingMessages" computerName="SURFACE-LT" duration="00:00:00.1313818" startTime="2026-07-19T14:35:46.2604600+05:00" endTime="2026-07-19T14:35:46.3920515+05:00" testType="13cdc9d9-ddb5-4fa4-a97d-d965ccfc6d4b" outcome="Passed" testListId="8c84fa94-04c1-424b-9868-57a2d4851a1d" relativeResultsDirectory="b12e6e88-8d04-476a-8bd0-3b14f0d0e70d" />
    <UnitTestResult executionId="5a607095-01ee-41c7-88d4-279a107a97b3" testId="2b921428-ce45-c3b4-c88e-347bef68eeea" testName="Deep.Client.Shared.Tests.Services.DurableInboxRecoveryTests.ReactionWaitsWithoutAckUntilTargetArrivesInFollowingRawBatch" computerName="SURFACE-LT" duration="00:00:00.0143352" startTime="2026-07-19T14:35:46.9270722+05:00" endTime="2026-07-19T14:35:46.9412133+05:00" testType="13cdc9d9-ddb5-4fa4-a97d-d965ccfc6d4b" outcome="Passed" testListId="8c84fa94-04c1-424b-9868-57a2d4851a1d" relativeResultsDirectory="5a607095-01ee-41c7-88d4-279a107a97b3" />
    <UnitTestResult executionId="c79da7b1-94e5-42cb-a34c-c9831a70279d" testId="7ca73378-68da-2ce9-513e-b246e16e431d" testName="Deep.Client.Shared.Tests.Services.AttachmentFileTransportTests.HttpAttachmentFileTransport_RejectsUnsafeInboundRemoteUri(remoteUri: &quot;https://other.local/file/file-abc&quot;)" computerName="SURFACE-LT" duration="00:00:00.0043340" startTime="2026-07-19T14:35:45.5598684+05:00" endTime="2026-07-19T14:35:45.5618988+05:00" testType="13cdc9d9-ddb5-4fa4-a97d-d965ccfc6d4b" outcome="Passed" testListId="8c84fa94-04c1-424b-9868-57a2d4851a1d" relativeResultsDirectory="c79da7b1-94e5-42cb-a34c-c9831a70279d" />
    <UnitTestResult executionId="70d4d18a-ff02-49c8-8c27-cf87e0d35743" testId="1fd6fa10-990e-9272-9ca3-893e8f59b436" testName="Deep.Client.Shared.Tests.Persistence.MembershipTrustSqliteRecoveryTests.MalformedOrOutOfRangeRecordTimestamps_ReturnCorrupt(corruption: &quot;observed-at-out-of-range&quot;)" computerName="SURFACE-LT" duration="00:00:00.0597041" startTime="2026-07-19T14:35:47.6473313+05:00" endTime="2026-07-19T14:35:47.7048923+05:00" testType="13cdc9d9-ddb5-4fa4-a97d-d965ccfc6d4b" outcome="Passed" testListId="8c84fa94-04c1-424b-9868-57a2d4851a1d" relativeResultsDirectory="70d4d18a-ff02-49c8-8c27-cf87e0d35743" />
    <UnitTestResult executionId="1f026bdb-a8dc-40f1-8598-6334eedb4be3" testId="a73dc02c-434e-f15a-a55a-851cfa32e2e2" testName="Deep.Client.Shared.Tests.Services.PushSubscriptionTransportTests.PushRegistrationCoordinator_MapsWindowsProviderToWns(provider: &quot;WNS&quot;)" computerName="SURFACE-LT" duration="00:00:00.0001327" startTime="2026-07-19T14:35:46.4817317+05:00" endTime="2026-07-19T14:35:46.4818426+05:00" testType="13cdc9d9-ddb5-4fa4-a97d-d965ccfc6d4b" outcome="Passed" testListId="8c84fa94-04c1-424b-9868-57a2d4851a1d" relativeResultsDirectory="1f026bdb-a8dc-40f1-8598-6334eedb4be3" />
    <UnitTestResult executionId="741e9eaf-e0d3-4ccc-8b20-e9029a0347a4" testId="8390d37f-f82b-9a3f-339a-e3e7ae82af98" testName="Deep.Client.Shared.Tests.Services.PushNotificationCryptoTests.EnvelopeRoundTripsWithExplicitBinding" computerName="SURFACE-LT" duration="00:00:00.0007037" startTime="2026-07-19T14:35:46.1904137+05:00" endTime="2026-07-19T14:35:46.1904562+05:00" testType="13cdc9d9-ddb5-4fa4-a97d-d965ccfc6d4b" outcome="Passed" testListId="8c84fa94-04c1-424b-9868-57a2d4851a1d" relativeResultsDirectory="741e9eaf-e0d3-4ccc-8b20-e9029a0347a4" />
    <UnitTestResult executionId="7915ee60-eedf-4771-830a-897846dcfae5" testId="6f2881c6-37bf-1caf-2b57-fe5e10e8f6a8" testName="Deep.Client.Shared.Tests.Services.MembershipTrustServiceTests.PublicOperations_BoundUnexpectedRepositoryFailures(operation: &quot;membership&quot;)" computerName="SURFACE-LT" duration="00:00:00.0006735" startTime="2026-07-19T14:35:46.1174876+05:00" endTime="2026-07-19T14:35:46.1182047+05:00" testType="13cdc9d9-ddb5-4fa4-a97d-d965ccfc6d4b" outcome="Passed" testListId="8c84fa94-04c1-424b-9868-57a2d4851a1d" relativeResultsDirectory="7915ee60-eedf-4771-830a-897846dcfae5" />
    <UnitTestResult executionId="3206cba1-c48f-43e0-abb2-2f2c48762fa0" testId="4c7a8881-1a74-07bd-3408-ef0b647bf973" testName="Deep.Client.Shared.Tests.Persistence.AccountDataPurgeTests.SqliteSignOut_DoesNotReportCancellationAfterPurgeCommit" computerName="SURFACE-LT" duration="00:00:00.4169932" startTime="2026-07-19T14:35:46.7107207+05:00" endTime="2026-07-19T14:35:47.1281602+05:00" testType="13cdc9d9-ddb5-4fa4-a97d-d965ccfc6d4b" outcome="Passed" testListId="8c84fa94-04c1-424b-9868-57a2d4851a1d" relativeResultsDirectory="3206cba1-c48f-43e0-abb2-2f2c48762fa0" />
    <UnitTestResult executionId="5dde1c36-aa79-4d89-b26a-dcd24ceaa429" testId="65db3a99-65b0-4690-0530-ad4a5829bb09" testName="Deep.Client.Shared.Tests.Services.PushSignatureV2GoldenTests.GoldenFixture_PinsCanonicalBytesAndDeterministicEd25519Signatures" computerName="SURFACE-LT" duration="00:00:00.0104461" startTime="2026-07-19T14:35:45.9558498+05:00" endTime="2026-07-19T14:35:45.9655474+05:00" testType="13cdc9d9-ddb5-4fa4-a97d-d965ccfc6d4b" outcome="Passed" testListId="8c84fa94-04c1-424b-9868-57a2d4851a1d" relativeResultsDirectory="5dde1c36-aa79-4d89-b26a-dcd24ceaa429" />
    <UnitTestResult executionId="3fb93ed5-77f0-4c9f-a4ff-cf9a41fb9b83" testId="56a3ca7a-0c40-5000-2bcb-67d979b13ded" testName="Deep.Client.Shared.Tests.Services.E2eeContentCodecTests.Decode_RejectsUnknownVersionKindsFlagsTruncationAndTrailingBytes" computerName="SURFACE-LT" duration="00:00:00.0005818" startTime="2026-07-19T14:35:45.9421679+05:00" endTime="2026-07-19T14:35:45.9426179+05:00" testType="13cdc9d9-ddb5-4fa4-a97d-d965ccfc6d4b" outcome="Passed" testListId="8c84fa94-04c1-424b-9868-57a2d4851a1d" relativeResultsDirectory="3fb93ed5-77f0-4c9f-a4ff-cf9a41fb9b83" />
    <UnitTestResult executionId="020516a7-cc85-41fb-876e-01057abc99a7" testId="7f4270ac-4db4-6475-5dd4-f7e6d405ad0d" testName="Deep.Client.Shared.Tests.Services.MetadataPrivacyCharacterizationTests.BetaMetadataGate_FailsForEachUnresolvedFinding(findingId: &quot;META-DPE1-CLEAR-SENDER&quot;, status: &quot;unresolved&quot;, evidence: &quot;MetadataPrivacyCharacterizationTests.Dpe1Header_Co&quot;···)" computerName="SURFACE-LT" duration="00:00:00.0000087" startTime="2026-07-19T14:35:46.0747485+05:00" endTime="2026-07-19T14:35:46.0747813+05:00" testType="13cdc9d9-ddb5-4fa4-a97d-d965ccfc6d4b" outcome="Passed" testListId="8c84fa94-04c1-424b-9868-57a2d4851a1d" relativeResultsDirectory="020516a7-cc85-41fb-876e-01057abc99a7" />
    <UnitTestResult executionId="d22155d5-c880-4906-8e40-1ed54777be93" testId="d852a9e4-88f4-74b5-d832-68e91f39e126" testName="Deep.Client.Shared.Tests.Services.E2eeContentCodecTests.GroupState_RoundTripsCanonicalBinaryState" computerName="SURFACE-LT" duration="00:00:00.2104104" startTime="2026-07-19T14:35:45.3631143+05:00" endTime="2026-07-19T14:35:45.5755587+05:00" testType="13cdc9d9-ddb5-4fa4-a97d-d965ccfc6d4b" outcome="Passed" testListId="8c84fa94-04c1-424b-9868-57a2d4851a1d" relativeResultsDirectory="d22155d5-c880-4906-8e40-1ed54777be93" />
    <UnitTestResult executionId="7b4abe54-e5b6-40b2-b821-a10c67555e3b" testId="15d6c088-fc1c-c957-23af-afad116c4c7f" testName="Deep.Client.Shared.Tests.Persistence.TransportOutboxContractRedTests.PreparedItemRequiresExplicitRecipientAckBeforeDelivered" computerName="SURFACE-LT" duration="00:00:00.0012097" startTime="2026-07-19T14:35:45.9856447+05:00" endTime="2026-07-19T14:35:45.9868115+05:00" testType="13cdc9d9-ddb5-4fa4-a97d-d965ccfc6d4b" outcome="Passed" testListId="8c84fa94-04c1-424b-9868-57a2d4851a1d" relativeResultsDirectory="7b4abe54-e5b6-40b2-b821-a10c67555e3b" />
    <UnitTestResult executionId="5c12e93f-b5ca-4d2b-98ee-51bf5cce10cb" testId="9d33bf39-b3f1-2cc7-7f73-ef17484c990e" testName="Deep.Client.Shared.Tests.Services.MetadataPrivacyCharacterizationTests.StorageStore_ExposesTargetPairAndStableIdempotencyMaterial" computerName="SURFACE-LT" duration="00:00:00.0065549" startTime="2026-07-19T14:35:46.0861077+05:00" endTime="2026-07-19T14:35:46.0925705+05:00" testType="13cdc9d9-ddb5-4fa4-a97d-d965ccfc6d4b" outcome="Passed" testListId="8c84fa94-04c1-424b-9868-57a2d4851a1d" relativeResultsDirectory="5c12e93f-b5ca-4d2b-98ee-51bf5cce10cb" />
    <UnitTestResult executionId="bd6ab67b-794d-44ab-80f2-871fa561ee35" testId="af97b442-7724-de31-4055-478881f49132" testName="Deep.Client.Shared.Tests.Services.XNodeRpcClientTrustTests.RefreshRouteAsync_RejectsTamperedResponseBinding(field: &quot;id&quot;)" computerName="SURFACE-LT" duration="00:00:00.0005918" startTime="2026-07-19T14:35:46.2276801+05:00" endTime="2026-07-19T14:35:46.2282276+05:00" testType="13cdc9d9-ddb5-4fa4-a97d-d965ccfc6d4b" outcome="Passed" testListId="8c84fa94-04c1-424b-9868-57a2d4851a1d" relativeResultsDirectory="bd6ab67b-794d-44ab-80f2-871fa561ee35" />
    <UnitTestResult executionId="c69ccd6f-566e-40c4-83c4-08d8b84d91a0" testId="a74d478b-dfce-79fb-9b3e-1ed43a3d3618" testName="Deep.Client.Shared.Tests.Services.MessageFlowTests.GroupRoleUpdates_PromoteAndDemote_Work_WithAdminSafeguard" computerName="SURFACE-LT" duration="00:00:00.0022156" startTime="2026-07-19T14:35:46.1112315+05:00" endTime="2026-07-19T14:35:46.1132874+05:00" testType="13cdc9d9-ddb5-4fa4-a97d-d965ccfc6d4b" outcome="Passed" testListId="8c84fa94-04c1-424b-9868-57a2d4851a1d" relativeResultsDirectory="c69ccd6f-566e-40c4-83c4-08d8b84d91a0" />
    <UnitTestResult executionId="57db83b1-9bcf-4134-b830-6ab3f198e051" testId="cb898199-81da-0de4-9383-6c6f6c373316" testName="Deep.Client.Shared.Tests.Services.InboxSyncCoalescingTests.LogoutWhileCycleIsRunningSuppressesItsResultForAllCallers" computerName="SURFACE-LT" duration="00:00:00.0040133" startTime="2026-07-19T14:35:46.0688445+05:00" endTime="2026-07-19T14:35:46.0732804+05:00" testType="13cdc9d9-ddb5-4fa4-a97d-d965ccfc6d4b" outcome="Passed" testListId="8c84fa94-04c1-424b-9868-57a2d4851a1d" relativeResultsDirectory="57db83b1-9bcf-4134-b830-6ab3f198e051" />
    <UnitTestResult executionId="cdd45365-1b4d-48ce-98ba-a29cc5be76ea" testId="7a3d142b-84c3-e932-f873-1f49b4588f5d" testName="Deep.Client.Shared.Tests.Services.E2eeContentCodecTests.Reaction_RoundTripsForDirectAndGroupConversations(conversationKind: OneToOne, remove: False)" computerName="SURFACE-LT" duration="00:00:00.0005630" startTime="2026-07-19T14:35:45.5838749+05:00" endTime="2026-07-19T14:35:45.5841933+05:00" testType="13cdc9d9-ddb5-4fa4-a97d-d965ccfc6d4b" outcome="Passed" testListId="8c84fa94-04c1-424b-9868-57a2d4851a1d" relativeResultsDirectory="cdd45365-1b4d-48ce-98ba-a29cc5be76ea" />
    <UnitTestResult executionId="220488fa-cc82-40a2-a918-20eaf37a849f" testId="0c5f6309-3e06-7041-b2ea-859b5bbfed6a" testName="Deep.Client.Shared.Tests.Persistence.ReplayRepositoryTests.Stores_PruneExpiredReplayClaimsInBoundedBatches" computerName="SURFACE-LT" duration="00:00:03.1719143" startTime="2026-07-19T14:35:46.3389188+05:00" endTime="2026-07-19T14:35:49.5113336+05:00" testType="13cdc9d9-ddb5-4fa4-a97d-d965ccfc6d4b" outcome="Passed" testListId="8c84fa94-04c1-424b-9868-57a2d4851a1d" relativeResultsDirectory="220488fa-cc82-40a2-a918-20eaf37a849f" />
    <UnitTestResult executionId="bde73836-1d9e-42ed-acd6-1964e6079dfd" testId="42559e1e-5f44-c6cc-ebc1-8a6dcbd9ff31" testName="Deep.Client.Shared.Tests.Services.MembershipTrustServiceTests.PublicOperations_BoundUnexpectedRepositoryFailures(operation: &quot;initialize&quot;)" computerName="SURFACE-LT" duration="00:00:00.0004903" startTime="2026-07-19T14:35:46.1192496+05:00" endTime="2026-07-19T14:35:46.1197928+05:00" testType="13cdc9d9-ddb5-4fa4-a97d-d965ccfc6d4b" outcome="Passed" testListId="8c84fa94-04c1-424b-9868-57a2d4851a1d" relativeResultsDirectory="bde73836-1d9e-42ed-acd6-1964e6079dfd" />
    <UnitTestResult executionId="2bd36657-49ff-42de-b64e-33ad020c288d" testId="2a5bc5a2-6c05-de63-598f-cac30f352a2c" testName="Deep.Client.Shared.Tests.Services.MembershipTrustServiceTests.PublicOperations_BoundUnrequestedDependencyCancellation(operation: &quot;initialize&quot;, dependency: &quot;verifier&quot;)" computerName="SURFACE-LT" duration="00:00:00.0032532" startTime="2026-07-19T14:35:46.0786748+05:00" endTime="2026-07-19T14:35:46.0817832+05:00" testType="13cdc9d9-ddb5-4fa4-a97d-d965ccfc6d4b" outcome="Passed" testListId="8c84fa94-04c1-424b-9868-57a2d4851a1d" relativeResultsDirectory="2bd36657-49ff-42de-b64e-33ad020c288d" />
    <UnitTestResult executionId="765f3d46-4343-4141-8385-58dae29056ae" testId="1954b1ec-c162-16b1-8075-d2b867c1e6d0" testName="Deep.Client.Shared.Tests.Persistence.MembershipTrustSqliteRecoveryTests.CorruptPhysicalState_BlocksWithoutPriorFallback(corruption: &quot;payload&quot;)" computerName="SURFACE-LT" duration="00:00:00.0775176" startTime="2026-07-19T14:35:47.1354228+05:00" endTime="2026-07-19T14:35:47.2127084+05:00" testType="13cdc9d9-ddb5-4fa4-a97d-d965ccfc6d4b" outcome="Passed" testListId="8c84fa94-04c1-424b-9868-57a2d4851a1d" relativeResultsDirectory="765f3d46-4343-4141-8385-58dae29056ae" />
    <UnitTestResult executionId="4adb093e-29ad-4122-b0d9-b553b9b292db" testId="6b095473-a842-5ae7-7829-8bf9bd73155f" testName="Deep.Client.Shared.Tests.Services.MembershipTrustServiceTests.PublicOperations_StillPropagateCancellation(operation: &quot;initialize&quot;)" computerName="SURFACE-LT" duration="00:00:00.0003152" startTime="2026-07-19T14:35:46.1043760+05:00" endTime="2026-07-19T14:35:46.1044296+05:00" testType="13cdc9d9-ddb5-4fa4-a97d-d965ccfc6d4b" outcome="Passed" testListId="8c84fa94-04c1-424b-9868-57a2d4851a1d" relativeResultsDirectory="4adb093e-29ad-4122-b0d9-b553b9b292db" />
    <UnitTestResult executionId="a6c2605a-3373-4da4-97a1-f3a5256406a1" testId="523047e3-958c-aeff-82b1-8841c656b7fe" testName="Deep.Client.Shared.Tests.Services.E2eeClientTransportTests.GroupFanout_UsesOnlyPersonalInboxesAndGroupStateRoundTripsAuthenticatedSender" computerName="SURFACE-LT" duration="00:00:00.0284943" startTime="2026-07-19T14:35:46.4229495+05:00" endTime="2026-07-19T14:35:46.4519468+05:00" testType="13cdc9d9-ddb5-4fa4-a97d-d965ccfc6d4b" outcome="Passed" testListId="8c84fa94-04c1-424b-9868-57a2d4851a1d" relativeResultsDirectory="a6c2605a-3373-4da4-97a1-f3a5256406a1" />
    <UnitTestResult executionId="96999928-9bf5-49cf-bdc8-12b4392002c4" testId="83be024e-97cb-6f7f-8d06-f101595a9363" testName="Deep.Client.Shared.Tests.Services.MembershipTrustServiceTests.PublicOperations_StillPropagateCancellation(operation: &quot;membership&quot;)" computerName="SURFACE-LT" duration="00:00:00.0004449" startTime="2026-07-19T14:35:46.1031763+05:00" endTime="2026-07-19T14:35:46.1035487+05:00" testType="13cdc9d9-ddb5-4fa4-a97d-d965ccfc6d4b" outcome="Passed" testListId="8c84fa94-04c1-424b-9868-57a2d4851a1d" relativeResultsDirectory="96999928-9bf5-49cf-bdc8-12b4392002c4" />
    <UnitTestResult executionId="a732f239-f8b9-44d1-a0eb-5dc267497b62" testId="174aa67d-72f3-054f-7a42-2ab3a2746993" testName="Deep.Client.Shared.Tests.Services.MessageFlowTests.SendReceiveToSelf_PreservesSingleOutgoingMessage" computerName="SURFACE-LT" duration="00:00:00.0042910" startTime="2026-07-19T14:35:46.0377268+05:00" endTime="2026-07-19T14:35:46.0418999+05:00" testType="13cdc9d9-ddb5-4fa4-a97d-d965ccfc6d4b" outcome="Passed" testListId="8c84fa94-04c1-424b-9868-57a2d4851a1d" relativeResultsDirectory="a732f239-f8b9-44d1-a0eb-5dc267497b62" />
    <UnitTestResult executionId="bc9ee751-e440-4549-b004-2b2f0b2273a8" testId="336150a2-4b16-2e64-f2b7-1524d462f781" testName="Deep.Client.Shared.Tests.Services.ConversationServiceGroupTests.ReceiveGroupUpdates_RejectsRollbackAndGap(revision: 3)" computerName="SURFACE-LT" duration="00:00:00.0003958" startTime="2026-07-19T14:35:46.2759956+05:00" endTime="2026-07-19T14:35:46.2763328+05:00" testType="13cdc9d9-ddb5-4fa4-a97d-d965ccfc6d4b" outcome="Passed" testListId="8c84fa94-04c1-424b-9868-57a2d4851a1d" relativeResultsDirectory="bc9ee751-e440-4549-b004-2b2f0b2273a8" />
    <UnitTestResult executionId="3542a9b2-314e-4650-9e9e-8792b40bb916" testId="0125469a-2651-39e2-5333-ede13cff4351" testName="Deep.Client.Shared.Tests.Services.E2eeEnvelopeCodecTests.Decrypt_RejectsTamperInMajorAuthenticatedFields(offset: 124)" computerName="SURFACE-LT" duration="00:00:00.0034683" startTime="2026-07-19T14:35:45.9569784+05:00" endTime="2026-07-19T14:35:45.9603695+05:00" testType="13cdc9d9-ddb5-4fa4-a97d-d965ccfc6d4b" outcome="Passed" testListId="8c84fa94-04c1-424b-9868-57a2d4851a1d" relativeResultsDirectory="3542a9b2-314e-4650-9e9e-8792b40bb916" />
    <UnitTestResult executionId="d2d551a6-31d0-4790-b135-954539f6bfbe" testId="0eb3942b-f443-d610-2f72-f96ea7b46000" testName="Deep.Client.Shared.Tests.Services.ConversationServiceGroupTests.LocalGroupMutations_IncrementAndPublishExactlyOnce" computerName="SURFACE-LT" duration="00:00:00.0048595" startTime="2026-07-19T14:35:46.1022083+05:00" endTime="2026-07-19T14:35:46.1059340+05:00" testType="13cdc9d9-ddb5-4fa4-a97d-d965ccfc6d4b" outcome="Passed" testListId="8c84fa94-04c1-424b-9868-57a2d4851a1d" relativeResultsDirectory="d2d551a6-31d0-4790-b135-954539f6bfbe" />
    <UnitTestResult executionId="a6fad763-2ae2-4831-8473-c927273134b0" testId="7c21cf78-ba84-0d0d-ea28-1c9cd738629b" testName="Deep.Client.Shared.Tests.Services.MetadataPrivacyCharacterizationTests.BetaMetadataGate_FailsForEachUnresolvedFinding(findingId: &quot;META-PUSH-RAW-ACCOUNT&quot;, status: &quot;unresolved&quot;, evidence: &quot;MetadataPrivacyCharacterizationTests.PushSubscript&quot;···)" computerName="SURFACE-LT" duration="00:00:00.0003102" startTime="2026-07-19T14:35:46.0742468+05:00" endTime="2026-07-19T14:35:46.0745954+05:00" testType="13cdc9d9-ddb5-4fa4-a97d-d965ccfc6d4b" outcome="Passed" testListId="8c84fa94-04c1-424b-9868-57a2d4851a1d" relativeResultsDirectory="a6fad763-2ae2-4831-8473-c927273134b0" />
    <UnitTestResult executionId="03614305-4516-4ab0-84a0-797f2776357a" testId="a4b4a0ee-633a-bc9b-c332-f8401df2812f" testName="Deep.Client.Shared.Tests.Services.SessionAccountServiceTests.LoginWithoutDisplayNameAndWithoutProfileLookup_Throws" computerName="SURFACE-LT" duration="00:00:00.0019119" startTime="2026-07-19T14:35:45.9903260+05:00" endTime="2026-07-19T14:35:45.9923859+05:00" testType="13cdc9d9-ddb5-4fa4-a97d-d965ccfc6d4b" outcome="Passed" testListId="8c84fa94-04c1-424b-9868-57a2d4851a1d" relativeResultsDirectory="03614305-4516-4ab0-84a0-797f2776357a" />
    <UnitTestResult executionId="45c29cc9-9738-49f7-9e93-9ec86ac454b9" testId="668c7751-109f-a9e1-9e23-e16491aa836d" testName="Deep.Client.Shared.Tests.Services.OutboxDispatchTests.CancelingForegroundWaiterDoesNotCancelSharedBackgroundDispatch" computerName="SURFACE-LT" duration="00:00:00.0032863" startTime="2026-07-19T14:35:46.1566381+05:00" endTime="2026-07-19T14:35:46.1599394+05:00" testType="13cdc9d9-ddb5-4fa4-a97d-d965ccfc6d4b" outcome="Passed" testListId="8c84fa94-04c1-424b-9868-57a2d4851a1d" relativeResultsDirectory="45c29cc9-9738-49f7-9e93-9ec86ac454b9" />
    <UnitTestResult executionId="07d40e74-55f4-4ed0-81bf-2f054a2ef4cd" testId="c57799b0-4547-079a-1244-b199f6100f92" testName="Deep.Client.Shared.Tests.Services.SessionAccountServiceTests.Register_AccountCommitFailureDeletesNewSelfContact(throwAfterWrite: False)" computerName="SURFACE-LT" duration="00:00:00.0017918" startTime="2026-07-19T14:35:45.9884338+05:00" endTime="2026-07-19T14:35:45.9900580+05:00" testType="13cdc9d9-ddb5-4fa4-a97d-d965ccfc6d4b" outcome="Passed" testListId="8c84fa94-04c1-424b-9868-57a2d4851a1d" relativeResultsDirectory="07d40e74-55f4-4ed0-81bf-2f054a2ef4cd" />
    <UnitTestResult executionId="3c11c71a-27c3-45fe-8fcd-1a9b40163dfa" testId="9a92ac4d-b596-7803-46a8-9ea3dd9a0f64" testName="Deep.Client.Shared.Tests.Services.PushSubscriptionTransportTests.PushRegistrationCoordinator_MapsWindowsProviderToWns(provider: &quot;wns&quot;)" computerName="SURFACE-LT" duration="00:00:00.0001496" startTime="2026-07-19T14:35:46.4820079+05:00" endTime="2026-07-19T14:35:46.4820501+05:00" testType="13cdc9d9-ddb5-4fa4-a97d-d965ccfc6d4b" outcome="Passed" testListId="8c84fa94-04c1-424b-9868-57a2d4851a1d" relativeResultsDirectory="3c11c71a-27c3-45fe-8fcd-1a9b40163dfa" />
    <UnitTestResult executionId="dab1b04f-f481-41dc-8359-7505a7165860" testId="40505cca-2c72-eb18-8615-09dee94d8c64" testName="Deep.Client.Shared.Tests.Services.MembershipTrustServiceTests.PublicOperations_BoundUnexpectedRepositoryFailures(operation: &quot;delegation&quot;)" computerName="SURFACE-LT" duration="00:00:00.0004971" startTime="2026-07-19T14:35:46.1187779+05:00" endTime="2026-07-19T14:35:46.1191821+05:00" testType="13cdc9d9-ddb5-4fa4-a97d-d965ccfc6d4b" outcome="Passed" testListId="8c84fa94-04c1-424b-9868-57a2d4851a1d" relativeResultsDirectory="dab1b04f-f481-41dc-8359-7505a7165860" />
    <UnitTestResult executionId="a20f1aaf-a35e-472c-8eac-ca4d19811f9c" testId="3be0db4e-303f-6f81-e146-22c834302c2d" testName="Deep.Client.Shared.Tests.Services.PushSubscriptionTransportTests.PushRegistrationCoordinator_DoesNotPersistLocalStateWhenRemoteSubscribeFails" computerName="SURFACE-LT" duration="00:00:00.0070960" startTime="2026-07-19T14:35:46.5607087+05:00" endTime="2026-07-19T14:35:46.5677396+05:00" testType="13cdc9d9-ddb5-4fa4-a97d-d965ccfc6d4b" outcome="Passed" testListId="8c84fa94-04c1-424b-9868-57a2d4851a1d" relativeResultsDirectory="a20f1aaf-a35e-472c-8eac-ca4d19811f9c" />
    <UnitTestResult executionId="ea23fe6f-47f5-4e2c-89b3-c1532eaf840b" testId="42247b04-54b6-3790-6faa-8e777d50dd2d" testName="Deep.Client.Shared.Tests.Persistence.TransportOutboxRepositoryContractTests.AttemptCountIsStrictlyBounded(sqlite: True)" computerName="SURFACE-LT" duration="00:00:00.2946907" startTime="2026-07-19T14:35:46.8780033+05:00" endTime="2026-07-19T14:35:47.1726472+05:00" testType="13cdc9d9-ddb5-4fa4-a97d-d965ccfc6d4b" outcome="Passed" testListId="8c84fa94-04c1-424b-9868-57a2d4851a1d" relativeResultsDirectory="ea23fe6f-47f5-4e2c-89b3-c1532eaf840b" />
    <UnitTestResult executionId="e2703cfd-803c-4428-8126-fe0105752a07" testId="60a8eade-1e2b-4047-23a9-d8197e8369be" testName="Deep.Client.Shared.Tests.Services.E2eeEnvelopeCodecTests.Decrypt_RejectsTamperInMajorAuthenticatedFields(offset: 0)" computerName="SURFACE-LT" duration="00:00:00.0032158" startTime="2026-07-19T14:35:45.9445163+05:00" endTime="2026-07-19T14:35:45.9472220+05:00" testType="13cdc9d9-ddb5-4fa4-a97d-d965ccfc6d4b" outcome="Passed" testListId="8c84fa94-04c1-424b-9868-57a2d4851a1d" relativeResultsDirectory="e2703cfd-803c-4428-8126-fe0105752a07" />
    <UnitTestResult executionId="f7eb10a7-e54f-4f25-804f-b642f9a25002" testId="4c1efb4d-9477-fb0d-7357-9d4f5ec7f49c" testName="Deep.Client.Shared.Tests.Services.PushSubscriptionTransportTests.PushRegistrationCoordinator_CurrentAccountRegistrationIsIdempotent" computerName="SURFACE-LT" duration="00:00:00.0054163" startTime="2026-07-19T14:35:46.5685492+05:00" endTime="2026-07-19T14:35:46.5732405+05:00" testType="13cdc9d9-ddb5-4fa4-a97d-d965ccfc6d4b" outcome="Passed" testListId="8c84fa94-04c1-424b-9868-57a2d4851a1d" relativeResultsDirectory="f7eb10a7-e54f-4f25-804f-b642f9a25002" />
    <UnitTestResult executionId="d0e77373-6109-4eb8-90b3-ce29dcb8a6d9" testId="ffb65cef-2076-8f25-ef1c-2ba53c1aaec1" testName="Deep.Client.Shared.Tests.Persistence.IncomingMessageNotificationRepositoryTests.ExcludingActiveConversationDoesNotStarveLaterNotifications" computerName="SURFACE-LT" duration="00:00:03.2601631" startTime="2026-07-19T14:35:46.8330942+05:00" endTime="2026-07-19T14:35:50.0936111+05:00" testType="13cdc9d9-ddb5-4fa4-a97d-d965ccfc6d4b" outcome="Passed" testListId="8c84fa94-04c1-424b-9868-57a2d4851a1d" relativeResultsDirectory="d0e77373-6109-4eb8-90b3-ce29dcb8a6d9" />
    <UnitTestResult executionId="c0127e4e-22e0-49d9-984e-5ea84aaae375" testId="d2734c12-0de0-d113-3a5e-4f7c7c52717e" testName="Deep.Client.Shared.Tests.Services.RealtimeCallLiveE2ETests.CallServiceReturnsAuthenticatedProductionIceConfiguration_WhenConfigured" computerName="SURFACE-LT" duration="00:00:00.0008461" startTime="2026-07-19T14:35:45.5577732+05:00" endTime="2026-07-19T14:35:45.5578830+05:00" testType="13cdc9d9-ddb5-4fa4-a97d-d965ccfc6d4b" outcome="Passed" testListId="8c84fa94-04c1-424b-9868-57a2d4851a1d" relativeResultsDirectory="c0127e4e-22e0-49d9-984e-5ea84aaae375" />
    <UnitTestResult executionId="8ec8cf94-a68a-4105-a2fb-54a8246d887a" testId="753d779d-7b62-82e6-c030-f9491cc30dec" testName="Deep.Client.Shared.Tests.Services.MetadataPrivacyCharacterizationTests.BetaMetadataGate_FailsForEachUnresolvedFinding(findingId: &quot;META-STORAGE-STABLE-IDEMPOTENCY&quot;, status: &quot;unresolved&quot;, evidence: &quot;MetadataPrivacyCharacterizationTests.StorageStore_&quot;···)" computerName="SURFACE-LT" duration="00:00:00.0000379" startTime="2026-07-19T14:35:46.0750409+05:00" endTime="2026-07-19T14:35:46.0750809+05:00" testType="13cdc9d9-ddb5-4fa4-a97d-d965ccfc6d4b" outcome="Passed" testListId="8c84fa94-04c1-424b-9868-57a2d4851a1d" relativeResultsDirectory="8ec8cf94-a68a-4105-a2fb-54a8246d887a" />
    <UnitTestResult executionId="f5549931-20fa-4c52-a7b0-da7101565920" testId="1e343d45-a29f-94ec-7722-f5775ac94f3a" testName="Deep.Client.Shared.Tests.Persistence.MembershipTrustRepositoryContractTests.StoredRecordsAndClocks_AreDefensiveCopies(sqlite: True)" computerName="SURFACE-LT" duration="00:00:00.0301545" startTime="2026-07-19T14:35:49.7416874+05:00" endTime="2026-07-19T14:35:49.7718403+05:00" testType="13cdc9d9-ddb5-4fa4-a97d-d965ccfc6d4b" outcome="Passed" testListId="8c84fa94-04c1-424b-9868-57a2d4851a1d" relativeResultsDirectory="f5549931-20fa-4c52-a7b0-da7101565920" />
    <UnitTestResult executionId="c1058ce6-4263-4415-a387-e5a9f6e8b2d6" testId="9ee335a8-bbda-6379-f8b1-c4a0f03033de" testName="Deep.Client.Shared.Tests.Persistence.MembershipTrustRepositoryContractTests.CancellationAfterDurableCommit_IsUncertainButRestartRevealsAppliedState(sqlite: True)" computerName="SURFACE-LT" duration="00:00:00.0283744" startTime="2026-07-19T14:35:48.4242208+05:00" endTime="2026-07-19T14:35:48.4525087+05:00" testType="13cdc9d9-ddb5-4fa4-a97d-d965ccfc6d4b" outcome="Passed" testListId="8c84fa94-04c1-424b-9868-57a2d4851a1d" relativeResultsDirectory="c1058ce6-4263-4415-a387-e5a9f6e8b2d6" />
    <UnitTestResult executionId="015a3910-1a08-47e2-a9b7-822e01524b10" testId="3bebcf74-0f7c-e1d0-cb18-27ca19cca887" testName="Deep.Client.Shared.Tests.Services.PushSubscriptionTransportTests.PushRegistrationCoordinator_UnregisterAsync_UsesCachedRegistrationForRemoteUnsubscribe" computerName="SURFACE-LT" duration="00:00:00.0050388" startTime="2026-07-19T14:35:46.5740966+05:00" endTime="2026-07-19T14:35:46.5791007+05:00" testType="13cdc9d9-ddb5-4fa4-a97d-d965ccfc6d4b" outcome="Passed" testListId="8c84fa94-04c1-424b-9868-57a2d4851a1d" relativeResultsDirectory="015a3910-1a08-47e2-a9b7-822e01524b10" />
    <UnitTestResult executionId="b8889ec3-19a2-4ab6-aea0-2bc72361334c" testId="38be2222-1fbf-8b53-edc1-f25f6e2ede9c" testName="Deep.Client.Shared.Tests.Services.E2eeContentCodecTests.Reaction_RoundTripsForDirectAndGroupConversations(conversationKind: OneToOne, remove: True)" computerName="SURFACE-LT" duration="00:00:00.0000181" startTime="2026-07-19T14:35:45.5845772+05:00" endTime="2026-07-19T14:35:45.5846132+05:00" testType="13cdc9d9-ddb5-4fa4-a97d-d965ccfc6d4b" outcome="Passed" testListId="8c84fa94-04c1-424b-9868-57a2d4851a1d" relativeResultsDirectory="b8889ec3-19a2-4ab6-aea0-2bc72361334c" />
    <UnitTestResult executionId="0a440dcf-b2c9-43dd-9715-1356e49b0bfd" testId="77790410-eed6-6d1d-e66f-bcb2916a856a" testName="Deep.Client.Shared.Tests.Services.ClientRuntimeStorageE2ETests.ClientRuntime_SyncsGroupStateAndMessagesThroughLiveStorage_WhenConfigured" computerName="SURFACE-LT" duration="00:00:00.0018452" startTime="2026-07-19T14:35:46.5474199+05:00" endTime="2026-07-19T14:35:46.5492157+05:00" testType="13cdc9d9-ddb5-4fa4-a97d-d965ccfc6d4b" outcome="Passed" testListId="8c84fa94-04c1-424b-9868-57a2d4851a1d" relativeResultsDirectory="0a440dcf-b2c9-43dd-9715-1356e49b0bfd" />
    <UnitTestResult executionId="99429b40-eb72-4ec5-ac3c-3eed9b902c67" testId="b02f0f0d-f20f-3b02-c6a6-c96a9b6d56f9" testName="Deep.Client.Shared.Tests.Persistence.MessageSyncRepositoryTests.Stores_UseAddressedSyncQueriesAndDoNotAdvanceAnAlreadyReadCursor" computerName="SURFACE-LT" duration="00:00:00.2346854" startTime="2026-07-19T14:35:46.1911829+05:00" endTime="2026-07-19T14:35:46.4260082+05:00" testType="13cdc9d9-ddb5-4fa4-a97d-d965ccfc6d4b" outcome="Passed" testListId="8c84fa94-04c1-424b-9868-57a2d4851a1d" relativeResultsDirectory="99429b40-eb72-4ec5-ac3c-3eed9b902c67" />
    <UnitTestResult executionId="98bea498-aadb-43a4-ae20-b9979d5172ef" testId="b326b97d-ed4b-e32e-8320-dc6b052a32a5" testName="Deep.Client.Shared.Tests.Domain.DomainRulesTests.CommunitiesDoNotEnableDisappearingMessages" computerName="SURFACE-LT" duration="00:00:00.0017458" startTime="2026-07-19T14:35:45.8499921+05:00" endTime="2026-07-19T14:35:45.8519138+05:00" testType="13cdc9d9-ddb5-4fa4-a97d-d965ccfc6d4b" outcome="Passed" testListId="8c84fa94-04c1-424b-9868-57a2d4851a1d" relativeResultsDirectory="98bea498-aadb-43a4-ae20-b9979d5172ef" />
    <UnitTestResult executionId="5faf22bb-0dbe-44ab-b607-f1b0a2626fe5" testId="8d413c54-67f7-60ca-db5c-30b0a31b44a7" testName="Deep.Client.Shared.Tests.Services.PushSignatureV2GoldenTests.PushDtos_RejectExplicitNonCanonicalInboundSignatureVersion(jsonValue: &quot;null&quot;)" computerName="SURFACE-LT" duration="00:00:00.0000507" startTime="2026-07-19T14:35:45.9557276+05:00" endTime="2026-07-19T14:35:45.9557623+05:00" testType="13cdc9d9-ddb5-4fa4-a97d-d965ccfc6d4b" outcome="Passed" testListId="8c84fa94-04c1-424b-9868-57a2d4851a1d" relativeResultsDirectory="5faf22bb-0dbe-44ab-b607-f1b0a2626fe5" />
    <UnitTestResult executionId="611c2250-cdf4-4e08-84a4-4375ab3f4552" testId="4499817f-e82f-f20f-71db-406cdf1d002f" testName="Deep.Client.Shared.Tests.Services.MembershipTrustServiceTests.PublicOperations_BoundUnexpectedRepositoryFailures(operation: &quot;revocation&quot;)" computerName="SURFACE-LT" duration="00:00:00.0005430" startTime="2026-07-19T14:35:46.1182704+05:00" endTime="2026-07-19T14:35:46.1186928+05:00" testType="13cdc9d9-ddb5-4fa4-a97d-d965ccfc6d4b" outcome="Passed" testListId="8c84fa94-04c1-424b-9868-57a2d4851a1d" relativeResultsDirectory="611c2250-cdf4-4e08-84a4-4375ab3f4552" />
    <UnitTestResult executionId="e8d4a647-9fb8-472f-992e-00657a199143" testId="9f400cf9-5eb6-0fb7-b20e-a3d7cdd9754a" testName="Deep.Client.Shared.Tests.Persistence.MembershipTrustSqliteRecoveryTests.CorruptPhysicalState_BlocksWithoutPriorFallback(corruption: &quot;observed-at&quot;)" computerName="SURFACE-LT" duration="00:00:00.0885093" startTime="2026-07-19T14:35:46.8880492+05:00" endTime="2026-07-19T14:35:46.9764053+05:00" testType="13cdc9d9-ddb5-4fa4-a97d-d965ccfc6d4b" outcome="Passed" testListId="8c84fa94-04c1-424b-9868-57a2d4851a1d" relativeResultsDirectory="e8d4a647-9fb8-472f-992e-00657a199143" />
    <UnitTestResult executionId="a5c78cbc-fb1b-4adf-b972-870c1e46d555" testId="ddf6771f-c605-f6cf-481c-bbbf36e9dada" testName="Deep.Client.Shared.Tests.Services.SyncAndNotificationTests.MutedConversationDoesNotCreateNotification" computerName="SURFACE-LT" duration="00:00:00.0006845" startTime="2026-07-19T14:35:45.5595018+05:00" endTime="2026-07-19T14:35:45.5595496+05:00" testType="13cdc9d9-ddb5-4fa4-a97d-d965ccfc6d4b" outcome="Passed" testListId="8c84fa94-04c1-424b-9868-57a2d4851a1d" relativeResultsDirectory="a5c78cbc-fb1b-4adf-b972-870c1e46d555" />
    <UnitTestResult executionId="dc0b8a7f-addc-43c9-877b-497b0f287df2" testId="ca06f563-b886-4244-3b00-c2d5d723acfb" testName="Deep.Client.Shared.Tests.Services.AttachmentFileTransportTests.HttpAttachmentFileTransport_PreservesImageDocumentClassification" computerName="SURFACE-LT" duration="00:00:00.2809708" startTime="2026-07-19T14:35:45.5696957+05:00" endTime="2026-07-19T14:35:45.8483540+05:00" testType="13cdc9d9-ddb5-4fa4-a97d-d965ccfc6d4b" outcome="Passed" testListId="8c84fa94-04c1-424b-9868-57a2d4851a1d" relativeResultsDirectory="dc0b8a7f-addc-43c9-877b-497b0f287df2" />
    <UnitTestResult executionId="c86f2858-12f0-451b-bbb2-523fd66bcbb5" testId="4ce41a4e-e11c-598b-6e44-ed6f0d79701d" testName="Deep.Client.Shared.Tests.Services.MessageFlowTests.ReceiveAsync_RemovesLegacySelfEcho" computerName="SURFACE-LT" duration="00:00:00.0065397" startTime="2026-07-19T14:35:46.0518575+05:00" endTime="2026-07-19T14:35:46.0584354+05:00" testType="13cdc9d9-ddb5-4fa4-a97d-d965ccfc6d4b" outcome="Passed" testListId="8c84fa94-04c1-424b-9868-57a2d4851a1d" relativeResultsDirectory="c86f2858-12f0-451b-bbb2-523fd66bcbb5" />
    <UnitTestResult executionId="356914a5-bc9f-45f0-972a-4bd11e515ec6" testId="5ad3bd2f-24d7-6520-1817-fba87454eed0" testName="Deep.Client.Shared.Tests.Persistence.PersistenceTests.SqliteSessionStore_MarksReadWithoutRewritingMessagePayload" computerName="SURFACE-LT" duration="00:00:00.0332077" startTime="2026-07-19T14:36:00.3356811+05:00" endTime="2026-07-19T14:36:00.3691040+05:00" testType="13cdc9d9-ddb5-4fa4-a97d-d965ccfc6d4b" outcome="Passed" testListId="8c84fa94-04c1-424b-9868-57a2d4851a1d" relativeResultsDirectory="356914a5-bc9f-45f0-972a-4bd11e515ec6" />
    <UnitTestResult executionId="0e32cd07-c100-4b94-a3f2-4c615f90e1ae" testId="47644d7e-79d5-22e2-6e49-99a79164d68b" testName="Deep.Client.Shared.Tests.Persistence.TransportOutboxRepositoryContractTests.RestartAtEveryTransitionPreservesMonotonicState(sqlite: True)" computerName="SURFACE-LT" duration="00:00:00.2404107" startTime="2026-07-19T14:35:45.9163043+05:00" endTime="2026-07-19T14:35:46.1563887+05:00" testType="13cdc9d9-ddb5-4fa4-a97d-d965ccfc6d4b" outcome="Passed" testListId="8c84fa94-04c1-424b-9868-57a2d4851a1d" relativeResultsDirectory="0e32cd07-c100-4b94-a3f2-4c615f90e1ae" />
    <UnitTestResult executionId="479d1364-213e-42ee-a7cd-9a905618600f" testId="b9c3c0f4-fc1e-faa1-46eb-70e9e061d498" testName="Deep.Client.Shared.Tests.Persistence.MembershipTrustRepositoryContractTests.OversizedCorruptHistory_FailsClosedWithoutSelectingOlderState(deleteHead: True)" computerName="SURFACE-LT" duration="00:00:00.0825145" startTime="2026-07-19T14:35:46.0622334+05:00" endTime="2026-07-19T14:35:46.1446356+05:00" testType="13cdc9d9-ddb5-4fa4-a97d-d965ccfc6d4b" outcome="Passed" testListId="8c84fa94-04c1-424b-9868-57a2d4851a1d" relativeResultsDirectory="479d1364-213e-42ee-a7cd-9a905618600f" />
    <UnitTestResult executionId="ba1e47fe-c962-41d9-b441-98354146a85b" testId="1b4e55f9-255f-c9e7-8ca4-f3c7b356419c" testName="Deep.Client.Shared.Tests.Services.OutboxDispatchTests.LatePhysicalFailureDoesNotOverwritePersistedSentState" computerName="SURFACE-LT" duration="00:00:00.0035928" startTime="2026-07-19T14:35:46.1600860+05:00" endTime="2026-07-19T14:35:46.1638205+05:00" testType="13cdc9d9-ddb5-4fa4-a97d-d965ccfc6d4b" outcome="Passed" testListId="8c84fa94-04c1-424b-9868-57a2d4851a1d" relativeResultsDirectory="ba1e47fe-c962-41d9-b441-98354146a85b" />
    <UnitTestResult executionId="b2cd9e52-863f-406b-80be-cbdb8b2654f3" testId="8555b5b6-1ba0-aa29-01bd-552eef6cb023" testName="Deep.Client.Shared.Tests.Services.RouterCancellationTests.RefreshRouteAsync_CallerCancellation_StopsFailoverAndPropagatesCancellation" computerName="SURFACE-LT" duration="00:00:00.0076060" startTime="2026-07-19T14:35:45.8439793+05:00" endTime="2026-07-19T14:35:45.8516821+05:00" testType="13cdc9d9-ddb5-4fa4-a97d-d965ccfc6d4b" outcome="Passed" testListId="8c84fa94-04c1-424b-9868-57a2d4851a1d" relativeResultsDirectory="b2cd9e52-863f-406b-80be-cbdb8b2654f3" />
    <UnitTestResult executionId="b6606e07-6d89-4993-816c-ca76fad0e8f4" testId="81e25c37-6f4e-2983-20db-9e54ef626842" testName="Deep.Client.Shared.Tests.Services.MembershipTrustServiceTests.PublicOperations_BoundUnexpectedVerifierFailures(operation: &quot;initialize&quot;)" computerName="SURFACE-LT" duration="00:00:00.0026785" startTime="2026-07-19T14:35:46.0489835+05:00" endTime="2026-07-19T14:35:46.0509760+05:00" testType="13cdc9d9-ddb5-4fa4-a97d-d965ccfc6d4b" outcome="Passed" testListId="8c84fa94-04c1-424b-9868-57a2d4851a1d" relativeResultsDirectory="b6606e07-6d89-4993-816c-ca76fad0e8f4" />
    <UnitTestResult executionId="653ea75b-c6eb-4d21-b280-9d66a0d42da0" testId="fb2bd60b-b502-5f53-a1ad-a895fcd50c81" testName="Deep.Client.Shared.Tests.Services.ConversationServiceGroupTests.ReceiveGroupUpdates_AcceptsRemovalAndRejectsRecipientResurrection" computerName="SURFACE-LT" duration="00:00:00.0027173" startTime="2026-07-19T14:35:46.2728471+05:00" endTime="2026-07-19T14:35:46.2749004+05:00" testType="13cdc9d9-ddb5-4fa4-a97d-d965ccfc6d4b" outcome="Passed" testListId="8c84fa94-04c1-424b-9868-57a2d4851a1d" relativeResultsDirectory="653ea75b-c6eb-4d21-b280-9d66a0d42da0" />
    <UnitTestResult executionId="dd8572c7-550b-43cb-a3ef-9b66c641674e" testId="2e57eb95-2d37-f2f7-5ac2-ab1f1d293827" testName="Deep.Client.Shared.Tests.Persistence.MembershipTrustRepositoryContractTests.BoundedHistory_RepeatedReadsRemainCancelableAndEquivalent(sqlite: True)" computerName="SURFACE-LT" duration="00:00:01.9110370" startTime="2026-07-19T14:35:46.4457166+05:00" endTime="2026-07-19T14:35:48.3566849+05:00" testType="13cdc9d9-ddb5-4fa4-a97d-d965ccfc6d4b" outcome="Passed" testListId="8c84fa94-04c1-424b-9868-57a2d4851a1d" relativeResultsDirectory="dd8572c7-550b-43cb-a3ef-9b66c641674e" />
    <UnitTestResult executionId="00bf1d95-040c-4ee0-8ed8-47b7d48d3606" testId="a1665b19-c6f4-7ecd-76f7-30f8f10aca27" testName="Deep.Client.Shared.Tests.Services.E2eeEnvelopeCodecTests.Decrypt_RejectsInvalidLengthFieldsTruncationTrailingBytesAndOversize" computerName="SURFACE-LT" duration="00:00:00.0057102" startTime="2026-07-19T14:35:45.9605740+05:00" endTime="2026-07-19T14:35:45.9663681+05:00" testType="13cdc9d9-ddb5-4fa4-a97d-d965ccfc6d4b" outcome="Passed" testListId="8c84fa94-04c1-424b-9868-57a2d4851a1d" relativeResultsDirectory="00bf1d95-040c-4ee0-8ed8-47b7d48d3606" />
    <UnitTestResult executionId="9b94d266-e73e-42f9-8e6e-e60f74609643" testId="5d7abcc1-e58e-24b4-0ecf-26353240ffea" testName="Deep.Client.Shared.Tests.Persistence.TransportOutboxRepositoryContractTests.ScopePurgeAndAccountPurgeRemoveOutboxWithoutCrossScopeLeak(sqlite: False)" computerName="SURFACE-LT" duration="00:00:00.0169831" startTime="2026-07-19T14:35:46.6085059+05:00" endTime="2026-07-19T14:35:46.6256157+05:00" testType="13cdc9d9-ddb5-4fa4-a97d-d965ccfc6d4b" outcome="Passed" testListId="8c84fa94-04c1-424b-9868-57a2d4851a1d" relativeResultsDirectory="9b94d266-e73e-42f9-8e6e-e60f74609643" />
    <UnitTestResult executionId="fdd0d837-91e9-47c4-bc94-d29329a26642" testId="5df80c09-1ae3-e51f-2296-88164661293b" testName="Deep.Client.Shared.Tests.Services.MembershipTrustServiceTests.PublicOperations_BoundUnrequestedDependencyCancellation(operation: &quot;delegation&quot;, dependency: &quot;verifier&quot;)" computerName="SURFACE-LT" duration="00:00:00.0076576" startTime="2026-07-19T14:35:46.0844896+05:00" endTime="2026-07-19T14:35:46.0921685+05:00" testType="13cdc9d9-ddb5-4fa4-a97d-d965ccfc6d4b" outcome="Passed" testListId="8c84fa94-04c1-424b-9868-57a2d4851a1d" relativeResultsDirectory="fdd0d837-91e9-47c4-bc94-d29329a26642" />
    <UnitTestResult executionId="5117bece-1ff4-4bcc-b7e1-89f3b6a4499b" testId="c971a0da-15ee-a3f1-05b1-0e9085d97704" testName="Deep.Client.Shared.Tests.Services.PushSignatureV2GoldenTests.PushDtos_RejectExplicitNonCanonicalInboundSignatureVersion(jsonValue: &quot;1&quot;)" computerName="SURFACE-LT" duration="00:00:00.0000560" startTime="2026-07-19T14:35:45.9554735+05:00" endTime="2026-07-19T14:35:45.9555295+05:00" testType="13cdc9d9-ddb5-4fa4-a97d-d965ccfc6d4b" outcome="Passed" testListId="8c84fa94-04c1-424b-9868-57a2d4851a1d" relativeResultsDirectory="5117bece-1ff4-4bcc-b7e1-89f3b6a4499b" />
    <UnitTestResult executionId="99fb0eed-d89e-4062-a51f-a2c4545dcd4e" testId="98382ca0-d958-da4e-0a88-cca7450a11a6" testName="Deep.Client.Shared.Tests.Services.ConversationServiceGroupTests.ReceiveGroupUpdates_RejectsSenderPromotedOnlyByUntrustedUpdate" computerName="SURFACE-LT" duration="00:00:00.0006230" startTime="2026-07-19T14:35:46.1062302+05:00" endTime="2026-07-19T14:35:46.1070881+05:00" testType="13cdc9d9-ddb5-4fa4-a97d-d965ccfc6d4b" outcome="Passed" testListId="8c84fa94-04c1-424b-9868-57a2d4851a1d" relativeResultsDirectory="99fb0eed-d89e-4062-a51f-a2c4545dcd4e" />
    <UnitTestResult executionId="1a257d67-b511-4c53-a8a9-6dfc03486628" testId="7a4c5031-8878-d8d6-82e3-005bac8b28ef" testName="Deep.Client.Shared.Tests.Persistence.MembershipTrustRepositoryContractTests.ObservedClockHighWater_ConcurrentCasHasOneWinner(sqlite: False)" computerName="SURFACE-LT" duration="00:00:00.0031362" startTime="2026-07-19T14:35:48.7061782+05:00" endTime="2026-07-19T14:35:48.7091437+05:00" testType="13cdc9d9-ddb5-4fa4-a97d-d965ccfc6d4b" outcome="Passed" testListId="8c84fa94-04c1-424b-9868-57a2d4851a1d" relativeResultsDirectory="1a257d67-b511-4c53-a8a9-6dfc03486628" />
    <UnitTestResult executionId="4823ae2a-23f2-403d-aa09-930dcc205e50" testId="da1f23ba-d1e7-e1fa-ef27-6b274ea3d6a3" testName="Deep.Client.Shared.Tests.Services.XNodeRpcClientTrustTests.RefreshRouteAsync_RejectsFirstHopThatDoesNotMatchPinnedResponder" computerName="SURFACE-LT" duration="00:00:00.0018280" startTime="2026-07-19T14:35:46.2308940+05:00" endTime="2026-07-19T14:35:46.2326065+05:00" testType="13cdc9d9-ddb5-4fa4-a97d-d965ccfc6d4b" outcome="Passed" testListId="8c84fa94-04c1-424b-9868-57a2d4851a1d" relativeResultsDirectory="4823ae2a-23f2-403d-aa09-930dcc205e50" />
    <UnitTestResult executionId="aa3f170d-1e4e-4be5-9f17-924085344ec4" testId="f16c71a0-c03f-987a-61c5-43c5bd12a5e6" testName="Deep.Client.Shared.Tests.Services.PushSubscriptionTransportTests.PushRegistrationCoordinator_LateSubscribeAfterTimedOutLogoutIsCompensated" computerName="SURFACE-LT" duration="00:00:00.0103516" startTime="2026-07-19T14:35:46.5500219+05:00" endTime="2026-07-19T14:35:46.5605498+05:00" testType="13cdc9d9-ddb5-4fa4-a97d-d965ccfc6d4b" outcome="Passed" testListId="8c84fa94-04c1-424b-9868-57a2d4851a1d" relativeResultsDirectory="aa3f170d-1e4e-4be5-9f17-924085344ec4" />
    <UnitTestResult executionId="5e0a3175-7eec-42fc-8cb6-fb63d443c139" testId="25499c8b-9aa3-6f5c-6762-7da59cda48d8" testName="Deep.Client.Shared.Tests.Persistence.ReplayRepositoryTests.Stores_RejectInvalidReplayClaimInput" computerName="SURFACE-LT" duration="00:00:00.4374124" startTime="2026-07-19T14:35:45.5592679+05:00" endTime="2026-07-19T14:35:45.9898146+05:00" testType="13cdc9d9-ddb5-4fa4-a97d-d965ccfc6d4b" outcome="Passed" testListId="8c84fa94-04c1-424b-9868-57a2d4851a1d" relativeResultsDirectory="5e0a3175-7eec-42fc-8cb6-fb63d443c139" />
    <UnitTestResult executionId="7cc06ee5-bd08-4b84-8a8e-4b9344e695c9" testId="b395128b-a7d6-83ab-b3d6-ad6c7f5e4f40" testName="Deep.Client.Shared.Tests.Persistence.MembershipTrustSqliteRecoveryTests.RestartWithValidHead_IsFound" computerName="SURFACE-LT" duration="00:00:00.0414609" startTime="2026-07-19T14:35:47.7585085+05:00" endTime="2026-07-19T14:35:47.7998311+05:00" testType="13cdc9d9-ddb5-4fa4-a97d-d965ccfc6d4b" outcome="Passed" testListId="8c84fa94-04c1-424b-9868-57a2d4851a1d" relativeResultsDirectory="7cc06ee5-bd08-4b84-8a8e-4b9344e695c9" />
    <UnitTestResult executionId="09783d33-2545-49a8-b2af-4dd5d2fae4fc" testId="45d13345-c75a-e89c-b52b-02fe21edc39a" testName="Deep.Client.Shared.Tests.Services.E2eeClientTransportTests.Dispose_DuringBlockedReceiveReturnsAndDefersIdentityZeroization" computerName="SURFACE-LT" duration="00:00:00.3923395" startTime="2026-07-19T14:35:45.5597417+05:00" endTime="2026-07-19T14:35:45.9486040+05:00" testType="13cdc9d9-ddb5-4fa4-a97d-d965ccfc6d4b" outcome="Passed" testListId="8c84fa94-04c1-424b-9868-57a2d4851a1d" relativeResultsDirectory="09783d33-2545-49a8-b2af-4dd5d2fae4fc" />
    <UnitTestResult executionId="6c2cb2ab-f5bf-4e3b-bbf3-b691a615507a" testId="f796e779-8f04-7c04-3de4-d203314b037d" testName="Deep.Client.Shared.Tests.Persistence.IncomingMessageNotificationRepositoryTests.InMemoryQueueAndPresentedStateSurviveReload" computerName="SURFACE-LT" duration="00:00:00.0128023" startTime="2026-07-19T14:35:46.3922587+05:00" endTime="2026-07-19T14:35:46.4049590+05:00" testType="13cdc9d9-ddb5-4fa4-a97d-d965ccfc6d4b" outcome="Passed" testListId="8c84fa94-04c1-424b-9868-57a2d4851a1d" relativeResultsDirectory="6c2cb2ab-f5bf-4e3b-bbf3-b691a615507a" />
    <UnitTestResult executionId="df853baf-1b50-4e3e-8ee2-64487d96d4b3" testId="3cb712e8-ef41-1aff-7f36-bdccef605cfb" testName="Deep.Client.Shared.Tests.Persistence.PersistenceTests.ClientRuntime_CreatePersistent_RequiresAnExplicitTransport" computerName="SURFACE-LT" duration="00:00:00.0003597" startTime="2026-07-19T14:35:52.3154245+05:00" endTime="2026-07-19T14:35:52.3156873+05:00" testType="13cdc9d9-ddb5-4fa4-a97d-d965ccfc6d4b" outcome="Passed" testListId="8c84fa94-04c1-424b-9868-57a2d4851a1d" relativeResultsDirectory="df853baf-1b50-4e3e-8ee2-64487d96d4b3" />
    <UnitTestResult executionId="bc9bb233-fd9d-44c1-a0af-30bdbb316fc3" testId="10539516-fd36-1b3d-ba31-d8dc51f2b698" testName="Deep.Client.Shared.Tests.Services.MetadataPrivacyCharacterizationTests.BetaMetadataGate_FailsForEachUnresolvedFinding(findingId: &quot;META-OPAQUE-RETRIEVE-CAPABILITY&quot;, status: &quot;unresolved&quot;, evidence: &quot;Current retrieval authenticates with the raw accou&quot;···)" computerName="SURFACE-LT" duration="00:00:00.0000227" startTime="2026-07-19T14:35:46.0746581+05:00" endTime="2026-07-19T14:35:46.0746938+05:00" testType="13cdc9d9-ddb5-4fa4-a97d-d965ccfc6d4b" outcome="Passed" testListId="8c84fa94-04c1-424b-9868-57a2d4851a1d" relativeResultsDirectory="bc9bb233-fd9d-44c1-a0af-30bdbb316fc3" />
    <UnitTestResult executionId="36498d7a-2427-47bb-983f-a4e2e70bfd3b" testId="df9402a1-2df1-3045-ba27-eb71fd432ea8" testName="Deep.Client.Shared.Tests.Services.E2eeContentCodecTests.Reaction_RoundTripsForDirectAndGroupConversations(conversationKind: GroupV2, remove: True)" computerName="SURFACE-LT" duration="00:00:00.0000215" startTime="2026-07-19T14:35:45.5844835+05:00" endTime="2026-07-19T14:35:45.5845193+05:00" testType="13cdc9d9-ddb5-4fa4-a97d-d965ccfc6d4b" outcome="Passed" testListId="8c84fa94-04c1-424b-9868-57a2d4851a1d" relativeResultsDirectory="36498d7a-2427-47bb-983f-a4e2e70bfd3b" />
    <UnitTestResult executionId="40793440-ad5a-468b-b861-430ae3f8589a" testId="9e78fd78-ed7a-78e1-bda8-e004e23f6022" testName="Deep.Client.Shared.Tests.Persistence.MembershipTrustRepositoryContractTests.SqliteOversizedHeadDigest_BlocksReadIdempotencyAndSuccessor" computerName="SURFACE-LT" duration="00:00:00.1121464" startTime="2026-07-19T14:35:45.9504767+05:00" endTime="2026-07-19T14:35:46.0620694+05:00" testType="13cdc9d9-ddb5-4fa4-a97d-d965ccfc6d4b" outcome="Passed" testListId="8c84fa94-04c1-424b-9868-57a2d4851a1d" relativeResultsDirectory="40793440-ad5a-468b-b861-430ae3f8589a" />
    <UnitTestResult executionId="68b75019-8144-433e-9c8e-8aebe2701de4" testId="c1df10a3-3777-f0dc-e4f4-33c6a5784d45" testName="Deep.Client.Shared.Tests.Persistence.IncomingMessageNotificationRepositoryTests.MessageServiceUsesTheAccountGenerationBarrierForNotificationQueueAccess" computerName="SURFACE-LT" duration="00:00:00.0125011" startTime="2026-07-19T14:35:46.1414288+05:00" endTime="2026-07-19T14:35:46.1537595+05:00" testType="13cdc9d9-ddb5-4fa4-a97d-d965ccfc6d4b" outcome="Passed" testListId="8c84fa94-04c1-424b-9868-57a2d4851a1d" relativeResultsDirectory="68b75019-8144-433e-9c8e-8aebe2701de4" />
    <UnitTestResult executionId="7d8d6918-7269-4254-a042-93b7ff26e41a" testId="9fbb6d67-a747-230d-a9d4-5754f9e7a89c" testName="Deep.Client.Shared.Tests.Persistence.LocalStateMigrationTests.Migration_PreservesUnreadableArtifactsInsteadOfMarkingThemComplete" computerName="SURFACE-LT" duration="00:00:00.0063746" startTime="2026-07-19T14:35:46.5934921+05:00" endTime="2026-07-19T14:35:46.6008813+05:00" testType="13cdc9d9-ddb5-4fa4-a97d-d965ccfc6d4b" outcome="Passed" testListId="8c84fa94-04c1-424b-9868-57a2d4851a1d" relativeResultsDirectory="7d8d6918-7269-4254-a042-93b7ff26e41a" />
    <UnitTestResult executionId="87e5f8e5-f632-4b15-9811-cc0e10f4e077" testId="8d0c65a9-ceff-4c44-43fd-1f7beee5826c" testName="Deep.Client.Shared.Tests.Persistence.PersistenceTests.SqliteConversationSummariesHandleFortyThousandRequestedConversations" computerName="SURFACE-LT" duration="00:00:00.1513169" startTime="2026-07-19T14:36:00.1838422+05:00" endTime="2026-07-19T14:36:00.3355548+05:00" testType="13cdc9d9-ddb5-4fa4-a97d-d965ccfc6d4b" outcome="Passed" testListId="8c84fa94-04c1-424b-9868-57a2d4851a1d" relativeResultsDirectory="87e5f8e5-f632-4b15-9811-cc0e10f4e077" />
    <UnitTestResult executionId="af4bdeeb-32c4-4301-8853-6f1a6425422d" testId="75811039-9f45-df39-51bb-a221c8cf724f" testName="Deep.Client.Shared.Tests.Persistence.DurableInboxRepositoryTests.Stores_PendingOwnerSuppressesSameDigestAndRejectsDifferentDigestWithoutClaimingEarly" computerName="SURFACE-LT" duration="00:00:00.0496712" startTime="2026-07-19T14:35:51.7550791+05:00" endTime="2026-07-19T14:35:51.8050491+05:00" testType="13cdc9d9-ddb5-4fa4-a97d-d965ccfc6d4b" outcome="Passed" testListId="8c84fa94-04c1-424b-9868-57a2d4851a1d" relativeResultsDirectory="af4bdeeb-32c4-4301-8853-6f1a6425422d" />
    <UnitTestResult executionId="480545ce-ea77-4120-94db-6f98feb24e97" testId="82afd91d-2e06-d961-ce74-fb3cfb4558cf" testName="Deep.Client.Shared.Tests.Services.XNodeRpcClientTrustTests.RefreshRouteAsync_RejectsWrongSignedRouteNonce" computerName="SURFACE-LT" duration="00:00:00.0017313" startTime="2026-07-19T14:35:46.2338595+05:00" endTime="2026-07-19T14:35:46.2355348+05:00" testType="13cdc9d9-ddb5-4fa4-a97d-d965ccfc6d4b" outcome="Passed" testListId="8c84fa94-04c1-424b-9868-57a2d4851a1d" relativeResultsDirectory="480545ce-ea77-4120-94db-6f98feb24e97" />
    <UnitTestResult executionId="0d81175a-e6c7-49a8-8f77-b10ec7f2d569" testId="07267cf4-ee1c-cef2-efc6-2d6a1b662bf8" testName="Deep.Client.Shared.Tests.Services.MembershipTrustServiceTests.PublicApplyBoundary_HasNoTrustedP04ModelParameters" computerName="SURFACE-LT" duration="00:00:00.0005576" startTime="2026-07-19T14:35:46.1211432+05:00" endTime="2026-07-19T14:35:46.1223000+05:00" testType="13cdc9d9-ddb5-4fa4-a97d-d965ccfc6d4b" outcome="Passed" testListId="8c84fa94-04c1-424b-9868-57a2d4851a1d" relativeResultsDirectory="0d81175a-e6c7-49a8-8f77-b10ec7f2d569" />
    <UnitTestResult executionId="f4d257d3-b47a-4b44-a128-68db7d96cdd8" testId="81783130-af5e-ceee-5d71-ffc423ced425" testName="Deep.Client.Shared.Tests.Services.ConversationServiceTests.UpdateContactDisplayName_PersistsContactAndConversationTitle" computerName="SURFACE-LT" duration="00:00:00.2059029" startTime="2026-07-19T14:35:45.3626471+05:00" endTime="2026-07-19T14:35:45.5700931+05:00" testType="13cdc9d9-ddb5-4fa4-a97d-d965ccfc6d4b" outcome="Passed" testListId="8c84fa94-04c1-424b-9868-57a2d4851a1d" relativeResultsDirectory="f4d257d3-b47a-4b44-a128-68db7d96cdd8" />
    <UnitTestResult executionId="4b716b44-f067-4b6e-b965-365eb4d5b18c" testId="95c970bc-f569-379b-0f51-58e815639570" testName="Deep.Client.Shared.Tests.Persistence.TransportOutboxRepositoryContractTests.SimultaneousAttemptSuccessAdvancesOneLogicalDurableState(sqlite: False)" computerName="SURFACE-LT" duration="00:00:00.0280417" startTime="2026-07-19T14:35:46.3113646+05:00" endTime="2026-07-19T14:35:46.3397569+05:00" testType="13cdc9d9-ddb5-4fa4-a97d-d965ccfc6d4b" outcome="Passed" testListId="8c84fa94-04c1-424b-9868-57a2d4851a1d" relativeResultsDirectory="4b716b44-f067-4b6e-b965-365eb4d5b18c" />
    <UnitTestResult executionId="c8f964e0-e6e5-468c-ab35-2ba8e6fe4ae7" testId="d4ce3660-d49d-a75b-5645-029549826cc6" testName="Deep.Client.Shared.Tests.Services.DurableInboxDomainAckTests.GroupStateRevisionGapRemainsUnackedUntilMissingRevisionArrives" computerName="SURFACE-LT" duration="00:00:00.0023632" startTime="2026-07-19T14:35:45.9057713+05:00" endTime="2026-07-19T14:35:45.9078029+05:00" testType="13cdc9d9-ddb5-4fa4-a97d-d965ccfc6d4b" outcome="Passed" testListId="8c84fa94-04c1-424b-9868-57a2d4851a1d" relativeResultsDirectory="c8f964e0-e6e5-468c-ab35-2ba8e6fe4ae7" />
    <UnitTestResult executionId="f6efe0a4-c644-42d0-8fb7-eec931ad878d" testId="5e135b42-89c2-f6c6-c55d-ad96af77d5d8" testName="Deep.Client.Shared.Tests.Persistence.MembershipTrustRepositoryContractTests.ConcurrentDifferentSuccessors_OnlyOneWins(sqlite: True)" computerName="SURFACE-LT" duration="00:00:00.0392245" startTime="2026-07-19T14:35:48.7465882+05:00" endTime="2026-07-19T14:35:48.7857158+05:00" testType="13cdc9d9-ddb5-4fa4-a97d-d965ccfc6d4b" outcome="Passed" testListId="8c84fa94-04c1-424b-9868-57a2d4851a1d" relativeResultsDirectory="f6efe0a4-c644-42d0-8fb7-eec931ad878d" />
    <UnitTestResult executionId="1bd36b6a-dc8d-4672-9a0e-85a12c13da4b" testId="9f580cf5-7381-c532-96ea-0ba5cac31bf8" testName="Deep.Client.Shared.Tests.Services.XNodeRpcClientTrustTests.RefreshRouteAsync_RejectsUnusableSignedContact(failure: &quot;unreachable&quot;)" computerName="SURFACE-LT" duration="00:00:00.0060044" startTime="2026-07-19T14:35:46.2008084+05:00" endTime="2026-07-19T14:35:46.2063488+05:00" testType="13cdc9d9-ddb5-4fa4-a97d-d965ccfc6d4b" outcome="Passed" testListId="8c84fa94-04c1-424b-9868-57a2d4851a1d" relativeResultsDirectory="1bd36b6a-dc8d-4672-9a0e-85a12c13da4b" />
    <UnitTestResult executionId="22f63d03-d3fc-4f5d-990a-89d87a43eee6" testId="3e29abdb-bae7-06fe-416b-a6d7571cc531" testName="Deep.Client.Shared.Tests.Services.E2eeClientTransportTests.GroupFanout_IsBoundedConcurrentAndRetryUsesStableWireIds" computerName="SURFACE-LT" duration="00:00:00.2572469" startTime="2026-07-19T14:35:46.1426433+05:00" endTime="2026-07-19T14:35:46.4000496+05:00" testType="13cdc9d9-ddb5-4fa4-a97d-d965ccfc6d4b" outcome="Passed" testListId="8c84fa94-04c1-424b-9868-57a2d4851a1d" relativeResultsDirectory="22f63d03-d3fc-4f5d-990a-89d87a43eee6" />
    <UnitTestResult executionId="e105fd9c-25ce-49d1-aaf3-3787a62de32b" testId="8a208f59-201f-717c-7764-c13a3d99dbe8" testName="Deep.Client.Shared.Tests.Services.DurableInboxRecoveryTests.E2eeInbox_RestartRecoversEveryRetrieveStageDecodeBoundary(crashPoint: BeforeStage)" computerName="SURFACE-LT" duration="00:00:00.2216699" startTime="2026-07-19T14:35:46.4899082+05:00" endTime="2026-07-19T14:35:46.7115118+05:00" testType="13cdc9d9-ddb5-4fa4-a97d-d965ccfc6d4b" outcome="Passed" testListId="8c84fa94-04c1-424b-9868-57a2d4851a1d" relativeResultsDirectory="e105fd9c-25ce-49d1-aaf3-3787a62de32b" />
    <UnitTestResult executionId="ba5991c2-2bfe-4268-9403-50e5573b185a" testId="cdffdb3a-757f-50a3-5489-bc84a4d9c956" testName="Deep.Client.Shared.Tests.Services.E2eeEnvelopeCodecTests.Decrypt_RejectsUnknownVersionKindAndFlags" computerName="SURFACE-LT" duration="00:00:00.0035285" startTime="2026-07-19T14:35:45.9814763+05:00" endTime="2026-07-19T14:35:45.9839043+05:00" testType="13cdc9d9-ddb5-4fa4-a97d-d965ccfc6d4b" outcome="Passed" testListId="8c84fa94-04c1-424b-9868-57a2d4851a1d" relativeResultsDirectory="ba5991c2-2bfe-4268-9403-50e5573b185a" />
    <UnitTestResult executionId="23ac9448-4fb7-414f-9a0e-8995de2b8eba" testId="a10483d0-9285-944f-6824-deb63c3b7d6e" testName="Deep.Client.Shared.Tests.Services.SessionAccountServiceTests.LoginWithoutDisplayName_UsesRecoveredProfileName_WhenLookupSucceeds" computerName="SURFACE-LT" duration="00:00:00.0022325" startTime="2026-07-19T14:35:45.9812943+05:00" endTime="2026-07-19T14:35:45.9825515+05:00" testType="13cdc9d9-ddb5-4fa4-a97d-d965ccfc6d4b" outcome="Passed" testListId="8c84fa94-04c1-424b-9868-57a2d4851a1d" relativeResultsDirectory="23ac9448-4fb7-414f-9a0e-8995de2b8eba" />
    <UnitTestResult executionId="abaa4140-fd7b-4351-aa86-a08a78fa7202" testId="1de6ba69-f48d-de7f-3124-d2dbc3a0f6fd" testName="Deep.Client.Shared.Tests.Persistence.TransportOutboxContractRedTests.OpaqueIdentifiersDoNotRenderTheirValue" computerName="SURFACE-LT" duration="00:00:00.0002103" startTime="2026-07-19T14:35:45.9869295+05:00" endTime="2026-07-19T14:35:45.9869694+05:00" testType="13cdc9d9-ddb5-4fa4-a97d-d965ccfc6d4b" outcome="Passed" testListId="8c84fa94-04c1-424b-9868-57a2d4851a1d" relativeResultsDirectory="abaa4140-fd7b-4351-aa86-a08a78fa7202" />
[...]
    <TestEntry testId="42cfd801-fb0d-ee29-1f28-20f6126fd42a" executionId="b8ec790e-ad0c-4691-b484-9fc876180ddd" testListId="8c84fa94-04c1-424b-9868-57a2d4851a1d" />
    <TestEntry testId="51f0c2c3-0f2e-c56a-9ee2-06c357d8fdd9" executionId="77da7d67-f7c4-4b9a-9fb3-ea6d3aacbbee" testListId="8c84fa94-04c1-424b-9868-57a2d4851a1d" />
    <TestEntry testId="be134a15-8566-204f-638e-64440e9c294e" executionId="02559219-87ea-4333-9dc1-3fd576c67309" testListId="8c84fa94-04c1-424b-9868-57a2d4851a1d" />
    <TestEntry testId="80cb085d-63ab-1b94-017b-c918f3c27bc0" executionId="62d77ad5-e286-40f4-9032-6e2292d83b24" testListId="8c84fa94-04c1-424b-9868-57a2d4851a1d" />
    <TestEntry testId="9a81bffb-2a35-adc3-52a6-579a5b490cd7" executionId="01267227-f17a-4a09-bef7-7201abce0d60" testListId="8c84fa94-04c1-424b-9868-57a2d4851a1d" />
    <TestEntry testId="28eb3bd8-504a-8eab-69bc-cd8bbee0506c" executionId="1a4c629d-79b0-421c-8ac0-97cc9d56e0d9" testListId="8c84fa94-04c1-424b-9868-57a2d4851a1d" />
    <TestEntry testId="713319d2-2d2e-7118-5cca-f23f9c6cdb0a" executionId="166e86e8-2fb9-42e6-a7b7-5f94486adb44" testListId="8c84fa94-04c1-424b-9868-57a2d4851a1d" />
    <TestEntry testId="925e22c3-ec11-8987-fc7f-8e05d78f5702" executionId="268d37bf-fe33-452d-b02f-43bda2ae0106" testListId="8c84fa94-04c1-424b-9868-57a2d4851a1d" />
    <TestEntry testId="05b76978-3e0b-8b53-9f00-5c7fb4340d07" executionId="e25bc159-6f93-4841-8a4a-6c81a8ba4e59" testListId="8c84fa94-04c1-424b-9868-57a2d4851a1d" />
    <TestEntry testId="0661f540-b19c-e87f-4592-1ff2ab11370c" executionId="2beae166-66a0-423b-a1b4-5445a7a23281" testListId="8c84fa94-04c1-424b-9868-57a2d4851a1d" />
    <TestEntry testId="83c064f2-0433-f9a2-34f3-82d465d980f8" executionId="4f84a7af-d3fd-423f-8da6-4fc69bd21a55" testListId="8c84fa94-04c1-424b-9868-57a2d4851a1d" />
    <TestEntry testId="d0a25b40-aeb3-386f-8a43-b696094f46da" executionId="c5c672e2-867a-49e6-a1e7-2fabcecc8dea" testListId="8c84fa94-04c1-424b-9868-57a2d4851a1d" />
    <TestEntry testId="6c1f2b0f-8aff-b295-f66f-be82f4264520" executionId="0407e816-da93-4365-b8a1-2aa5f19ded5b" testListId="8c84fa94-04c1-424b-9868-57a2d4851a1d" />
    <TestEntry testId="4561d38c-833c-9bf4-5f71-70e75a99e482" executionId="57622ce4-7edc-44a3-bc11-ac34d9182bff" testListId="8c84fa94-04c1-424b-9868-57a2d4851a1d" />
    <TestEntry testId="3502650f-f1e0-c7de-3e92-4b28d949a1ed" executionId="b325ed61-e46a-4bad-bd38-fc7741db0384" testListId="8c84fa94-04c1-424b-9868-57a2d4851a1d" />
    <TestEntry testId="8a1e738b-0a05-08a7-994f-df0a80ae92bc" executionId="80b086c0-0e26-4c74-b1c7-df7c86620a71" testListId="8c84fa94-04c1-424b-9868-57a2d4851a1d" />
    <TestEntry testId="5e1fa056-006a-7b65-1c7f-bf8981af2f4b" executionId="cadde252-3aab-4cff-ae33-356688c5a7ef" testListId="8c84fa94-04c1-424b-9868-57a2d4851a1d" />
    <TestEntry testId="2eb3bb23-88f7-e394-d042-04e18859546e" executionId="e08ddfef-362f-4972-803e-352971c8db30" testListId="8c84fa94-04c1-424b-9868-57a2d4851a1d" />
    <TestEntry testId="3cd7f99b-d50f-d256-6809-9e7e5b75fea7" executionId="8da8426e-ac84-47fc-a1f3-011fd85507c2" testListId="8c84fa94-04c1-424b-9868-57a2d4851a1d" />
    <TestEntry testId="bee581df-6af7-88d8-217d-c12f67f05298" executionId="9f30725d-1116-4dbc-be12-ee863964b34a" testListId="8c84fa94-04c1-424b-9868-57a2d4851a1d" />
    <TestEntry testId="017713b7-d8d4-131f-482f-e98dc5179022" executionId="89bcb688-98d3-4587-a2fa-6469f9e87bcd" testListId="8c84fa94-04c1-424b-9868-57a2d4851a1d" />
    <TestEntry testId="dfc7622b-4829-9f30-0586-c2cd14c6add8" executionId="11fe71ab-0092-4fa0-b511-9fdb8753e415" testListId="8c84fa94-04c1-424b-9868-57a2d4851a1d" />
    <TestEntry testId="5d2a3752-d26d-09ce-9dcb-70a911e35387" executionId="a3615b16-1b85-4247-8ce3-e94698b3a958" testListId="8c84fa94-04c1-424b-9868-57a2d4851a1d" />
    <TestEntry testId="c653b125-53cd-cfb7-37f6-d179ceda9eb1" executionId="de65c06d-e2e1-4628-9799-1f8efd81dd90" testListId="8c84fa94-04c1-424b-9868-57a2d4851a1d" />
    <TestEntry testId="798341b3-65e4-c0d4-76c8-9db11b4db37a" executionId="04487dc2-59b6-4d5b-85d4-27a7a8d0e463" testListId="8c84fa94-04c1-424b-9868-57a2d4851a1d" />
    <TestEntry testId="f58d63cf-aa27-373f-55ac-ef33068d4013" executionId="2950f907-d5f0-4299-86f6-521140ec063e" testListId="8c84fa94-04c1-424b-9868-57a2d4851a1d" />
    <TestEntry testId="396f6b61-8d53-e7f5-b6d2-7ba828c49423" executionId="13405f87-ffe6-4344-b087-243ba506dc97" testListId="8c84fa94-04c1-424b-9868-57a2d4851a1d" />
    <TestEntry testId="5b3bb496-3f6d-0828-fa1b-6e3760bcbf9d" executionId="42201ade-2f08-4e42-86ea-eaf2f8504cdf" testListId="8c84fa94-04c1-424b-9868-57a2d4851a1d" />
    <TestEntry testId="cdb68a8f-772b-c1f9-a91d-3cc5b86c5c2b" executionId="c1cfc874-1523-4f64-ab2f-b3600d8f4567" testListId="8c84fa94-04c1-424b-9868-57a2d4851a1d" />
    <TestEntry testId="7b1155b6-a4fd-ad30-16a6-db0c0c0a5f55" executionId="70b154a1-555d-414d-83d3-95f700aae127" testListId="8c84fa94-04c1-424b-9868-57a2d4851a1d" />
    <TestEntry testId="5b2a58f7-9ab9-788c-bbcb-de06379425de" executionId="c22c25d3-5153-4555-937e-cf5725e4f99c" testListId="8c84fa94-04c1-424b-9868-57a2d4851a1d" />
    <TestEntry testId="cebc6699-6af8-c678-e9b9-71d39db63f6d" executionId="149b869f-969e-492e-bb9f-b4b6c447048a" testListId="8c84fa94-04c1-424b-9868-57a2d4851a1d" />
    <TestEntry testId="e6ecf5c0-a822-0559-eb52-056684a9eba5" executionId="2a41173f-4b55-4c33-b5c3-50a43e077b62" testListId="8c84fa94-04c1-424b-9868-57a2d4851a1d" />
    <TestEntry testId="84208eb1-0208-cab3-3e0e-0fb006b49ad8" executionId="b45bd267-6abc-4179-9fe8-2e467218db93" testListId="8c84fa94-04c1-424b-9868-57a2d4851a1d" />
    <TestEntry testId="8a70a37b-7208-fe84-3ee1-6bb23b024843" executionId="32f31216-1b78-45b9-85a4-d88ab4a2c074" testListId="8c84fa94-04c1-424b-9868-57a2d4851a1d" />
    <TestEntry testId="cbdce6fa-5820-ca31-3a7f-0efa34425e38" executionId="0311865c-8be4-474d-aa49-b8f47f7a8318" testListId="8c84fa94-04c1-424b-9868-57a2d4851a1d" />
    <TestEntry testId="c1f8f974-44b2-8bc9-0ca3-e96e39893d36" executionId="ea4d8596-4285-4784-8d95-0c08b029b8ea" testListId="8c84fa94-04c1-424b-9868-57a2d4851a1d" />
    <TestEntry testId="a57ac132-8041-3086-37ca-ddda6383859f" executionId="cafd7ff2-2714-45ef-a9ba-8d19186bc522" testListId="8c84fa94-04c1-424b-9868-57a2d4851a1d" />
    <TestEntry testId="b5a41ee1-8f7a-5e7b-3d40-244bd1e49640" executionId="5377f82d-18ba-45f5-a5dc-be5a27eadef6" testListId="8c84fa94-04c1-424b-9868-57a2d4851a1d" />
    <TestEntry testId="1eda8773-aee5-92a0-0787-db260a670fc8" executionId="5bf33b1e-7fbe-4d32-bcec-1b8a13b2a8c4" testListId="8c84fa94-04c1-424b-9868-57a2d4851a1d" />
    <TestEntry testId="01069638-8621-67d5-42fb-092e57ae5705" executionId="91b861eb-66a2-455e-80cc-14cf243891a3" testListId="8c84fa94-04c1-424b-9868-57a2d4851a1d" />
    <TestEntry testId="a5fdf0ac-2f6e-dc00-0e23-f84adad83348" executionId="fe3eddc5-9278-4be6-98cf-f6d971787810" testListId="8c84fa94-04c1-424b-9868-57a2d4851a1d" />
    <TestEntry testId="a5d92bb9-b15d-f098-1e16-8896ea800800" executionId="f01f5427-ff75-49f8-a43d-ac3ddb4513c0" testListId="8c84fa94-04c1-424b-9868-57a2d4851a1d" />
    <TestEntry testId="e2bf762a-dd51-2781-f823-13d5f9e660a8" executionId="3a0e2188-a7c7-4e4b-a3ac-5a3178f7927b" testListId="8c84fa94-04c1-424b-9868-57a2d4851a1d" />
    <TestEntry testId="f6c519e4-982a-73c7-764d-9ff86877ed62" executionId="cc737826-4848-40bb-b378-ec525d7fe396" testListId="8c84fa94-04c1-424b-9868-57a2d4851a1d" />
    <TestEntry testId="e6da9152-e769-921f-b15d-dcb38dd0c5f4" executionId="7491dad1-a7ad-4688-beeb-15303f96a19c" testListId="8c84fa94-04c1-424b-9868-57a2d4851a1d" />
    <TestEntry testId="c6bdb8a1-01c2-a3aa-8355-063b41bbf704" executionId="7f9396ce-eadc-450c-ac19-1ec8988923cd" testListId="8c84fa94-04c1-424b-9868-57a2d4851a1d" />
    <TestEntry testId="865518d4-e264-c585-67e1-3524ea7f5b6f" executionId="6bb4f9e2-2ed2-4908-8858-a188bd977ee1" testListId="8c84fa94-04c1-424b-9868-57a2d4851a1d" />
    <TestEntry testId="c4831ce0-84ad-44fd-1a66-5e926ae0061e" executionId="c7540ae4-fbdd-4634-88ea-f47bede5d2e8" testListId="8c84fa94-04c1-424b-9868-57a2d4851a1d" />
    <TestEntry testId="ce31125a-9933-bd20-febf-05b99f7ebb0c" executionId="315531bf-61c7-4f9c-ba8e-272a80472e37" testListId="8c84fa94-04c1-424b-9868-57a2d4851a1d" />
    <TestEntry testId="176eba4c-67ea-4cdc-5815-30134b93ed94" executionId="b3275e36-994a-4501-8ff3-07d23d9ff238" testListId="8c84fa94-04c1-424b-9868-57a2d4851a1d" />
    <TestEntry testId="6d0e634d-284a-09fc-b280-824e18283cae" executionId="f7239b67-262c-438e-8670-4fd3ddfaca90" testListId="8c84fa94-04c1-424b-9868-57a2d4851a1d" />
    <TestEntry testId="94171e26-79e1-0191-c1bb-0848708f6085" executionId="1fa41d38-3e54-482f-ae87-bf1d584da4f4" testListId="8c84fa94-04c1-424b-9868-57a2d4851a1d" />
    <TestEntry testId="f8b9c34b-5800-d289-4d13-f639ac0413c6" executionId="0ee0c6d2-40fe-4a4e-8d46-b76d159ebce7" testListId="8c84fa94-04c1-424b-9868-57a2d4851a1d" />
    <TestEntry testId="4330eb0e-727c-70d2-eb06-f10532b22a2c" executionId="a75c44ec-419f-4666-a5b9-11a13c6da3ef" testListId="8c84fa94-04c1-424b-9868-57a2d4851a1d" />
    <TestEntry testId="02f864b2-f3c6-ec8e-8a9d-3b81b0052d00" executionId="0853f109-243d-4a18-9bc4-ce10c57f94e8" testListId="8c84fa94-04c1-424b-9868-57a2d4851a1d" />
    <TestEntry testId="875b4efd-ce2c-a59f-2966-787616d2e0e4" executionId="19339e3c-496e-4c17-ac91-080fb061b462" testListId="8c84fa94-04c1-424b-9868-57a2d4851a1d" />
    <TestEntry testId="c313ab36-b71c-0a8d-3c93-5baf66258bc5" executionId="104c2ec3-3723-45c9-8345-becc2d89a805" testListId="8c84fa94-04c1-424b-9868-57a2d4851a1d" />
    <TestEntry testId="823a52fa-67e1-1bf2-e50c-843d2f9f23b7" executionId="c667e67b-0830-4f02-8120-2874b93bef70" testListId="8c84fa94-04c1-424b-9868-57a2d4851a1d" />
    <TestEntry testId="8cc78816-5c78-281a-a5a0-b909ff626265" executionId="f5022b33-3edb-4322-be51-911ecde29af3" testListId="8c84fa94-04c1-424b-9868-57a2d4851a1d" />
    <TestEntry testId="89635f20-d7dd-06a3-bfa6-383fac11ac6d" executionId="c8bb148c-de57-4e27-b3be-2b6956b523d6" testListId="8c84fa94-04c1-424b-9868-57a2d4851a1d" />
    <TestEntry testId="becd602d-84c8-9bfc-f91b-46f614173f0a" executionId="a6a500bb-3330-40d7-9f6f-c3a5b5601dbb" testListId="8c84fa94-04c1-424b-9868-57a2d4851a1d" />
    <TestEntry testId="f40d6818-1e4b-eb7f-c878-4bd994912c93" executionId="65deb1c8-943b-41ae-8106-d6a70c01b06b" testListId="8c84fa94-04c1-424b-9868-57a2d4851a1d" />
    <TestEntry testId="b0d813c6-2d1d-7325-b2e4-676db46299ab" executionId="91abb6ec-9f8f-4cd4-8929-9a2f3d4bfc53" testListId="8c84fa94-04c1-424b-9868-57a2d4851a1d" />
    <TestEntry testId="bba96e88-0c46-1049-b92e-c71efd650fcc" executionId="f5144575-abc0-4334-8cb0-8308d6ce2340" testListId="8c84fa94-04c1-424b-9868-57a2d4851a1d" />
    <TestEntry testId="56a26f24-762c-a041-658f-00d85259b47c" executionId="baca661c-49c6-4d6d-b9c1-ff6edcdcc334" testListId="8c84fa94-04c1-424b-9868-57a2d4851a1d" />
    <TestEntry testId="9c4cca45-a551-9801-bf82-baf50a0ef24d" executionId="8c5d6358-4d8d-4fbc-ae42-ecb04f43e4ff" testListId="8c84fa94-04c1-424b-9868-57a2d4851a1d" />
    <TestEntry testId="5464c57e-263e-25d0-b004-e111cf03b5d9" executionId="e3b4d845-a8cf-4046-ae73-befacdf79f92" testListId="8c84fa94-04c1-424b-9868-57a2d4851a1d" />
    <TestEntry testId="35eb99ae-1029-12e2-6987-addea7c559a9" executionId="d95725d6-9574-4a84-bc70-65f6a47b3dfc" testListId="8c84fa94-04c1-424b-9868-57a2d4851a1d" />
    <TestEntry testId="344ed430-35b5-5dab-401a-688ea32965e8" executionId="3b6f0b8c-83c9-4b70-ab23-8c73d5bed4a7" testListId="8c84fa94-04c1-424b-9868-57a2d4851a1d" />
    <TestEntry testId="6f8f47ec-dd5a-1d02-641c-d707e6eb6db8" executionId="7652e083-3d48-4519-a5a9-d0ade1a285d9" testListId="8c84fa94-04c1-424b-9868-57a2d4851a1d" />
    <TestEntry testId="ee82f0ed-39af-6a83-d3cd-39f7ae33a64e" executionId="0a3f29ae-fb89-4e35-8998-529d90b3ed72" testListId="8c84fa94-04c1-424b-9868-57a2d4851a1d" />
    <TestEntry testId="4a7d3bb7-c11b-9204-8c33-52bf4ae97dc9" executionId="6ff9b735-7a71-4451-b712-6c4614dc418f" testListId="8c84fa94-04c1-424b-9868-57a2d4851a1d" />
    <TestEntry testId="17b7dbe0-cd50-22b5-68cb-95e36f7776a5" executionId="780c0ffc-3fbd-4b55-95b7-01e06190f321" testListId="8c84fa94-04c1-424b-9868-57a2d4851a1d" />
    <TestEntry testId="eb8a71a9-6a0e-64ec-060e-0bad80d82987" executionId="e3ec91b0-3e29-4c1c-ac3c-178dee6d1ac7" testListId="8c84fa94-04c1-424b-9868-57a2d4851a1d" />
    <TestEntry testId="ff4f5ff4-1776-603f-ccf1-42cb956b4634" executionId="b62249a2-5426-4815-8415-ee765ec33daf" testListId="8c84fa94-04c1-424b-9868-57a2d4851a1d" />
    <TestEntry testId="c14b5f26-fc78-e64a-2db3-2fb4e575a26f" executionId="1ddba0be-e051-4667-b1bd-5fd43919ba1a" testListId="8c84fa94-04c1-424b-9868-57a2d4851a1d" />
    <TestEntry testId="3b6d140b-f368-283d-ba11-53a9e8b4f692" executionId="f8181c64-a3c7-4eb5-91ac-1b5c959e1593" testListId="8c84fa94-04c1-424b-9868-57a2d4851a1d" />
    <TestEntry testId="49ac9afa-eabe-cafb-dd9b-2b5675b16717" executionId="e2bac650-3b01-4916-b6a3-7f9d32e1ac2c" testListId="8c84fa94-04c1-424b-9868-57a2d4851a1d" />
    <TestEntry testId="90c810a1-a442-a9ee-6085-ecd2117b6f34" executionId="321b6740-827b-45d5-80f5-9319663175bb" testListId="8c84fa94-04c1-424b-9868-57a2d4851a1d" />
    <TestEntry testId="42b172d1-54db-5b0c-0a71-d1c16157b6c1" executionId="1cf334e0-ceed-4090-937c-d519333aff99" testListId="8c84fa94-04c1-424b-9868-57a2d4851a1d" />
    <TestEntry testId="4a0bc8d0-a691-b737-3bc9-4f99061274a5" executionId="a0134bce-be4a-477f-a6d8-abbcb82d858e" testListId="8c84fa94-04c1-424b-9868-57a2d4851a1d" />
    <TestEntry testId="dd3cf2e9-2757-3f21-1d8c-ee3e2cd447b7" executionId="8a3818cc-e2b2-4a0c-98cb-636dba9247dc" testListId="8c84fa94-04c1-424b-9868-57a2d4851a1d" />
    <TestEntry testId="4d97ad49-3f91-6c19-88bb-e73816e8b593" executionId="4409125d-ee1f-439d-be85-3ba9e8130e57" testListId="8c84fa94-04c1-424b-9868-57a2d4851a1d" />
    <TestEntry testId="ea9b9f1a-35ca-6d57-2cd0-99718db0cf16" executionId="b0e2fd95-28a7-4956-8760-c1aaaac1a226" testListId="8c84fa94-04c1-424b-9868-57a2d4851a1d" />
    <TestEntry testId="2b84af2d-5e0c-1f0e-e259-7a302c2afaa7" executionId="4f0c17c2-94aa-43f1-8817-950bb98e6cb9" testListId="8c84fa94-04c1-424b-9868-57a2d4851a1d" />
    <TestEntry testId="7059445c-bbef-8889-39a2-3df27bf8116a" executionId="8570d7ab-148d-4a88-b9dc-033958304309" testListId="8c84fa94-04c1-424b-9868-57a2d4851a1d" />
    <TestEntry testId="3cc991e6-c303-19ce-0ac5-bc516e520d8f" executionId="8e6321d7-1f26-4eb7-b499-fe1309fdf7bf" testListId="8c84fa94-04c1-424b-9868-57a2d4851a1d" />
    <TestEntry testId="331cb783-92ab-ff7b-ff36-01a09003c7e5" executionId="fedee280-3bc2-429b-9a98-3751cae23a79" testListId="8c84fa94-04c1-424b-9868-57a2d4851a1d" />
    <TestEntry testId="8f00ebc5-2354-e38f-05e3-3dce6472c37f" executionId="eeb57d21-fc47-4551-b3eb-59c38ecd8682" testListId="8c84fa94-04c1-424b-9868-57a2d4851a1d" />
    <TestEntry testId="4399dd07-189c-254a-e3d0-501cbbedfb11" executionId="bb26742e-8aa4-4311-9a93-bbe76fd7e6af" testListId="8c84fa94-04c1-424b-9868-57a2d4851a1d" />
    <TestEntry testId="dc8b681a-bb51-4583-0923-e3fb487cb980" executionId="20c1d5ca-28d4-4185-b158-83d17882d4dd" testListId="8c84fa94-04c1-424b-9868-57a2d4851a1d" />
    <TestEntry testId="97e1390f-0b15-8b41-247c-ac54852255ae" executionId="370cf475-e726-428c-8bc0-c28d1d23dc46" testListId="8c84fa94-04c1-424b-9868-57a2d4851a1d" />
    <TestEntry testId="ebb55b03-0597-edfb-ef71-789b5c35a5a5" executionId="300185e7-3c7e-46f2-b86a-2778c21b09ca" testListId="8c84fa94-04c1-424b-9868-57a2d4851a1d" />
    <TestEntry testId="b7535f38-0f6e-bc3c-b193-094e1a853c5e" executionId="d9f8c8db-afc0-454c-a04f-3cfb277fe45f" testListId="8c84fa94-04c1-424b-9868-57a2d4851a1d" />
    <TestEntry testId="772e282e-e5f0-b32d-8bda-11b2654de7bb" executionId="66b503d4-ee9d-4069-b853-000a8d0cba0a" testListId="8c84fa94-04c1-424b-9868-57a2d4851a1d" />
    <TestEntry testId="2d7e50cd-0a18-8ce7-0f32-6613735b55d1" executionId="3c943ee1-8d8f-4131-843b-3ae115e3b017" testListId="8c84fa94-04c1-424b-9868-57a2d4851a1d" />
    <TestEntry testId="587a4ec2-ed87-ecd9-254a-c896440bc97d" executionId="38d4fd47-b463-48ad-885d-e8622878cbfe" testListId="8c84fa94-04c1-424b-9868-57a2d4851a1d" />
    <TestEntry testId="10c9a52c-0cb2-5a42-8d72-1fadb12acf88" executionId="674f06e2-263c-4400-b0db-acef9aaf6184" testListId="8c84fa94-04c1-424b-9868-57a2d4851a1d" />
    <TestEntry testId="1d5bccf8-c211-ee90-26c3-083b50df733b" executionId="ad6c0907-7f44-42d5-bcb3-cf160b707361" testListId="8c84fa94-04c1-424b-9868-57a2d4851a1d" />
    <TestEntry testId="c9087f51-2cc7-0674-8581-45b6b1e7710f" executionId="3b94efdf-3865-4af8-a38e-53060f7f66d6" testListId="8c84fa94-04c1-424b-9868-57a2d4851a1d" />
    <TestEntry testId="bcc23991-1968-e7b6-f6d1-6bbc2d4ac86b" executionId="aff0e89b-28fa-483b-b314-4629c63c1ea0" testListId="8c84fa94-04c1-424b-9868-57a2d4851a1d" />
    <TestEntry testId="26cc5385-a1c7-cf1f-0b9f-4c282438dff8" executionId="26a95ace-17af-4871-bc0a-4d6b1d2217a1" testListId="8c84fa94-04c1-424b-9868-57a2d4851a1d" />
    <TestEntry testId="86866cdf-b42c-da67-7074-7040c70fea16" executionId="c87eee25-f14b-49b4-9e46-deb2fd60411a" testListId="8c84fa94-04c1-424b-9868-57a2d4851a1d" />
    <TestEntry testId="b5b5dc5e-dcc5-a96c-a912-25ba655e9acf" executionId="79f4d3c5-e416-4967-9f4e-76ef5863e0fb" testListId="8c84fa94-04c1-424b-9868-57a2d4851a1d" />
    <TestEntry testId="99fd1706-ef02-930c-3983-2d96c338c35c" executionId="ddf27b24-ffd4-4872-b700-5095ead9ac06" testListId="8c84fa94-04c1-424b-9868-57a2d4851a1d" />
    <TestEntry testId="98218dc4-6509-b13d-f868-db0362cee034" executionId="8f90518a-8ba1-4f4c-a91f-f463721cbf7a" testListId="8c84fa94-04c1-424b-9868-57a2d4851a1d" />
    <TestEntry testId="f2247ffb-dc40-e769-e0d1-6c86837474aa" executionId="949f9b85-c375-4bc2-80b1-09999cfbbb0a" testListId="8c84fa94-04c1-424b-9868-57a2d4851a1d" />
    <TestEntry testId="7044e643-d53c-39de-d359-0b69ca0a19ac" executionId="11d351fe-be42-4e8b-a2a6-8c75487a2de4" testListId="8c84fa94-04c1-424b-9868-57a2d4851a1d" />
    <TestEntry testId="0cfa39aa-0ade-15a5-1e82-274b017faaf5" executionId="7baef86a-c108-43fe-a251-ea9812bbd650" testListId="8c84fa94-04c1-424b-9868-57a2d4851a1d" />
    <TestEntry testId="91e5d4a7-fc21-2adc-e2d8-837512fb0888" executionId="1b7d3a3e-c409-4bca-b4ec-50a50c9bd25b" testListId="8c84fa94-04c1-424b-9868-57a2d4851a1d" />
    <TestEntry testId="2c599096-af7b-ef96-9c41-4d8e5aec7b01" executionId="8ced8e74-789e-4e50-8ec0-4999bd5a9643" testListId="8c84fa94-04c1-424b-9868-57a2d4851a1d" />
    <TestEntry testId="4d6ebb4b-09ff-05ac-4b65-a5132198dd57" executionId="a9890a51-e3ea-4d35-b982-e5e603206967" testListId="8c84fa94-04c1-424b-9868-57a2d4851a1d" />
    <TestEntry testId="4524542b-214b-2d1a-bf7b-eb341690b09a" executionId="6da1a29c-876b-4eac-a3ac-2fedcac9c980" testListId="8c84fa94-04c1-424b-9868-57a2d4851a1d" />
    <TestEntry testId="e138ae6a-2faf-5c28-506e-c616218ffa4a" executionId="5de59736-dd90-4176-8b74-61901773b635" testListId="8c84fa94-04c1-424b-9868-57a2d4851a1d" />
  </TestEntries>
  <TestLists>
    <TestList name="Results Not in a List" id="8c84fa94-04c1-424b-9868-57a2d4851a1d" />
    <TestList name="All Loaded Results" id="19431567-8539-422a-85d7-44ee4e166bda" />
  </TestLists>
  <ResultSummary outcome="Completed">
    <Counters total="476" executed="476" passed="476" failed="0" error="0" timeout="0" aborted="0" inconclusive="0" passedButRunAborted="0" notRunnable="0" notExecuted="0" disconnected="0" warning="0" completed="0" inProgress="0" pending="0" />
    <Output>
      <StdOut>[xUnit.net 00:00:00.00] xUnit.net VSTest Adapter v3.1.4+50e68bbb8b (64-bit .NET 10.0.9)&#xD;
[xUnit.net 00:00:00.96]   Discovering: Deep.Client.Shared.Tests&#xD;
[xUnit.net 00:00:01.07]   Discovered:  Deep.Client.Shared.Tests&#xD;
[xUnit.net 00:00:01.14]   Starting:    Deep.Client.Shared.Tests&#xD;
[xUnit.net 00:00:26.07]   Finished:    Deep.Client.Shared.Tests&#xD;
</StdOut>
    </Output>
  </ResultSummary>
</TestRun>